2022-09-27T07:06:01.228371,0.00,14.97,658.60,79.99,132.49,208.95,947.67,3.37
2022-09-27T07:07:01.809916,2.00,15.06,658.60,79.99,160.69,207.88,942.58,3.38
2022-09-27T07:08:01.404679,0.00,15.15,658.60,79.99,123.08,208.09,946.64,3.39
2022-09-27T07:09:01.988135,0.00,15.02,658.60,79.99,71.63,207.60,937.55,3.38
2022-09-27T07:10:01.575977,0.00,15.06,658.60,79.99,338.89,207.04,944.61,3.40
2022-09-27T07:11:02.158667,0.00,15.15,658.60,79.99,534.95,207.04,940.56,3.40
2022-09-27T07:12:01.738437,0.00,15.15,658.60,79.99,649.13,206.48,928.62,3.40
2022-09-27T07:13:01.320614,0.00,15.02,658.60,79.99,730.03,205.78,918.88,3.39
2022-09-27T07:14:01.913180,0.00,15.02,658.60,79.99,739.22,204.88,901.82,3.39
2022-09-27T07:15:01.497378,0.00,15.02,658.60,79.99,758.97,204.12,890.78,3.38
2022-09-27T07:16:02.079859,0.00,14.97,658.60,79.99,739.16,201.61,881.77,3.37
2022-09-27T07:17:01.664398,0.00,14.80,658.60,79.99,744.60,202.35,881.77,3.38
2022-09-27T07:18:01.247462,0.00,15.33,658.60,79.99,531.28,202.35,872.93,3.38
2022-09-27T07:19:01.829625,0.00,14.97,658.60,79.99,662.17,201.34,866.85,3.37
2022-09-27T07:20:01.418881,0.00,15.15,658.60,79.99,709.40,201.00,863.40,3.38
2022-09-27T07:21:01.998651,0.00,14.97,658.60,79.99,320.86,200.47,850.72,3.38
2022-09-27T07:22:01.579202,0.00,14.97,658.60,79.99,72.18,200.53,854.91,3.38
2022-09-27T07:23:02.159958,0.00,15.15,658.60,79.99,46.99,200.60,850.72,3.38
2022-09-27T07:24:01.740437,0.00,14.97,658.60,79.99,48.52,200.73,854.91,3.38
2022-09-27T07:25:01.324162,0.00,15.15,658.60,79.99,289.67,200.00,844.91,3.37
2022-09-27T07:26:01.912689,0.00,15.02,658.60,79.99,120.69,199.07,829.53,3.34
2022-09-27T07:27:01.497669,0.00,14.97,658.60,79.99,52.62,198.81,836.75,3.36
2022-09-27T07:28:02.071732,0.00,15.15,658.60,79.99,27.11,199.07,844.09,3.37
2022-09-27T07:29:01.666768,0.00,15.33,658.60,79.99,14.75,198.55,843.27,3.34
2022-09-27T07:30:01.249393,0.00,14.97,658.60,79.99,14.20,198.09,810.84,3.31
2022-09-27T07:31:01.834464,0.00,14.92,658.60,79.99,13.83,198.22,845.74,3.34
2022-09-27T07:32:01.417810,0.00,14.97,658.60,79.99,10.53,198.35,842.45,3.34
2022-09-27T07:33:02.014706,0.00,15.15,658.60,79.99,11.69,197.82,842.45,3.34
2022-09-27T07:34:01.593961,0.00,15.15,658.60,79.99,16.34,197.89,849.88,3.34
2022-09-27T07:35:02.174227,0.00,15.02,658.60,79.99,18.85,198.28,856.59,3.34
2022-09-27T07:36:01.757847,0.00,15.19,658.60,79.99,19.77,197.30,813.14,3.28
2022-09-27T07:37:01.338864,0.00,14.97,658.60,79.99,20.51,196.72,840.82,3.31
2022-09-27T07:38:01.919747,0.00,15.15,658.60,79.99,19.72,196.46,839.19,3.31
2022-09-27T07:39:01.499111,0.00,15.02,658.60,79.99,26.08,196.85,835.95,3.28
2022-09-27T07:40:02.084213,0.00,15.19,658.60,79.99,120.37,196.52,849.05,3.31
2022-09-27T07:41:01.667803,0.00,14.97,658.60,79.99,159.42,195.75,847.39,3.30
2022-09-27T07:42:01.249339,0.00,14.97,658.60,79.99,137.03,195.75,855.75,3.32
2022-09-27T07:43:01.825367,0.00,15.06,658.60,79.99,42.23,195.94,861.69,3.33
2022-09-27T07:44:01.413208,0.00,15.06,658.60,79.99,61.27,195.75,868.58,3.36
2022-09-27T07:45:01.997025,0.00,15.37,658.60,79.99,58.20,196.20,874.69,3.38
2022-09-27T07:46:01.579971,0.00,15.19,658.60,79.99,43.03,196.39,872.93,3.39
2022-09-27T07:47:02.164815,0.00,15.02,658.60,79.99,28.77,196.52,872.93,3.42
2022-09-27T07:48:01.747509,0.00,15.02,658.60,79.99,23.75,196.14,872.93,3.43
2022-09-27T07:49:01.344812,0.00,15.24,658.60,79.99,21.61,196.20,878.22,3.46
2022-09-27T07:50:01.928255,5.00,15.24,658.60,79.99,24.18,196.65,880.88,3.49
2022-09-27T07:51:01.508517,0.00,15.19,658.60,79.99,15.92,196.39,880.88,3.51
2022-09-27T07:52:02.088381,0.00,15.33,658.60,79.99,13.04,196.85,890.78,3.54
2022-09-27T07:53:01.668512,0.00,15.42,658.60,79.99,11.69,196.46,892.60,3.56
2022-09-27T07:54:01.254948,0.00,15.15,658.60,79.99,10.35,196.72,879.99,3.54
2022-09-27T07:55:01.836993,0.00,15.42,658.60,79.99,9.00,196.33,894.43,3.57
2022-09-27T07:56:01.419482,0.00,15.19,658.60,79.99,10.95,196.59,905.56,3.57
2022-09-27T07:57:02.012079,0.00,15.42,658.60,79.99,11.14,196.65,902.75,3.59
2022-09-27T07:58:01.590564,0.00,15.42,658.60,79.99,11.51,196.52,908.38,3.61
2022-09-27T07:59:02.170852,0.00,15.42,658.60,79.99,9.74,196.72,911.22,3.65
2022-09-27T08:00:01.755412,0.00,15.42,658.60,79.99,13.04,196.72,917.91,3.67
2022-09-27T08:01:01.339165,0.00,15.42,658.60,79.99,11.69,196.01,916.95,3.68
2022-09-27T08:02:01.920991,0.00,15.19,658.60,79.99,12.49,196.85,924.70,3.71
2022-09-27T08:03:01.505333,0.00,15.42,658.60,79.99,13.46,196.78,917.91,3.73
2022-09-27T08:04:02.087589,0.00,15.42,658.60,79.99,11.14,197.17,929.60,3.77
2022-09-27T08:05:01.668586,1.00,15.42,658.60,79.99,11.14,197.24,936.55,3.82
2022-09-27T08:06:01.248823,0.00,15.42,658.60,79.99,12.49,197.69,937.55,3.87
2022-09-27T08:07:01.830334,0.00,15.42,658.60,79.99,15.18,197.50,939.56,3.91
2022-09-27T08:08:01.415383,2.00,15.42,658.60,79.99,15.73,197.69,937.55,3.93
2022-09-27T08:09:01.989039,0.00,15.42,658.60,79.99,15.31,197.82,938.55,3.95
2022-09-27T08:10:01.584208,0.00,15.42,658.60,79.99,16.65,197.69,930.59,3.97
2022-09-27T08:11:02.168370,0.00,15.42,658.60,79.99,14.87,198.61,934.55,4.01
2022-09-27T07:42:01.921314,0.00,14.48,658.60,79.99,17.39,199.54,921.78,4.07
2022-09-27T07:43:01.570804,0.00,15.37,658.60,79.99,23.81,199.47,925.67,4.12
2022-09-27T08:14:12.303469,0.00,15.42,658.60,79.99,20.32,199.40,928.62,4.16
2022-09-27T08:15:01.895419,0.00,15.42,658.60,79.99,17.26,199.34,944.61,4.19
2022-09-27T08:16:01.480146,0.00,15.42,658.60,79.99,16.89,200.20,961.13,4.27
2022-09-27T08:17:02.055337,0.00,15.42,658.60,79.99,19.22,200.27,961.13,4.32
2022-09-27T08:18:01.640438,1.00,15.42,658.60,79.99,15.31,200.27,973.89,4.40
2022-09-27T08:19:01.215547,0.00,15.37,658.60,79.99,17.45,200.27,970.67,4.44
2022-09-27T08:20:01.790927,0.00,15.24,658.60,79.99,21.54,200.93,978.21,4.50
2022-09-27T08:21:01.369603,0.00,15.24,658.60,79.99,20.19,200.87,979.29,4.54
2022-09-27T08:22:01.952563,0.00,15.37,658.60,79.99,17.08,200.93,976.04,4.58
2022-09-27T08:23:01.548876,0.00,15.06,658.60,79.99,20.19,200.40,952.80,4.56
2022-09-27T08:24:02.125250,0.00,15.24,658.60,79.99,15.73,200.40,952.80,4.59
2022-09-27T08:25:01.706520,2.00,15.37,658.60,79.99,18.06,200.93,962.18,4.64
2022-09-27T08:26:01.287325,0.00,15.42,658.60,79.99,21.91,201.07,953.84,4.67
2022-09-27T08:27:01.871071,0.00,15.19,658.60,79.99,28.27,201.20,956.95,4.70
2022-09-27T08:28:01.453039,0.00,15.42,658.60,79.99,30.91,201.67,952.80,4.73
2022-09-27T08:29:02.034733,0.00,15.42,658.60,79.99,46.20,201.94,952.80,4.76
2022-09-27T08:30:01.616079,0.00,15.37,658.60,79.99,94.55,201.34,954.87,4.79
2022-09-27T08:31:02.200483,0.00,15.15,658.60,79.99,51.21,201.81,959.04,4.83
2022-09-27T08:32:01.793314,0.00,15.33,658.60,79.99,91.12,201.07,937.55,4.81
2022-09-27T08:33:01.373236,1.00,15.37,658.60,79.99,82.92,200.87,943.59,4.85
2022-09-27T08:34:01.960665,0.00,14.97,658.60,79.99,173.53,200.67,930.59,4.85
2022-09-27T08:35:01.548857,0.00,15.19,658.60,79.99,175.30,201.27,919.84,4.83
2022-09-27T08:36:02.124878,0.00,15.24,658.60,79.99,173.77,201.07,914.08,4.86
2022-09-27T08:37:01.705830,0.00,15.33,658.60,79.99,167.72,201.47,904.62,4.85
2022-09-27T08:38:01.286120,0.00,14.97,658.60,79.99,175.30,200.80,882.67,4.83
2022-09-27T08:39:01.866457,0.00,14.97,658.60,79.99,169.67,200.87,865.98,4.82
2022-09-27T08:40:01.450429,0.00,15.02,658.60,79.99,169.06,200.73,853.23,4.80
2022-09-27T08:41:02.034801,5.00,15.37,658.60,79.99,142.43,201.07,846.56,4.80
2022-09-27T08:42:01.614660,0.00,14.97,658.60,79.99,169.86,200.53,836.75,4.79
2022-09-27T08:43:01.199795,0.00,15.02,658.60,79.99,160.99,199.67,820.87,4.76
2022-09-27T08:44:01.782876,0.00,15.02,658.60,79.99,156.52,199.47,813.14,4.74
2022-09-27T08:45:01.369692,2.00,14.97,658.60,79.99,158.29,199.47,804.79,4.73
2022-09-27T08:46:01.942500,0.00,14.97,658.60,79.99,155.60,199.40,807.05,4.72
2022-09-27T08:47:01.535864,0.00,15.15,658.60,79.99,151.69,198.74,793.66,4.69
2022-09-27T08:48:02.116771,1.00,14.97,658.60,79.99,155.36,197.89,785.67,4.67
2022-09-27T08:49:01.702423,0.00,15.33,658.60,79.99,152.80,198.41,784.24,4.65
2022-09-27T08:50:01.296640,0.00,14.97,658.60,79.99,159.40,198.61,783.52,4.62
2022-09-27T08:51:01.879543,0.00,14.97,658.60,79.99,161.85,197.76,780.67,4.65
2022-09-27T08:52:01.445277,0.00,14.97,658.60,79.99,167.00,196.85,774.33,4.63
2022-09-27T08:53:02.030485,0.00,14.97,658.60,79.99,169.27,196.52,766.02,4.60
2022-09-27T08:54:01.612914,0.00,14.97,658.60,79.99,146.12,195.75,763.97,4.60
2022-09-27T08:55:02.192568,0.00,14.97,658.60,79.99,175.39,195.81,764.65,4.60
2022-09-27T08:56:01.775682,0.00,15.19,658.60,79.99,83.25,195.69,763.97,4.59
2022-09-27T08:57:01.361041,0.00,14.97,658.60,79.99,116.24,195.43,765.33,4.59
2022-09-27T08:58:01.953440,0.00,15.10,658.60,79.99,87.79,195.49,761.25,4.57
2022-09-27T08:59:01.534985,0.00,14.97,658.60,79.99,101.08,194.79,762.60,4.58
2022-09-27T09:00:02.118772,0.00,14.97,658.60,79.99,21.43,194.34,757.20,4.56
2022-09-27T09:01:01.702247,2.00,14.92,658.60,79.99,15.31,194.53,761.25,4.56
2022-09-27T09:02:01.279439,0.00,14.97,658.60,79.99,12.25,194.09,749.23,4.51
2022-09-27T09:03:01.863141,0.00,15.15,658.60,79.99,7.64,193.96,742.70,4.49
2022-09-27T09:04:01.443742,0.00,14.92,658.60,79.99,9.37,194.03,751.21,4.50
2022-09-27T09:05:02.024772,3.00,14.97,658.60,79.99,8.39,194.09,744.00,4.47
2022-09-27T09:06:01.610496,0.00,14.97,658.60,79.99,10.72,194.34,747.92,4.47
2022-09-27T09:07:02.183945,0.00,14.97,658.60,79.99,8.89,194.34,742.06,4.46
2022-09-27T09:08:01.765471,0.00,15.15,658.60,79.99,12.25,194.60,753.86,4.47
2022-09-27T09:09:01.346402,0.00,14.97,658.60,79.99,15.73,193.96,763.97,4.51
2022-09-27T09:10:01.930528,0.00,14.97,658.60,79.99,14.94,193.84,763.29,4.51
2022-09-27T09:11:01.513052,0.00,14.97,658.60,79.99,15.73,193.65,771.54,4.52
2022-09-27T09:12:02.103258,0.00,14.97,658.60,79.99,14.57,193.65,754.53,4.49
2022-09-27T09:13:01.689421,0.00,14.97,658.60,79.99,15.73,193.58,770.15,4.51
2022-09-27T09:14:01.271031,0.00,14.97,658.60,79.99,18.85,193.46,768.08,4.50
2022-09-27T09:15:01.860768,2.00,14.97,658.60,79.99,15.73,193.08,765.33,4.48
2022-09-27T09:16:01.434243,0.00,15.02,658.60,79.99,15.73,192.76,755.19,4.45
2022-09-27T09:17:02.022062,0.00,14.97,658.60,79.99,14.57,192.32,753.86,4.44
2022-09-27T09:18:01.608578,0.00,14.76,658.60,79.99,15.55,192.14,742.70,4.39
2022-09-27T09:19:02.192013,3.00,14.97,658.60,79.99,14.57,191.95,738.84,4.36
2022-09-27T09:20:01.774041,0.00,14.76,658.60,79.99,14.75,191.39,731.85,4.33
2022-09-27T09:21:01.352289,0.00,14.97,658.60,79.99,14.75,191.33,728.71,4.31
2022-09-27T09:22:01.933937,0.00,14.97,658.60,79.99,15.73,190.58,721.90,4.27
2022-09-27T09:23:01.520099,0.00,14.97,658.60,79.99,15.73,190.22,725.60,4.26
2022-09-27T09:24:02.111052,0.00,14.97,658.60,79.99,15.92,190.71,736.28,4.28
2022-09-27T09:25:01.694486,0.00,14.97,658.60,79.99,15.31,190.28,741.41,4.28
2022-09-27T09:26:01.280594,0.00,14.92,658.60,79.99,18.79,190.09,745.30,4.27
2022-09-27T09:27:01.862379,4.00,14.97,658.60,79.99,19.95,189.54,745.95,4.27
2022-09-27T09:28:01.454970,0.00,14.97,658.60,79.99,16.65,189.17,747.26,4.27
2022-09-27T09:29:02.035648,0.00,14.97,658.60,79.99,16.47,188.08,740.77,4.25
2022-09-27T09:30:01.617099,0.00,14.97,658.60,79.99,17.45,188.99,743.35,4.25
2022-09-27T09:31:01.201922,0.00,14.97,658.60,79.99,15.31,189.11,748.57,4.25
2022-09-27T09:32:01.796604,0.00,14.76,658.60,79.99,15.12,189.24,755.86,4.26
2022-09-27T09:33:01.376188,0.00,14.76,658.60,79.99,12.61,189.11,761.93,4.28
2022-09-27T09:34:01.960102,0.00,14.97,658.60,79.99,11.27,188.14,757.87,4.27
2022-09-27T09:35:01.538617,0.00,14.97,658.60,79.99,12.61,188.38,774.33,4.30
2022-09-27T09:36:02.116621,0.00,14.97,658.60,79.99,15.31,188.26,780.67,4.34
2022-09-27T09:37:01.700792,0.00,14.97,658.60,79.99,16.65,187.72,787.84,4.35
2022-09-27T09:38:01.283493,0.00,14.76,658.60,79.99,21.12,188.02,797.33,4.39
2022-09-27T09:39:01.865293,0.00,14.97,658.60,79.99,18.00,188.44,803.29,4.42
2022-09-27T09:40:01.448453,0.00,14.97,658.60,79.99,22.28,188.26,806.29,4.44
2022-09-27T09:41:02.031241,0.00,14.76,658.60,79.99,21.85,188.14,803.29,4.45
2022-09-27T09:42:01.612530,0.00,14.76,658.60,79.99,26.08,187.78,808.56,4.47
2022-09-27T09:43:02.201052,0.00,14.97,658.60,79.99,28.77,188.44,810.84,4.49
2022-09-27T09:44:01.794234,0.00,14.92,658.60,79.99,26.08,187.60,807.80,4.49
2022-09-27T09:45:01.374527,0.00,14.97,658.60,79.99,23.75,186.76,810.84,4.51
2022-09-27T09:46:01.959768,0.00,14.97,658.60,79.99,26.69,187.66,815.44,4.54
2022-09-27T09:47:01.537393,0.00,14.97,658.60,79.99,21.85,187.24,813.90,4.56
2022-09-27T09:48:02.121388,0.00,14.97,658.60,79.99,18.37,187.36,816.98,4.58
2022-09-27T09:49:01.703689,0.00,14.97,658.60,79.99,18.37,187.60,821.65,4.60
2022-09-27T09:50:01.306986,0.00,14.76,658.60,79.99,18.37,187.48,825.57,4.63
2022-09-27T09:51:01.890940,0.00,14.97,658.60,79.99,23.02,188.51,840.00,4.70
2022-09-27T09:52:01.472782,0.00,14.97,658.60,79.99,23.20,188.63,842.45,4.73
2022-09-27T09:53:02.066715,0.00,14.97,658.60,79.99,18.37,188.38,844.91,4.76
2022-09-27T09:54:01.650310,0.00,15.15,658.60,79.99,21.12,188.08,837.56,4.79
2022-09-27T09:55:01.245121,0.00,14.97,658.60,79.99,19.77,187.60,831.93,4.79
2022-09-27T09:56:01.830919,0.00,14.97,658.60,79.99,15.31,187.72,825.57,4.78
2022-09-27T09:57:01.414184,0.00,14.92,658.60,79.99,17.08,188.51,824.00,4.80
2022-09-27T09:58:02.002510,0.00,14.97,658.60,79.99,14.75,188.38,824.00,4.82
2022-09-27T09:59:01.599772,0.00,14.97,658.60,79.99,12.25,188.38,835.14,4.87
2022-09-27T10:00:02.184146,0.00,14.97,658.60,79.99,11.69,187.42,831.13,4.90
2022-09-27T10:01:01.772314,0.00,14.76,658.60,79.99,10.35,188.14,830.33,4.88
2022-09-27T10:02:01.358899,0.00,15.10,658.60,79.99,8.39,188.57,844.91,4.97
2022-09-27T10:03:01.952596,0.00,14.97,658.60,79.99,13.04,188.93,844.09,4.99
2022-09-27T10:04:01.534725,0.00,14.92,658.60,79.99,15.73,189.42,850.72,5.04
2022-09-27T10:05:02.120837,0.00,14.76,658.60,79.99,17.45,189.42,851.55,5.08
2022-09-27T10:06:01.716515,0.00,14.92,658.60,79.99,18.79,189.66,850.72,5.11
2022-09-27T10:07:01.291915,0.00,14.97,658.60,79.99,21.12,189.60,849.05,5.11
2022-09-27T10:08:01.874121,0.00,15.02,658.60,79.99,21.30,189.97,849.88,5.15
2022-09-27T10:09:01.455157,0.00,15.19,658.60,79.99,22.65,190.34,862.55,5.20
2022-09-27T10:10:02.034905,0.00,15.02,658.60,79.99,23.99,190.71,872.93,5.25
2022-09-27T10:11:01.616747,0.00,14.97,658.60,79.99,23.02,190.83,872.93,5.29
2022-09-27T10:12:01.200073,0.00,14.97,658.60,79.99,20.51,190.71,871.19,5.31
2022-09-27T10:13:01.782675,0.00,15.15,658.60,79.99,18.79,190.77,859.99,5.33
2022-09-27T10:14:01.356298,0.00,15.15,658.60,79.99,15.31,191.14,869.45,5.37
2022-09-27T10:15:01.941000,0.00,14.97,658.60,79.99,17.45,192.01,872.93,5.42
2022-09-27T10:16:01.519305,0.00,14.97,658.60,79.99,17.63,192.45,877.33,5.46
2022-09-27T10:17:02.107182,0.00,14.97,658.60,79.99,16.84,193.01,884.46,5.51
2022-09-27T10:18:01.691099,0.00,15.06,658.60,79.99,18.79,193.01,881.77,5.53
2022-09-27T10:19:01.273650,0.00,15.15,658.60,79.99,18.61,193.27,889.87,5.59
2022-09-27T10:20:01.859846,0.00,15.02,658.60,79.99,16.65,193.52,886.26,5.62
2022-09-27T10:21:01.433121,0.00,14.97,658.60,79.99,14.70,193.58,887.16,5.65
2022-09-27T10:22:02.013883,0.00,14.97,658.60,79.99,17.39,193.58,882.67,5.66
2022-09-27T10:23:01.604068,0.00,14.97,658.60,79.99,20.08,193.58,870.32,5.66
2022-09-27T10:24:02.184722,0.00,14.80,658.60,79.99,22.96,194.28,872.06,5.70
2022-09-27T10:25:01.769210,0.00,14.97,658.60,79.99,28.77,194.41,870.32,5.71
2022-09-27T10:26:01.347338,0.00,14.76,658.60,79.99,25.84,194.85,878.22,5.72
2022-09-27T10:27:01.939106,0.00,14.97,658.60,79.99,29.14,194.41,867.71,5.72
2022-09-27T10:28:01.514865,0.00,14.92,658.60,79.99,31.46,194.15,866.85,5.74
2022-09-27T10:29:02.104449,0.00,14.97,658.60,79.99,29.69,193.96,860.84,5.73
2022-09-27T10:30:01.689825,0.00,14.76,658.60,79.99,29.69,194.34,857.44,5.73
2022-09-27T10:31:01.272304,0.00,14.97,658.60,79.99,31.83,194.03,854.06,5.74
2022-09-27T10:32:01.862887,0.00,14.97,658.60,79.99,31.83,194.09,849.05,5.74
2022-09-27T10:33:01.444952,0.00,14.97,658.60,79.99,30.49,194.85,853.23,5.77
2022-09-27T10:34:02.029599,0.00,14.76,658.60,79.99,31.65,194.79,849.88,5.79
2022-09-27T10:35:01.616770,0.00,14.97,658.60,79.99,37.03,195.62,859.13,5.81
2022-09-27T10:36:02.201215,0.00,14.92,658.60,79.99,42.23,195.69,857.44,5.84
2022-09-27T10:37:01.787971,0.00,14.97,658.60,79.99,39.54,195.49,862.55,5.87
2022-09-27T10:38:01.379074,0.00,14.97,658.60,79.99,38.38,195.94,869.45,5.92
2022-09-27T10:39:01.962344,0.00,14.97,658.60,79.99,39.96,196.01,876.45,5.96
2022-09-27T10:40:01.540014,0.00,15.02,658.60,79.99,39.91,196.85,880.88,5.99
2022-09-27T10:41:02.123069,0.00,14.97,658.60,79.99,46.83,197.37,883.56,6.04
2022-09-27T10:42:01.705376,0.00,14.97,658.60,79.99,55.09,197.63,882.67,6.06
2022-09-27T10:43:01.286189,0.00,15.10,658.60,79.99,55.64,197.43,874.69,6.09
2022-09-27T10:44:01.867496,0.00,15.15,658.60,79.99,55.27,198.22,876.45,6.13
2022-09-27T10:45:01.451369,0.00,14.97,658.60,79.99,55.88,198.94,890.78,6.17
2022-09-27T10:46:02.033002,0.00,15.15,658.60,79.99,53.00,200.00,885.36,6.20
2022-09-27T10:47:01.615834,0.00,14.97,658.60,79.99,51.23,200.67,896.27,6.27
2022-09-27T10:48:01.200779,0.00,15.42,658.60,79.99,50.31,201.07,903.69,6.30
2022-09-27T10:49:01.782887,0.00,14.92,658.60,79.99,44.93,201.67,909.33,6.36
2022-09-27T10:50:01.367940,0.00,15.02,658.60,79.99,39.36,201.94,903.69,6.36
2022-09-27T10:51:01.962738,0.00,14.97,658.60,79.99,37.27,202.69,904.62,6.40
2022-09-27T10:52:01.540075,0.00,14.97,658.60,79.99,31.28,202.62,904.62,6.42
2022-09-27T10:53:02.119021,0.00,14.97,658.60,79.99,30.49,202.62,900.89,6.44
2022-09-27T10:54:01.702247,0.00,15.15,658.60,79.99,32.99,202.89,899.97,6.45
2022-09-27T10:55:01.275462,0.00,14.97,658.60,79.99,31.65,203.51,910.27,6.49
2022-09-27T10:56:01.860765,0.00,14.97,658.60,79.99,28.77,203.92,911.22,6.52
2022-09-27T10:57:01.441673,0.00,15.33,658.60,79.99,24.73,204.47,913.12,6.55
2022-09-27T10:58:02.018264,0.00,14.97,658.60,79.99,24.73,204.74,915.99,6.59
2022-09-27T10:59:01.602829,0.00,14.97,658.60,79.99,23.75,204.74,915.03,6.60
2022-09-27T11:00:02.183558,0.00,14.97,658.60,79.99,28.40,205.36,908.38,6.62
2022-09-27T11:01:01.765951,0.00,14.92,658.60,79.99,31.46,205.57,911.22,6.64
2022-09-27T11:02:01.349204,0.00,15.15,658.60,79.99,36.06,205.57,906.50,6.65
2022-09-27T11:03:01.932864,0.00,15.33,658.60,79.99,46.22,206.20,909.33,6.66
2022-09-27T11:04:01.513804,1.00,14.97,658.60,79.99,62.98,207.11,920.81,6.71
2022-09-27T11:05:02.100210,0.00,15.06,658.60,79.99,48.36,207.60,922.75,6.73
2022-09-27T11:06:01.674520,0.00,15.33,658.60,79.99,53.43,208.24,933.56,6.78
2022-09-27T11:07:01.260255,0.00,15.37,658.60,79.99,54.72,209.02,943.59,6.82
2022-09-27T11:08:01.845488,0.00,15.42,658.60,79.99,41.26,209.52,947.67,6.86
2022-09-27T11:09:01.439043,0.00,15.37,658.60,79.99,31.65,209.73,948.69,6.91
2022-09-27T11:10:02.022948,0.00,15.24,658.60,79.99,28.40,210.52,955.91,6.95
2022-09-27T11:11:01.605579,0.00,15.42,658.60,79.99,23.20,211.39,954.87,6.97
2022-09-27T11:12:02.195081,0.00,15.42,658.60,79.99,23.81,210.74,955.91,7.00
2022-09-27T11:13:01.780249,0.00,15.42,658.60,79.99,21.12,212.92,970.67,7.07
2022-09-27T11:14:01.358388,0.00,15.02,658.60,79.99,16.47,213.14,963.23,7.07
2022-09-27T11:15:01.951207,0.00,15.19,658.60,79.99,15.31,213.81,959.04,7.09
2022-09-27T11:16:01.532782,0.00,15.19,658.60,79.99,17.45,213.73,952.80,7.09
2022-09-27T11:17:02.119718,0.00,15.15,658.60,79.99,19.77,214.47,949.71,7.12
2022-09-27T11:18:01.701610,0.00,15.33,658.60,79.99,21.30,214.84,957.99,7.16
2022-09-27T11:19:01.283518,1.00,15.15,658.60,79.99,23.99,214.92,947.67,7.13
2022-09-27T11:20:01.866554,0.00,15.37,658.60,79.99,25.71,215.74,964.29,7.19
2022-09-27T11:21:01.450329,0.00,15.24,658.60,79.99,27.24,216.11,963.23,7.22
2022-09-27T11:22:02.037663,0.00,15.42,658.60,79.99,29.38,216.72,951.77,7.22
2022-09-27T11:23:01.616738,0.00,15.42,658.60,79.99,30.91,216.87,961.13,7.25
2022-09-27T11:24:02.200563,0.00,15.42,658.60,79.99,36.06,217.47,965.35,7.27
2022-09-27T11:25:01.773617,0.00,15.02,658.60,79.99,40.70,217.93,968.53,7.29
2022-09-27T11:26:01.358706,0.00,15.24,658.60,79.99,40.33,218.39,966.41,7.32
2022-09-27T11:27:01.941768,1.00,15.42,658.60,79.99,35.00,218.39,966.41,7.34
2022-09-27T11:28:01.517307,0.00,15.42,658.60,79.99,29.56,219.23,961.13,7.35
2022-09-27T11:29:02.101391,0.00,15.15,658.60,79.99,35.00,218.92,953.84,7.34
2022-09-27T11:30:01.690868,0.00,14.97,658.60,79.99,31.89,219.23,954.87,7.37
2022-09-27T11:31:01.272651,0.00,15.19,658.60,79.99,33.05,219.54,948.69,7.35
2022-09-27T11:32:01.862501,0.00,15.19,658.60,79.99,32.26,219.46,933.56,7.32
2022-09-27T11:33:01.435939,0.00,14.97,658.60,79.99,29.69,220.16,933.56,7.33
2022-09-27T11:34:02.020146,2.00,14.97,658.60,79.99,35.50,219.62,920.81,7.32
2022-09-27T11:35:01.611061,0.00,15.15,658.60,79.99,36.66,219.00,910.27,7.30
2022-09-27T11:36:02.193011,3.00,14.97,658.60,79.99,36.85,219.15,904.62,7.27
2022-09-27T11:37:01.774231,0.00,14.97,658.60,79.99,39.17,218.85,900.89,7.26
2022-09-27T11:38:01.363506,0.00,14.92,658.60,79.99,41.68,218.54,903.69,7.26
2022-09-27T11:39:01.944302,0.00,14.97,658.60,79.99,42.23,218.77,892.60,7.24
2022-09-27T11:40:01.525161,0.00,14.97,658.60,79.99,44.93,218.16,886.26,7.23
2022-09-27T11:41:02.110024,0.00,14.97,658.60,79.99,47.43,218.77,886.26,7.22
2022-09-27T11:42:01.692694,0.00,14.76,658.60,79.99,50.13,218.54,888.06,7.21
2022-09-27T11:43:01.274697,0.00,14.97,658.60,79.99,49.76,218.69,886.26,7.21
2022-09-27T11:44:01.858912,0.00,14.97,658.60,79.99,50.50,218.39,871.19,7.19
2022-09-27T11:45:01.442140,0.00,14.97,658.60,79.99,71.45,218.08,861.69,7.15
2022-09-27T11:46:02.034314,0.00,14.97,658.60,79.99,75.30,218.31,859.13,7.13
2022-09-27T11:47:01.615500,0.00,15.02,658.60,79.99,62.37,218.39,867.71,7.16
2022-09-27T11:48:02.200250,0.00,14.97,658.60,79.99,61.03,219.69,864.26,7.14
2022-09-27T11:49:01.783467,0.00,14.92,658.60,79.99,57.97,218.85,866.85,7.16
2022-09-27T11:50:01.367443,0.00,14.97,658.60,79.99,58.76,219.08,872.06,7.16
2022-09-27T11:51:01.956749,0.00,14.92,658.60,79.99,79.73,218.92,872.93,7.17
2022-09-27T11:52:01.536279,0.00,14.97,658.60,79.99,75.32,218.39,881.77,7.19
2022-09-27T11:53:02.117055,0.00,14.97,658.60,79.99,64.40,219.15,881.77,7.20
2022-09-27T11:54:01.700680,0.00,14.97,658.60,79.99,62.26,218.92,883.56,7.21
2022-09-27T11:55:01.282530,0.00,14.97,658.60,79.99,45.24,218.92,883.56,7.21
2022-09-27T11:56:01.865913,0.00,15.33,658.60,79.99,45.30,220.31,896.27,7.24
2022-09-27T11:57:01.445844,0.00,14.97,658.60,79.99,44.93,220.39,906.50,7.28
2022-09-27T11:58:02.029963,0.00,14.97,658.60,79.99,42.97,220.47,907.44,7.31
2022-09-27T11:59:01.616563,0.00,15.15,658.60,79.99,32.75,221.56,909.33,7.33
2022-09-27T12:00:01.200517,0.00,15.02,658.60,79.99,30.91,221.48,909.33,7.35
2022-09-27T12:01:01.782992,0.00,14.97,658.60,79.99,26.26,222.18,907.44,7.35
2022-09-27T12:02:01.355945,0.00,15.06,658.60,79.99,28.40,222.26,913.12,7.38
2022-09-27T12:03:01.939906,0.00,15.02,658.60,79.99,30.91,222.89,922.75,7.43
2022-09-27T12:04:01.513063,0.00,14.97,658.60,79.99,31.65,222.89,929.60,7.47
2022-09-27T12:05:02.098020,0.00,14.97,658.60,79.99,36.85,224.24,934.55,7.50
2022-09-27T12:06:01.681691,0.00,14.97,658.60,79.99,36.85,224.08,926.65,7.52
2022-09-27T12:07:01.264209,6.00,15.15,658.60,79.99,33.92,223.13,928.62,7.53
2022-09-27T12:08:01.849975,0.00,15.06,658.60,79.99,39.12,225.04,937.55,7.59
2022-09-27T12:09:01.428769,0.00,15.24,658.60,79.99,49.89,225.68,941.57,7.63
2022-09-27T12:10:02.012137,3.00,15.19,658.60,79.99,46.22,226.41,947.67,7.65
2022-09-27T12:11:01.605579,0.00,15.06,658.60,79.99,43.89,226.65,946.64,7.65
2022-09-27T12:12:02.192436,0.00,15.15,658.60,79.99,42.55,227.22,939.56,7.66
2022-09-27T12:13:01.773849,0.00,15.02,658.60,79.99,30.61,227.14,936.55,7.67
2022-09-27T12:14:01.359570,0.00,15.19,658.60,79.99,27.79,227.87,944.61,7.72
2022-09-27T12:15:01.952589,0.00,15.37,658.60,79.99,35.52,228.53,947.67,7.74
2022-09-27T12:16:01.534205,0.00,15.24,658.60,79.99,35.45,229.43,949.71,7.76
2022-09-27T12:17:02.120724,0.00,15.02,658.60,79.99,31.83,229.93,965.35,7.83
2022-09-27T12:18:01.713440,0.00,15.19,658.60,79.99,31.46,230.93,962.18,7.83
2022-09-27T12:19:01.290534,0.00,15.37,658.60,79.99,33.18,231.10,964.29,7.86
2022-09-27T12:20:01.869039,0.00,15.42,658.60,79.99,28.77,232.10,970.67,7.91
2022-09-27T12:21:01.451599,0.00,15.24,658.60,79.99,32.07,232.69,980.38,7.94
2022-09-27T12:22:02.033235,0.00,15.37,658.60,79.99,32.62,233.37,978.21,7.96
2022-09-27T12:23:01.615718,0.00,15.33,658.60,79.99,34.34,234.05,967.47,7.94
2022-09-27T12:24:02.208154,0.00,15.06,658.60,79.99,39.17,234.57,959.04,7.98
2022-09-27T12:25:01.787505,0.00,15.02,658.60,79.99,39.91,234.14,946.64,7.95
2022-09-27T12:26:01.371541,0.00,15.02,658.60,79.99,47.62,234.05,946.64,7.96
2022-09-27T12:27:01.954426,0.00,15.19,658.60,79.99,48.36,231.43,925.67,7.90
2022-09-27T12:28:01.535845,0.00,15.19,658.60,79.99,57.97,233.88,925.67,7.89
2022-09-27T12:29:02.117801,0.00,15.06,658.60,79.99,62.98,234.14,929.60,7.94
2022-09-27T12:30:01.701827,0.00,15.24,658.60,79.99,69.16,234.57,938.55,7.95
2022-09-27T12:31:01.279745,0.00,15.15,658.60,79.99,64.46,234.57,943.59,7.98
2022-09-27T12:32:01.869984,0.00,14.97,658.60,79.99,65.19,235.43,951.77,8.01
2022-09-27T12:33:01.460379,0.00,15.02,658.60,79.99,66.54,235.68,949.71,8.01
2022-09-27T12:34:02.050441,0.00,15.02,658.60,79.99,62.45,236.46,959.04,8.05
2022-09-27T12:35:01.625505,0.00,15.24,658.60,79.99,61.52,236.64,962.18,8.06
2022-09-27T12:36:01.210533,0.00,14.97,658.60,79.99,60.97,237.60,961.13,8.07
2022-09-27T12:37:01.788188,0.00,15.06,658.60,79.99,59.57,237.95,956.95,8.09
2022-09-27T12:38:01.379423,0.00,15.15,658.60,79.99,56.69,237.95,946.64,8.08
2022-09-27T12:39:01.972404,0.00,14.97,658.60,79.99,59.90,237.60,937.55,8.07
2022-09-27T12:40:01.544853,0.00,15.06,658.60,79.99,54.00,236.64,935.55,8.06
2022-09-27T12:41:02.122175,0.00,15.02,658.60,79.99,53.08,239.18,950.74,8.10
2022-09-27T12:42:01.703618,0.00,14.97,658.60,79.99,54.42,239.09,940.56,8.07
2022-09-27T12:43:01.285199,0.00,15.15,658.60,79.99,46.96,239.18,952.80,8.12
2022-09-27T12:44:01.869633,0.00,15.02,658.60,79.99,38.69,239.53,954.87,8.14
2022-09-27T12:45:01.452295,0.00,15.33,658.60,79.99,39.12,240.60,961.13,8.17
2022-09-27T12:46:02.034375,0.00,15.19,658.60,79.99,39.12,240.78,961.13,8.18
2022-09-27T12:47:01.616338,0.00,14.97,658.60,79.99,36.24,241.14,960.08,8.20
2022-09-27T12:48:02.200565,0.00,15.02,658.60,79.99,27.55,241.76,963.23,8.21
2022-09-27T12:49:01.782925,0.00,15.19,658.60,79.99,28.77,242.12,965.35,8.22
2022-09-27T12:50:01.365832,0.00,15.37,658.60,79.99,28.22,243.12,966.41,8.25
2022-09-27T12:51:01.951384,0.00,15.19,658.60,79.99,24.49,243.48,973.89,8.28
2022-09-27T12:52:01.533002,0.00,15.19,658.60,79.99,27.55,244.40,973.89,8.29
2022-09-27T12:53:02.117777,0.00,15.19,658.60,79.99,27.79,244.95,986.96,8.31
2022-09-27T12:54:01.702501,0.00,15.42,658.60,79.99,26.08,245.04,990.28,8.34
2022-09-27T12:55:01.283301,0.00,15.37,658.60,79.99,27.18,245.78,992.51,8.37
2022-09-27T12:56:01.865393,0.00,15.19,658.60,79.99,30.61,246.24,996.99,8.38
2022-09-27T12:57:01.450271,0.00,15.37,658.60,79.99,34.10,247.17,999.25,8.43
2022-09-27T12:58:02.031864,0.00,15.24,658.60,79.99,34.89,247.45,991.40,8.43
2022-09-27T12:59:01.614047,0.00,15.37,658.60,79.99,27.50,247.82,990.28,8.43
2022-09-27T13:00:01.190678,0.00,14.97,658.60,79.99,31.41,248.10,978.21,8.42
2022-09-27T13:01:01.773279,2.00,15.15,658.60,79.99,30.12,248.95,988.07,8.46
2022-09-27T13:02:01.359388,0.00,15.19,658.60,79.99,25.47,249.23,990.28,8.46
2022-09-27T13:03:01.942834,0.00,15.19,658.60,79.99,27.79,249.61,984.76,8.42
2022-09-27T13:04:01.525045,0.00,15.02,658.60,79.99,26.26,250.18,1003.78,8.50
2022-09-27T13:05:02.109274,0.00,15.24,658.60,79.99,23.75,250.56,998.12,8.49
2022-09-27T13:06:01.691989,1.00,14.97,658.60,79.99,21.43,250.66,996.99,8.50
2022-09-27T13:07:01.273071,0.00,14.97,658.60,79.99,24.97,250.28,984.76,8.46
2022-09-27T13:08:01.858011,0.00,15.37,658.60,79.99,23.81,251.04,986.96,8.46
2022-09-27T13:09:01.442197,0.00,15.37,658.60,79.99,20.51,251.52,992.51,8.49
2022-09-27T13:10:02.017126,0.00,15.19,658.60,79.99,23.44,251.52,993.63,8.49
2022-09-27T13:11:01.607159,0.00,15.42,658.60,79.99,20.14,251.52,995.87,8.52
2022-09-27T13:12:02.196969,0.00,15.37,658.60,79.99,17.63,253.45,1002.65,8.54
2022-09-27T13:13:01.792494,0.00,15.37,658.60,79.99,15.31,253.84,1001.51,8.53
2022-09-27T13:14:01.371415,0.00,15.24,658.60,79.99,15.92,254.52,1001.51,8.54
2022-09-27T13:15:01.952975,0.00,15.24,658.60,79.99,12.25,254.82,1004.93,8.57
2022-09-27T13:16:01.548642,1.00,15.42,658.60,79.99,10.11,255.21,1016.47,8.60
2022-09-27T13:17:02.136416,0.00,15.33,658.60,79.99,12.25,255.50,1014.14,8.60
2022-09-27T13:18:01.720929,2.00,15.37,658.60,79.99,11.27,256.20,1007.21,8.58
2022-09-27T13:19:01.293735,0.00,15.02,658.60,79.99,12.25,255.80,1003.78,8.58
2022-09-27T13:20:01.874964,0.00,15.19,658.60,79.99,12.06,256.59,1007.21,8.60
2022-09-27T13:21:01.459989,0.00,15.42,658.60,79.99,8.89,257.39,1015.30,8.61
2022-09-27T13:22:02.052389,1.00,14.97,658.60,79.99,13.41,257.79,1018.81,8.58
2022-09-27T13:23:01.626776,0.00,15.33,658.60,79.99,10.11,257.69,1016.47,8.61
2022-09-27T13:24:01.209445,0.00,15.15,658.60,79.99,16.16,257.89,1021.16,8.61
2022-09-27T13:25:01.787716,0.00,15.06,658.60,79.99,11.88,258.29,1017.64,8.63
2022-09-27T13:26:01.370359,0.00,15.19,658.60,79.99,11.27,258.39,1011.82,8.61
2022-09-27T13:27:01.953257,0.00,15.24,658.60,79.99,15.73,259.90,1028.27,8.63
2022-09-27T13:28:01.545247,0.00,15.37,658.60,79.99,14.39,258.89,1040.33,8.69
2022-09-27T13:29:02.122661,0.00,15.24,658.60,79.99,12.61,261.22,1056.42,8.74
2022-09-27T13:30:01.704635,0.00,15.24,658.60,79.99,15.73,262.76,1057.67,8.77
2022-09-27T13:31:01.297482,0.00,15.42,658.60,79.99,15.73,263.07,1055.16,8.79
2022-09-27T13:32:01.892742,0.00,15.42,658.60,79.99,18.00,264.31,1067.83,8.84
2022-09-27T13:33:01.477701,0.00,15.24,658.60,79.99,23.20,264.73,1066.55,8.83
2022-09-27T13:34:02.077832,0.00,15.19,658.60,79.99,24.73,265.36,1060.19,8.86
2022-09-27T13:35:01.660508,0.00,15.37,658.60,79.99,24.12,265.25,1048.93,8.85
2022-09-27T13:36:01.243086,0.00,15.42,658.60,79.99,28.77,265.67,1033.06,8.82
2022-09-27T13:37:01.823792,1.00,15.06,658.60,79.99,28.77,265.78,1037.90,8.87
2022-09-27T13:38:01.407113,1.00,15.37,658.60,79.99,27.79,266.09,1034.27,8.87
2022-09-27T13:39:01.991494,0.00,15.02,658.60,79.99,28.35,266.41,1021.16,8.83
2022-09-27T13:40:01.584984,0.00,15.06,658.60,79.99,28.35,265.67,1019.98,8.82
2022-09-27T13:41:02.172047,0.00,15.42,658.60,79.99,29.14,266.09,1014.14,8.81
2022-09-27T13:42:01.752750,0.00,15.24,658.60,79.99,20.21,265.88,1003.78,8.79
2022-09-27T13:43:01.342792,0.00,15.19,658.60,79.99,27.24,266.20,1004.93,8.79
2022-09-27T13:44:01.926943,1.00,14.97,658.60,79.99,22.35,265.67,994.75,8.78
2022-09-27T13:45:01.514141,0.00,14.97,658.60,79.99,24.12,265.57,989.17,8.77
2022-09-27T13:46:02.101272,0.00,15.15,658.60,79.99,27.98,265.15,970.67,8.74
2022-09-27T13:47:01.682896,0.00,14.97,658.60,79.99,28.16,264.62,966.41,8.71
2022-09-27T13:48:01.267161,0.00,14.97,658.60,79.99,29.88,265.15,964.29,8.69
2022-09-27T13:49:01.858011,0.00,15.02,658.60,79.99,36.85,264.94,960.08,8.71
2022-09-27T13:50:01.441506,0.00,14.97,658.60,79.99,37.22,264.42,950.74,8.68
2022-09-27T13:51:02.023208,0.00,14.97,658.60,79.99,35.26,263.48,938.55,8.64
2022-09-27T13:52:01.609223,0.00,14.97,658.60,79.99,33.55,262.66,922.75,8.56
2022-09-27T13:53:02.192648,0.00,15.15,658.60,79.99,37.27,263.07,923.72,8.57
2022-09-27T13:54:01.765985,0.00,14.97,658.60,79.99,30.12,262.66,928.62,8.60
2022-09-27T13:55:01.359024,0.00,14.97,658.60,79.99,27.79,263.27,920.81,8.54
2022-09-27T13:56:01.942334,0.00,14.92,658.60,79.99,28.77,263.79,927.63,8.57
2022-09-27T13:57:01.523421,0.00,14.97,658.60,79.99,26.45,263.07,913.12,8.51
2022-09-27T13:58:02.121710,0.00,14.97,658.60,79.99,28.77,262.04,909.33,8.50
2022-09-27T13:59:01.711096,0.00,14.76,658.60,79.99,28.95,262.55,906.50,8.48
2022-09-27T14:00:01.288206,0.00,14.97,658.60,79.99,28.95,262.45,911.22,8.49
2022-09-27T14:01:01.867774,0.00,14.58,658.60,79.99,28.77,261.73,898.11,8.46
2022-09-27T14:02:01.458800,0.00,14.97,658.60,79.99,32.68,261.94,898.11,8.45
2022-09-27T14:03:02.037374,0.00,14.97,658.60,79.99,31.15,262.14,901.82,8.46
2022-09-27T14:04:01.618081,0.00,14.70,658.60,79.99,31.52,261.02,892.60,8.41
2022-09-27T14:05:01.202086,1.00,14.92,658.60,79.99,35.00,261.12,888.97,8.39
2022-09-27T14:06:01.784678,0.00,14.92,658.60,79.99,35.00,262.14,900.89,8.41
2022-09-27T14:07:01.366051,0.00,14.97,658.60,79.99,32.26,262.04,897.19,8.39
2022-09-27T14:08:01.950614,0.00,14.97,658.60,79.99,28.72,261.22,899.04,8.40
2022-09-27T14:09:01.533161,0.00,14.70,658.60,79.99,29.40,261.73,896.27,8.40
2022-09-27T14:10:02.118757,0.00,14.97,658.60,79.99,32.99,262.24,899.04,8.40
2022-09-27T14:11:01.702182,0.00,14.76,658.60,79.99,27.55,261.94,899.97,8.41
2022-09-27T14:12:01.283292,0.00,15.10,658.60,79.99,31.65,262.04,892.60,8.39
2022-09-27T14:13:01.866016,0.00,14.97,658.60,79.99,34.16,261.83,888.06,8.36
2022-09-27T14:14:01.451064,0.00,14.97,658.60,79.99,27.74,262.24,904.62,8.42
2022-09-27T14:15:02.039055,0.00,14.97,658.60,79.99,31.22,263.07,899.97,8.40
2022-09-27T14:16:01.618025,0.00,14.97,658.60,79.99,30.85,263.17,905.56,8.36
2022-09-27T14:17:02.205632,0.00,14.76,658.60,79.99,32.99,263.48,910.27,8.42
2022-09-27T14:18:01.803386,0.00,14.97,658.60,79.99,26.58,262.96,907.44,8.42
2022-09-27T14:19:01.388709,0.00,15.02,658.60,79.99,28.72,263.17,900.89,8.41
2022-09-27T14:20:01.972561,4.00,14.80,658.60,79.99,25.60,263.79,906.50,8.42
2022-09-27T14:21:01.545951,0.00,15.15,658.60,79.99,25.41,264.31,913.12,8.44
2022-09-27T14:22:02.130025,0.00,14.76,658.60,79.99,30.49,263.48,904.62,8.45
2022-09-27T14:23:01.711587,0.00,14.76,658.60,79.99,31.46,263.38,888.97,8.42
2022-09-27T14:24:01.287948,0.00,14.76,658.60,79.99,30.49,263.69,898.11,8.42
2022-09-27T14:25:01.871913,0.00,14.97,658.60,79.99,25.41,264.00,900.89,8.42
2022-09-27T14:26:01.465001,0.00,14.97,658.60,79.99,28.16,264.21,904.62,8.44
2022-09-27T14:27:02.041139,0.00,14.97,658.60,79.99,31.46,265.15,912.17,8.44
2022-09-27T14:28:01.618831,0.00,14.97,658.60,79.99,27.98,265.15,915.03,8.46
2022-09-27T14:29:01.201956,0.00,15.15,658.60,79.99,30.91,266.09,921.78,8.49
2022-09-27T14:30:01.782538,0.00,14.97,658.60,79.99,29.14,265.99,918.88,8.50
2022-09-27T14:31:01.365512,0.00,15.15,658.60,79.99,27.74,265.99,910.27,8.50
2022-09-27T14:32:01.950084,3.00,14.97,658.60,79.99,28.95,265.46,907.44,8.50
2022-09-27T14:33:01.531626,0.00,14.97,658.60,79.99,28.77,266.30,910.27,8.49
2022-09-27T14:34:02.112973,0.00,14.97,658.60,79.99,28.77,266.20,904.62,8.49
2022-09-27T14:35:01.693079,0.00,14.97,658.60,79.99,28.59,266.94,907.44,8.49
2022-09-27T14:36:01.269594,0.00,14.97,658.60,79.99,29.38,267.47,918.88,8.52
2022-09-27T14:37:01.858458,0.00,14.97,658.60,79.99,27.24,266.83,913.12,8.50
2022-09-27T14:38:01.442595,0.00,14.92,658.60,79.99,29.19,267.36,916.95,8.50
2022-09-27T14:39:02.024476,0.00,14.97,658.60,79.99,32.31,266.94,907.44,8.50
2022-09-27T14:40:01.608755,0.00,14.97,658.60,79.99,29.19,268.10,924.70,8.53
2022-09-27T14:41:02.191674,0.00,14.97,658.60,79.99,28.64,268.00,912.17,8.53
2022-09-27T14:42:01.764746,0.00,14.97,658.60,79.99,23.02,268.32,907.44,8.52
2022-09-27T14:43:01.355856,0.00,14.97,658.60,79.99,26.93,268.00,897.19,8.49
2022-09-27T14:44:01.939336,0.00,14.76,658.60,79.99,24.42,267.47,888.06,8.48
2022-09-27T14:45:01.522243,0.00,14.97,658.60,79.99,24.05,267.25,888.06,8.46
2022-09-27T14:46:02.103323,0.00,14.76,658.60,79.99,19.59,267.68,888.97,8.46
2022-09-27T14:47:01.697228,0.00,14.97,658.60,79.99,24.66,267.89,888.06,8.46
2022-09-27T14:48:01.280993,0.00,14.70,658.60,79.99,21.54,267.57,882.67,8.44
2022-09-27T14:49:01.862834,0.00,14.92,658.60,79.99,19.59,268.10,881.77,8.43
2022-09-27T14:50:01.443825,0.00,14.76,658.60,79.99,24.23,267.57,882.67,8.43
2022-09-27T14:51:02.024368,0.00,14.97,658.60,79.99,23.44,267.36,879.99,8.41
2022-09-27T14:52:01.606206,1.00,14.92,658.60,79.99,18.37,266.72,874.69,8.40
2022-09-27T14:53:02.190919,0.00,14.70,658.60,79.99,18.37,267.15,862.55,8.36
2022-09-27T14:54:01.772489,0.00,14.66,658.60,79.99,23.44,266.72,862.55,8.36
2022-09-27T14:55:01.352464,0.00,14.70,658.60,79.99,24.23,265.46,854.91,8.30
2022-09-27T14:56:01.947969,0.00,14.70,658.60,79.99,19.77,265.78,836.75,8.23
2022-09-27T14:57:01.531355,0.00,14.53,658.60,79.99,20.75,264.83,843.27,8.23
2022-09-27T14:58:02.116519,0.00,14.70,658.60,79.99,19.77,265.15,853.23,8.26
2022-09-27T14:59:01.699763,0.00,14.92,658.60,79.99,19.59,265.46,857.44,8.25
2022-09-27T15:00:01.282449,0.00,14.70,658.60,79.99,21.54,265.99,860.84,8.24
2022-09-27T15:01:01.865304,0.00,14.76,658.60,79.99,18.06,266.20,866.85,8.28
2022-09-27T15:02:01.449674,1.00,14.70,658.60,79.99,21.96,266.94,867.71,8.28
2022-09-27T15:03:02.046319,0.00,14.92,658.60,79.99,12.25,267.47,872.06,8.29
2022-09-27T15:04:01.630958,0.00,14.76,658.60,79.99,15.18,266.51,868.58,8.28
2022-09-27T15:05:01.220797,1.00,14.70,658.60,79.99,13.04,265.78,856.59,8.25
2022-09-27T15:06:01.793666,0.00,14.70,658.60,79.99,16.16,266.41,859.99,8.26
2022-09-27T15:07:01.370161,1.00,14.97,658.60,79.99,11.88,267.25,872.06,8.29
2022-09-27T15:08:01.952322,0.00,14.92,658.60,79.99,10.72,267.89,876.45,8.30
2022-09-27T15:09:01.534137,0.00,14.97,658.60,79.99,10.72,268.32,885.36,8.30
2022-09-27T15:10:02.117642,0.00,14.92,658.60,79.99,11.88,269.28,893.52,8.33
2022-09-27T15:11:01.701477,0.00,14.97,658.60,79.99,13.04,268.53,888.06,8.33
2022-09-27T15:12:01.283365,0.00,14.70,658.60,79.99,16.16,269.28,892.60,8.36
2022-09-27T15:13:01.864294,0.00,14.97,658.60,79.99,9.74,269.39,888.97,8.35
2022-09-27T15:14:01.458520,0.00,14.92,658.60,79.99,9.55,269.17,888.97,8.30
2022-09-27T15:15:02.038217,0.00,14.70,658.60,79.99,10.35,268.74,872.06,8.33
2022-09-27T15:16:01.618624,0.00,14.70,658.60,79.99,6.86,268.96,869.45,8.32
2022-09-27T15:17:01.207381,1.00,14.92,658.60,79.99,7.65,269.50,877.33,8.35
2022-09-27T15:18:01.787088,0.00,14.53,658.60,79.99,7.47,269.07,872.93,8.31
2022-09-27T15:19:01.371657,0.00,14.70,658.60,79.99,5.15,269.07,864.26,8.30
2022-09-27T15:20:01.968096,0.00,14.76,658.60,79.99,4.15,269.17,858.29,8.28
2022-09-27T15:21:01.542966,0.00,14.70,658.60,79.99,4.78,268.64,854.06,8.26
2022-09-27T15:22:02.121392,0.00,14.70,658.60,79.99,4.78,269.28,857.44,8.26
2022-09-27T15:23:01.702675,0.00,14.70,658.60,79.99,4.44,268.32,858.29,8.26
2022-09-27T15:24:01.276176,0.00,14.53,658.60,79.99,6.68,267.89,852.39,8.24
2022-09-27T15:25:01.864464,0.00,14.53,658.60,79.99,13.46,268.32,837.56,8.18
2022-09-27T15:26:01.457551,0.00,14.66,658.60,79.99,10.35,267.89,849.05,8.23
2022-09-27T15:27:02.051335,0.00,14.48,658.60,79.99,10.35,267.25,832.73,8.16
2022-09-27T15:28:01.637707,0.00,14.53,658.60,79.99,11.14,266.62,815.44,8.06
2022-09-27T15:29:01.222176,0.00,14.70,658.60,79.99,8.82,266.51,824.00,8.10
2022-09-27T15:30:01.818715,0.00,14.66,658.60,79.99,9.61,266.30,821.65,8.05
2022-09-27T15:31:01.405634,0.00,14.48,658.60,79.99,7.28,265.57,817.76,8.02
2022-09-27T15:32:01.988870,0.00,14.48,658.60,79.99,6.12,265.99,826.36,8.05
2022-09-27T15:33:01.582017,0.00,14.48,658.60,79.99,4.44,266.09,821.65,8.00
2022-09-27T15:34:02.155933,0.00,14.53,658.60,79.99,4.44,265.67,817.76,8.00
2022-09-27T15:35:01.735845,0.00,14.66,658.60,79.99,6.12,264.94,816.21,7.98
2022-09-27T15:36:01.329309,0.00,14.44,658.60,79.99,8.26,264.94,816.98,7.97
2022-09-27T15:37:01.912425,0.00,14.48,658.60,79.99,6.31,264.62,816.98,7.94
2022-09-27T15:38:01.498589,0.00,14.66,658.60,79.99,7.65,264.21,810.84,7.90
2022-09-27T15:39:02.095674,0.00,14.66,658.60,79.99,7.05,263.58,807.05,7.87
2022-09-27T15:40:01.680275,0.00,14.48,658.60,79.99,9.74,263.27,803.29,7.85
2022-09-27T15:41:01.269624,2.00,14.48,658.60,79.99,14.39,263.79,800.30,7.83
2022-09-27T15:42:01.859856,0.00,14.48,658.60,79.99,15.73,263.17,798.07,7.81
2022-09-27T15:43:01.442442,0.00,14.48,658.60,79.99,16.89,262.66,791.46,7.77
2022-09-27T15:44:02.023102,0.00,14.48,658.60,79.99,15.92,263.07,790.74,7.76
2022-09-27T15:45:01.616595,0.00,14.48,658.60,79.99,15.92,262.35,790.74,7.74
2022-09-27T15:46:02.208143,0.00,14.48,658.60,79.99,14.75,261.12,782.10,7.71
2022-09-27T15:47:01.786992,0.00,14.48,658.60,79.99,17.87,261.32,778.55,7.66
2022-09-27T15:48:01.367328,0.00,14.44,658.60,79.99,18.85,260.91,784.96,7.67
2022-09-27T15:49:01.949469,0.00,14.48,658.60,79.99,17.69,260.71,779.25,7.64
2022-09-27T15:50:01.532315,0.00,14.48,658.60,79.99,15.55,261.02,779.25,7.61
2022-09-27T15:51:02.106163,0.00,14.48,658.60,79.99,14.39,260.61,778.55,7.62
2022-09-27T15:52:01.697253,0.00,14.48,658.60,79.99,14.20,260.81,775.73,7.56
2022-09-27T15:53:01.281713,0.00,14.48,658.60,79.99,12.06,259.70,773.63,7.57
2022-09-27T15:54:01.863904,0.00,14.48,658.60,79.99,8.89,259.59,777.84,7.59
2022-09-27T15:55:01.443678,0.00,14.48,658.60,79.99,14.39,260.00,782.10,7.58
2022-09-27T15:56:02.023590,0.00,14.48,658.60,79.99,15.55,259.90,782.81,7.57
2022-09-27T15:57:01.609076,0.00,14.48,658.60,79.99,18.85,260.30,779.96,7.56
2022-09-27T15:58:02.192944,0.00,14.66,658.60,79.99,16.89,260.30,782.81,7.57
2022-09-27T15:59:01.774902,0.00,14.48,658.60,79.99,15.92,260.61,784.96,7.58
2022-09-27T16:00:01.359836,0.00,14.44,658.60,79.99,16.47,260.81,788.56,7.59
2022-09-27T16:01:01.952922,0.00,14.66,658.60,79.99,18.79,261.02,784.24,7.57
2022-09-27T16:02:01.529973,0.00,14.48,658.60,79.99,17.82,260.61,786.39,7.58
2022-09-27T16:03:02.116119,0.00,14.53,658.60,79.99,17.63,259.80,777.84,7.52
2022-09-27T16:04:01.701552,0.00,14.48,658.60,79.99,19.72,260.00,782.81,7.53
2022-09-27T16:05:01.283181,0.00,14.66,658.60,79.99,18.79,260.00,784.96,7.52
2022-09-27T16:06:01.864806,0.00,14.48,658.60,79.99,16.84,260.71,784.96,7.52
2022-09-27T16:07:01.444462,0.00,14.70,658.60,79.99,17.08,260.81,787.11,7.50
2022-09-27T16:08:02.025521,0.00,14.70,658.60,79.99,15.92,261.32,790.74,7.48
2022-09-27T16:09:01.610417,0.00,14.53,658.60,79.99,15.73,261.02,790.01,7.46
2022-09-27T16:10:02.193394,0.00,14.53,658.60,79.99,15.55,261.63,789.28,7.42
2022-09-27T16:11:01.773744,0.00,14.48,658.60,79.99,14.39,261.53,790.01,7.36
2022-09-27T16:12:01.354573,0.00,14.70,658.60,79.99,12.25,261.02,783.52,7.36
2022-09-27T16:13:01.945807,0.00,14.70,658.60,79.99,14.20,262.66,795.12,7.36
2022-09-27T16:14:01.529513,0.00,14.53,658.60,79.99,13.04,262.66,799.56,7.37
2022-09-27T16:15:02.112933,1.00,14.70,658.60,79.99,11.88,262.55,796.60,7.33
2022-09-27T16:16:01.693427,0.00,14.76,658.60,79.99,13.04,262.76,798.81,7.31
2022-09-27T16:17:01.278564,0.00,14.53,658.60,79.99,13.65,263.58,804.79,7.30
2022-09-27T16:18:01.866917,0.00,14.70,658.60,79.99,10.35,263.27,796.60,7.26
2022-09-27T16:19:01.459119,0.00,14.92,658.60,79.99,13.46,263.07,794.39,7.22
2022-09-27T16:20:02.038101,0.00,14.48,658.60,79.99,7.05,263.38,799.56,7.24
2022-09-27T16:21:01.617266,0.00,14.30,658.60,79.99,9.00,262.66,790.01,7.20
2022-09-27T16:22:01.200069,0.00,14.53,658.60,79.99,9.98,262.96,794.39,7.20
2022-09-27T16:23:01.781734,0.00,14.66,658.60,79.99,10.95,263.17,795.86,7.18
2022-09-27T16:24:01.364408,0.00,14.66,658.60,79.99,9.79,262.55,793.66,7.17
2022-09-27T16:25:01.962311,0.00,14.53,658.60,79.99,9.79,263.27,793.66,7.17
2022-09-27T16:26:01.538248,0.00,14.48,658.60,79.99,9.79,263.90,797.33,7.17
2022-09-27T16:27:02.117037,0.00,14.97,658.60,79.99,7.65,264.10,789.28,7.10
2022-09-27T16:28:01.702003,0.00,14.70,658.60,79.99,10.77,263.58,790.74,7.11
2022-09-27T16:29:01.298390,0.00,14.58,658.60,79.99,9.61,262.66,787.11,7.11
2022-09-27T16:30:01.882307,0.00,14.48,658.60,79.99,8.45,262.96,781.38,7.09
2022-09-27T16:31:01.463523,0.00,14.87,658.60,79.99,9.42,262.96,784.96,7.09
2022-09-27T16:32:02.053381,0.00,14.53,658.60,79.99,8.26,263.79,787.11,7.09
2022-09-27T16:33:01.633761,0.00,14.87,658.60,79.99,6.12,264.21,797.33,7.11
2022-09-27T16:34:01.228747,0.00,14.70,658.60,79.99,4.44,263.48,792.19,7.10
2022-09-27T16:35:01.820380,0.00,14.53,658.60,79.99,8.08,263.27,789.28,7.08
2022-09-27T16:36:01.406724,0.00,14.53,658.60,79.99,8.08,262.86,787.84,7.09
2022-09-27T16:37:01.991599,0.00,14.83,658.60,79.99,11.19,263.17,781.38,7.08
2022-09-27T16:38:01.584079,0.00,14.48,658.60,79.99,5.75,262.66,778.55,7.05
2022-09-27T16:39:02.176597,1.00,14.48,658.60,79.99,7.71,262.55,779.96,7.06
2022-09-27T16:40:01.764926,1.00,14.30,658.60,79.99,6.55,262.35,784.24,7.07
2022-09-27T16:41:01.353626,0.00,14.48,658.60,79.99,6.55,262.04,781.38,7.05
2022-09-27T16:42:01.934636,0.00,14.62,658.60,79.99,6.55,262.24,773.63,7.00
2022-09-27T16:43:01.518744,0.00,14.48,658.60,79.99,4.41,262.04,779.96,7.01
2022-09-27T16:44:02.106409,2.00,14.48,658.60,79.99,5.39,261.42,775.03,6.99
2022-09-27T16:45:01.680886,0.00,14.48,658.60,79.99,5.39,241.14,717.63,6.78
2022-09-27T16:46:01.265225,0.00,14.66,658.60,79.99,5.39,260.00,759.89,6.90
2022-09-27T16:47:01.860549,0.00,14.30,658.60,79.99,8.50,259.70,757.20,6.89
2022-09-27T16:48:01.442744,0.00,14.30,658.60,79.99,5.39,259.70,756.53,6.85
2022-09-27T16:49:02.023520,0.00,14.48,658.60,79.99,6.55,259.90,761.25,6.86
2022-09-27T16:50:01.615995,0.00,14.48,658.60,79.99,6.73,258.79,759.89,6.84
2022-09-27T16:51:01.213124,0.00,14.30,658.60,79.99,5.75,259.29,762.60,6.84
2022-09-27T16:52:01.789946,4.00,14.48,658.60,79.99,4.78,259.19,759.89,6.82
2022-09-27T16:53:01.369594,0.00,14.48,658.60,79.99,6.92,259.49,768.77,6.86
2022-09-27T16:54:01.952374,0.00,14.66,658.60,79.99,6.92,260.61,772.93,6.85
2022-09-27T16:55:01.534459,0.00,14.48,658.60,79.99,5.75,260.10,777.14,6.87
2022-09-27T16:56:02.116082,0.00,14.48,658.60,79.99,4.59,260.40,779.25,6.88
2022-09-27T16:57:01.710168,0.00,14.48,658.60,79.99,5.57,260.61,779.96,6.89
2022-09-27T16:58:01.288162,0.00,14.48,658.60,79.99,6.55,260.81,783.52,6.92
2022-09-27T16:59:01.872642,0.00,14.53,658.60,79.99,6.55,261.42,784.24,6.91
2022-09-27T17:00:01.454432,0.00,14.70,658.60,79.99,4.41,261.73,787.84,6.95
2022-09-27T17:01:02.035654,0.00,14.70,658.60,79.99,5.39,262.35,792.19,6.98
2022-09-27T17:02:01.617331,0.00,14.76,658.60,79.99,5.39,263.27,802.54,7.00
2022-09-27T17:03:02.201762,0.00,14.92,658.60,79.99,4.22,263.27,804.03,7.03
2022-09-27T17:04:01.784677,0.00,14.92,658.60,79.99,5.20,264.00,805.54,7.04
2022-09-27T17:05:01.366474,0.00,14.92,658.60,79.99,2.07,265.15,820.87,7.09
2022-09-27T17:06:01.965120,0.00,14.97,658.60,79.99,2.88,266.62,835.14,7.16
2022-09-27T17:07:01.551005,0.00,15.06,658.60,79.99,1.72,267.36,844.91,7.17
2022-09-27T17:08:02.135315,0.00,14.76,658.60,79.99,2.69,267.68,853.23,7.24
2022-09-27T17:09:01.720312,0.00,14.97,658.60,79.99,2.69,268.96,861.69,7.28
2022-09-27T17:10:01.314243,0.00,14.97,658.60,79.99,2.69,269.71,872.93,7.34
2022-09-27T17:11:01.895244,0.00,14.97,658.60,79.99,2.69,270.03,868.58,7.36
2022-09-27T17:12:01.479519,0.00,14.97,658.60,79.99,2.69,270.25,872.06,7.40
2022-09-27T17:13:02.069444,1.00,14.92,658.60,79.99,3.85,269.93,869.45,7.41
2022-09-27T17:14:01.653222,0.00,14.76,658.60,79.99,2.88,269.93,863.40,7.42
2022-09-27T17:15:01.248126,0.00,14.76,658.60,79.99,2.88,270.25,863.40,7.45
2022-09-27T17:16:01.837778,2.00,14.97,658.60,79.99,2.88,270.57,864.26,7.45
2022-09-27T17:17:01.424492,0.00,14.92,658.60,79.99,2.88,270.36,860.84,7.47
2022-09-27T17:18:02.014743,0.00,14.92,658.60,79.99,3.85,270.14,852.39,7.47
2022-09-27T17:19:01.605358,2.00,14.92,658.60,79.99,3.85,270.47,858.29,7.51
2022-09-27T17:20:02.189265,0.00,14.70,658.60,79.99,1.72,270.25,844.91,7.48
2022-09-27T17:21:01.772844,0.00,14.76,658.60,79.99,4.83,270.03,840.00,7.46
2022-09-27T17:22:01.359417,0.00,14.66,658.60,79.99,2.69,269.93,837.56,7.47
2022-09-27T17:23:01.942627,0.00,14.87,658.60,79.99,2.69,269.71,833.53,7.45
2022-09-27T17:24:01.516438,6.00,14.92,658.60,79.99,5.81,269.17,831.13,7.46
2022-09-27T17:25:02.105454,0.00,14.58,658.60,79.99,5.81,268.85,824.00,7.46
2022-09-27T17:26:01.688750,0.00,14.66,658.60,79.99,5.81,268.64,820.87,7.44
2022-09-27T17:27:01.271880,0.00,14.66,658.60,79.99,5.81,269.28,830.33,7.44
2022-09-27T17:28:01.853558,0.00,14.58,658.60,79.99,1.53,268.53,828.74,7.45
2022-09-27T17:29:01.439559,0.00,14.66,658.60,79.99,1.53,267.78,816.98,7.41
2022-09-27T17:30:02.033604,1.00,14.48,658.60,79.99,2.51,267.47,808.56,7.38
2022-09-27T17:31:01.616305,0.00,14.58,658.60,79.99,2.51,267.04,810.08,7.38
2022-09-27T17:32:01.200144,0.00,14.48,658.60,79.99,2.51,267.15,801.79,7.32
2022-09-27T17:33:01.792801,0.00,14.48,658.60,79.99,0.83,265.88,795.86,7.30
2022-09-27T17:34:01.369583,0.00,14.48,658.60,79.99,3.49,265.88,795.86,7.29
2022-09-27T17:35:01.947799,0.00,14.48,658.60,79.99,1.35,265.04,792.92,7.29
2022-09-27T17:36:01.532603,0.00,14.53,658.60,79.99,1.35,264.94,791.46,7.26
2022-09-27T17:37:02.114567,0.00,14.48,658.60,79.99,1.35,264.62,792.92,7.28
2022-09-27T17:38:01.699091,0.00,14.30,658.60,79.99,2.32,264.73,791.46,7.27
2022-09-27T17:39:01.282246,0.00,14.48,658.60,79.99,2.32,264.21,785.67,7.25
2022-09-27T17:40:01.864575,0.00,14.48,658.60,79.99,2.32,265.15,770.85,7.19
2022-09-27T17:41:01.444802,0.00,14.48,658.60,79.99,0.41,263.69,782.10,7.24
2022-09-27T17:42:02.028956,0.00,14.66,658.60,79.99,0.41,265.04,784.96,7.24
2022-09-27T17:43:01.612485,0.00,14.48,658.60,79.99,0.41,264.00,782.81,7.20
2022-09-27T17:44:02.207042,0.00,14.48,658.60,79.99,2.33,264.10,783.52,7.21
2022-09-27T17:45:01.794944,0.00,14.44,658.60,79.99,1.16,263.69,781.38,7.19
2022-09-27T17:46:01.372025,0.00,14.44,658.60,79.99,1.16,263.79,779.25,7.18
2022-09-27T17:47:01.953931,0.00,14.48,658.60,79.99,1.16,264.10,785.67,7.18
2022-09-27T17:48:01.549896,1.00,14.48,658.60,79.99,1.16,263.38,782.10,7.16
2022-09-27T17:49:02.131183,0.00,14.48,658.60,79.99,1.16,263.27,779.96,7.16
2022-09-27T17:50:01.702861,0.00,14.44,658.60,79.99,1.16,262.86,775.03,7.12
2022-09-27T17:51:01.294957,0.00,14.48,658.60,79.99,1.16,262.24,770.15,7.10
2022-09-27T17:52:01.881578,0.00,14.48,658.60,79.99,0.00,263.07,777.14,7.10
2022-09-27T17:53:01.462041,0.00,14.48,658.60,79.99,0.00,262.66,775.73,7.08
2022-09-27T17:54:02.038595,0.00,14.66,658.60,79.99,0.00,262.45,769.46,7.06
2022-09-27T17:55:01.622610,0.00,14.53,658.60,79.99,0.00,261.94,763.97,7.02
2022-09-27T17:56:01.218364,0.00,14.66,658.60,79.99,0.00,261.73,768.77,7.03
2022-09-27T17:57:01.793083,0.00,14.53,658.60,79.99,0.00,261.22,759.22,6.99
2022-09-27T17:58:01.371251,0.00,14.48,658.60,79.99,0.00,261.32,756.53,6.99
2022-09-27T17:59:01.965673,1.00,14.66,658.60,79.99,0.89,262.35,763.97,6.99
2022-09-27T18:00:01.540283,0.00,14.48,658.60,79.99,0.89,260.71,759.89,6.96
2022-09-27T18:01:02.119202,0.00,14.48,658.60,79.99,0.89,261.22,762.60,6.95
2022-09-27T18:02:01.713567,0.00,14.48,658.60,79.99,0.89,260.81,759.89,6.91
2022-09-27T18:03:01.289294,0.00,14.48,658.60,79.99,0.89,260.51,762.60,6.92
2022-09-27T18:04:01.872306,0.00,14.48,658.60,79.99,0.89,260.20,762.60,6.90
2022-09-27T18:05:01.452900,0.00,14.48,658.60,79.99,0.89,260.40,763.97,6.91
2022-09-27T18:06:02.034512,0.00,14.66,658.60,79.99,0.89,260.10,764.65,6.91
2022-09-27T18:07:01.615665,0.00,14.48,658.60,79.99,0.00,258.29,764.65,6.91
2022-09-27T18:08:02.198891,0.00,14.44,658.60,79.99,0.00,259.90,770.85,6.92
2022-09-27T18:09:01.782438,0.00,14.66,658.60,79.99,0.00,259.39,769.46,6.90
2022-09-27T18:10:01.364601,0.00,14.48,658.60,79.99,0.00,259.49,769.46,6.90
2022-09-27T18:11:01.962778,0.00,14.48,658.60,79.99,0.00,259.39,770.15,6.91
2022-09-27T18:12:01.554987,0.00,14.48,658.60,79.99,0.00,258.79,765.33,6.89
2022-09-27T18:13:02.142262,0.00,14.48,658.60,79.99,0.00,258.89,768.08,6.91
2022-09-27T18:14:01.723826,0.00,14.70,658.60,79.99,0.00,259.19,755.86,6.85
2022-09-27T18:15:01.317207,0.00,14.48,658.60,79.99,0.00,258.69,762.60,6.86
2022-09-27T18:16:01.893107,0.00,14.48,658.60,79.99,0.00,258.79,763.29,6.85
2022-09-27T18:17:01.474062,2.00,14.30,658.60,79.99,0.00,259.19,768.08,6.87
2022-09-27T18:18:02.055016,0.00,14.48,658.60,79.99,0.00,258.19,763.29,6.84
2022-09-27T18:19:01.640036,0.00,14.48,658.60,79.99,0.00,258.29,765.33,6.83
2022-09-27T18:20:01.236348,1.00,14.44,658.60,79.99,0.00,257.59,766.02,6.84
2022-09-27T18:21:01.830022,0.00,14.48,658.60,79.99,0.00,257.59,768.08,6.83
2022-09-27T18:22:01.412509,0.00,14.44,658.60,79.99,0.00,258.29,767.39,6.81
2022-09-27T18:23:02.006563,0.00,14.66,658.60,79.99,0.00,257.99,769.46,6.81
2022-09-27T18:24:01.602406,0.00,14.48,658.60,79.99,0.00,257.59,773.63,6.83
2022-09-27T18:25:02.184842,0.00,14.48,658.60,79.99,0.00,255.60,768.77,6.81
2022-09-27T18:26:01.770006,0.00,14.48,658.60,79.99,0.00,257.29,775.03,6.82
2022-09-27T18:27:01.358994,2.00,14.48,658.60,79.99,0.00,257.19,773.63,6.80
2022-09-27T18:28:01.942986,0.00,14.48,658.60,79.99,0.00,257.29,770.15,6.80
2022-09-27T18:29:01.528562,0.00,14.48,658.60,79.99,0.00,257.39,772.24,6.79
2022-09-27T18:30:02.123554,0.00,14.48,658.60,79.99,0.00,256.59,770.15,6.79
2022-09-27T18:31:01.708972,0.00,14.48,658.60,79.99,0.00,256.79,771.54,6.80
2022-09-27T18:32:01.287803,0.00,14.44,658.60,79.99,0.00,256.59,772.24,6.79
2022-09-27T18:33:01.871745,0.00,14.48,658.60,79.99,0.00,256.69,770.15,6.77
2022-09-27T18:34:01.464842,0.00,14.30,658.60,79.99,0.00,255.80,766.02,6.75
2022-09-27T18:35:02.054601,0.00,14.30,658.60,79.99,0.00,255.90,767.39,6.75
2022-09-27T18:36:01.640589,0.00,14.48,658.60,79.99,0.00,255.70,765.33,6.73
2022-09-27T18:37:01.221867,1.00,14.44,658.60,79.99,0.00,256.29,767.39,6.72
2022-09-27T18:38:01.813832,0.00,14.30,658.60,79.99,0.00,255.60,765.33,6.71
2022-09-27T18:39:01.393496,3.00,14.48,658.60,79.99,0.00,255.31,773.63,6.72
2022-09-27T18:40:01.973201,0.00,14.48,658.60,79.99,0.00,255.31,775.73,6.72
2022-09-27T18:41:01.544296,0.00,14.48,658.60,79.99,0.00,255.01,767.39,6.68
2022-09-27T18:42:02.125148,0.00,14.48,658.60,79.99,0.00,253.35,766.02,6.67
2022-09-27T18:43:01.710366,0.00,14.66,658.60,79.99,0.00,255.21,775.03,6.69
2022-09-27T18:44:01.291343,0.00,14.48,658.60,79.99,0.00,254.72,777.14,6.69
2022-09-27T18:45:01.873203,0.00,14.48,658.60,79.99,0.00,254.72,769.46,6.64
2022-09-27T18:46:01.454024,0.00,14.48,658.60,79.99,0.00,254.33,775.73,6.68
2022-09-27T18:47:02.033847,0.00,14.48,658.60,79.99,0.00,255.21,756.53,6.60
2022-09-27T18:48:01.615848,0.00,14.48,658.60,79.99,0.00,254.62,776.43,6.67
2022-09-27T18:49:02.210516,0.00,14.48,658.60,79.99,0.00,254.13,773.63,6.67
2022-09-27T18:50:01.800960,0.00,14.48,658.60,79.99,0.00,254.62,772.93,6.67
2022-09-27T18:51:01.383567,1.00,14.48,658.60,79.99,0.00,254.72,784.24,6.71
2022-09-27T18:52:01.975161,0.00,14.48,658.60,79.99,0.00,254.13,777.84,6.71
2022-09-27T18:53:01.568663,0.00,14.48,658.60,79.99,0.00,254.72,779.96,6.71
2022-09-27T18:54:02.151982,0.00,14.53,658.60,79.99,0.00,254.91,775.73,6.70
2022-09-27T18:55:01.732953,0.00,14.48,658.60,79.99,0.00,254.82,782.81,6.72
2022-09-27T18:56:01.309107,0.00,14.66,658.60,79.99,0.00,254.91,787.11,6.74
2022-09-27T18:57:01.896206,2.00,14.48,658.60,79.99,0.00,255.21,790.74,6.75
2022-09-27T18:58:01.480067,0.00,14.66,658.60,79.99,0.00,255.11,792.19,6.75
2022-09-27T18:59:02.069678,0.00,14.48,658.60,79.99,0.00,255.11,792.92,6.74
2022-09-27T19:00:01.652533,0.00,14.48,658.60,79.99,0.00,255.21,791.46,6.74
2022-09-27T19:01:01.249401,0.00,14.66,658.60,79.99,0.00,255.01,787.84,6.74
2022-09-27T19:02:01.846935,0.00,14.48,658.60,79.99,0.00,255.41,787.11,6.74
2022-09-27T19:03:01.426426,2.00,14.66,658.60,79.99,0.00,255.50,789.28,6.74
2022-09-27T19:04:02.009218,0.00,14.44,658.60,79.99,0.00,255.90,792.92,6.76
2022-09-27T19:05:01.601938,0.00,14.48,658.60,79.99,0.00,255.50,792.19,6.71
2022-09-27T19:06:02.184867,0.00,14.66,658.60,79.99,0.00,254.13,787.84,6.73
2022-09-27T19:07:01.769028,0.00,14.48,658.60,79.99,0.00,255.41,792.92,6.76
2022-09-27T19:08:01.359021,0.00,14.53,658.60,79.99,0.00,255.21,787.84,6.73
2022-09-27T19:09:01.942732,0.00,14.66,658.60,79.99,0.00,255.60,788.56,6.72
2022-09-27T19:10:01.519654,0.00,14.44,658.60,79.99,0.00,255.41,779.96,6.66
2022-09-27T19:11:02.103235,0.00,14.48,658.60,79.99,0.00,255.70,788.56,6.70
2022-09-27T19:12:01.684701,0.00,14.53,658.60,79.99,0.00,254.91,788.56,6.69
2022-09-27T19:13:01.268956,0.00,14.66,658.60,79.99,0.00,254.91,789.28,6.68
2022-09-27T19:14:01.859525,0.00,14.58,658.60,79.99,0.00,254.91,794.39,6.69
2022-09-27T19:15:01.443025,0.00,14.48,658.60,79.99,0.00,254.62,792.19,6.69
2022-09-27T19:16:02.023507,0.00,14.53,658.60,79.99,0.00,254.91,798.07,6.71
2022-09-27T19:17:01.607983,0.00,14.48,658.60,79.99,0.00,254.62,794.39,6.69
2022-09-27T19:18:02.192172,0.00,14.48,658.60,79.99,0.00,255.01,798.07,6.70
2022-09-27T19:19:01.774478,0.00,14.48,658.60,79.99,0.00,254.43,793.66,6.69
2022-09-27T19:20:01.361566,0.00,14.53,658.60,79.99,0.00,254.23,794.39,6.69
2022-09-27T19:21:01.953388,0.00,14.48,658.60,79.99,0.00,254.23,795.86,6.67
2022-09-27T19:22:01.538076,0.00,14.70,658.60,79.99,0.00,254.03,800.30,6.69
2022-09-27T19:23:02.116679,0.00,14.48,658.60,79.99,0.00,253.84,795.86,6.66
2022-09-27T19:24:01.700740,0.00,14.48,658.60,79.99,0.00,254.03,792.19,6.65
2022-09-27T19:25:01.283622,0.00,14.48,658.60,79.99,0.00,253.84,798.81,6.67
2022-09-27T19:26:01.865383,0.00,14.30,658.60,79.99,0.00,253.16,790.74,6.64
2022-09-27T19:27:01.449615,0.00,14.48,658.60,79.99,0.00,252.97,794.39,6.67
2022-09-27T19:28:02.046422,0.00,14.48,658.60,79.99,0.00,252.68,792.92,6.66
2022-09-27T19:29:01.629574,0.00,14.62,658.60,79.99,0.00,252.77,790.01,6.64
2022-09-27T19:30:01.220168,0.00,14.05,658.60,79.99,0.00,252.77,795.86,6.64
2022-09-27T19:31:01.793167,0.00,14.48,658.60,79.99,0.00,252.68,801.79,6.65
2022-09-27T19:32:01.389532,0.00,14.66,658.60,79.99,0.00,252.19,793.66,6.63
2022-09-27T19:33:01.981977,1.00,14.48,658.60,79.99,0.00,252.00,796.60,6.64
2022-09-27T19:34:01.577277,0.00,14.48,658.60,79.99,0.00,251.62,793.66,6.64
2022-09-27T19:35:02.161849,0.00,14.48,658.60,79.99,0.00,251.52,781.38,6.57
2022-09-27T19:36:01.744013,0.00,14.44,658.60,79.99,0.00,251.23,761.93,6.54
2022-09-27T19:37:01.336694,0.00,14.48,658.60,79.99,0.00,250.56,784.24,6.61
2022-09-27T19:38:01.923222,0.00,14.48,658.60,79.99,0.00,251.62,787.11,6.60
2022-09-27T19:39:01.500651,0.00,14.48,658.60,79.99,0.00,250.75,779.96,6.58
2022-09-27T19:40:02.089745,0.00,14.44,658.60,79.99,0.00,251.33,784.24,6.58
2022-09-27T19:41:01.673160,0.00,14.44,658.60,79.99,0.00,250.56,779.96,6.57
2022-09-27T19:42:01.253370,0.00,14.26,658.60,79.99,0.00,251.04,783.52,6.57
2022-09-27T19:43:01.836874,0.00,14.48,658.60,79.99,0.00,251.04,782.10,6.55
2022-09-27T19:44:01.423625,0.00,14.44,658.60,79.99,0.00,250.37,776.43,6.53
2022-09-27T19:45:02.010836,0.00,14.09,658.60,79.99,0.00,250.37,784.24,6.56
2022-09-27T19:46:01.597192,0.00,14.26,658.60,79.99,0.00,249.52,776.43,6.53
2022-09-27T19:47:02.183742,0.00,14.48,658.60,79.99,0.00,250.28,777.14,6.52
2022-09-27T19:48:01.785745,0.00,14.48,658.60,79.99,0.00,249.99,776.43,6.51
2022-09-27T19:49:01.372416,0.00,14.44,658.60,79.99,0.00,249.90,777.14,6.51
2022-09-27T19:50:01.968750,0.00,14.44,658.60,79.99,0.00,249.23,779.96,6.52
2022-09-27T19:51:01.542973,0.00,14.30,658.60,79.99,0.00,249.61,782.10,6.52
2022-09-27T19:52:02.132341,0.00,14.62,658.60,79.99,0.00,249.71,782.81,6.52
2022-09-27T19:53:01.714201,0.00,14.48,658.60,79.99,0.00,249.33,779.96,6.50
2022-09-27T19:54:01.290630,0.00,14.48,658.60,79.99,0.00,249.14,779.96,6.49
2022-09-27T19:55:01.873708,5.00,14.30,658.60,79.99,0.00,249.33,781.38,6.49
2022-09-27T19:56:01.459655,0.00,14.26,658.60,79.99,0.00,248.86,784.96,6.50
2022-09-27T19:57:02.039066,0.00,14.44,658.60,79.99,0.00,249.04,778.55,6.47
2022-09-27T19:58:01.619774,0.00,14.48,658.60,79.99,0.00,248.76,782.10,6.48
2022-09-27T19:59:02.205649,0.00,14.21,658.60,79.99,0.00,247.92,779.96,6.46
2022-09-27T20:00:01.796593,0.00,14.44,658.60,79.99,0.00,248.39,777.14,6.44
2022-09-27T20:01:01.383160,0.00,14.48,658.60,79.99,0.00,248.57,778.55,6.44
2022-09-27T20:02:01.966216,0.00,14.48,658.60,79.99,0.00,247.92,769.46,6.40
2022-09-27T20:03:01.550498,0.00,14.30,658.60,79.99,0.00,247.45,768.08,6.37
2022-09-27T20:04:02.132714,0.00,14.44,658.60,79.99,0.00,247.64,768.77,6.34
2022-09-27T20:05:01.716880,0.00,14.26,658.60,79.99,0.00,247.08,759.89,6.28
2022-09-27T20:06:01.297551,0.00,14.26,658.60,79.99,0.00,246.70,761.25,6.25
2022-09-27T20:07:01.883216,0.00,14.48,658.60,79.99,0.00,246.33,767.39,6.23
2022-09-27T20:08:01.469245,0.00,14.09,658.60,79.99,0.00,246.15,768.77,6.19
2022-09-27T20:09:02.043609,0.00,14.26,658.60,79.99,0.00,245.78,766.70,6.18
2022-09-27T20:10:01.624685,2.00,14.48,658.60,79.99,0.00,244.95,768.77,6.15
2022-09-27T20:11:01.205642,0.00,14.21,658.60,79.99,0.00,245.04,774.33,6.11
2022-09-27T20:12:01.785573,0.00,14.44,658.60,79.99,0.00,243.39,633.23,5.66
2022-09-27T20:13:01.374674,0.00,14.30,658.60,79.99,0.00,244.40,773.63,6.09
2022-09-27T20:14:01.960044,0.00,14.48,658.60,79.99,0.00,244.40,773.63,6.08
2022-09-27T20:15:01.538026,0.00,14.26,658.60,79.99,0.00,243.85,772.24,6.05
2022-09-27T20:16:02.118627,0.00,14.44,658.60,79.99,0.00,243.67,772.93,6.05
2022-09-27T20:17:01.709028,0.00,14.26,658.60,79.99,0.00,243.48,768.08,6.02
2022-09-27T20:18:01.287430,0.00,14.48,658.60,79.99,0.00,243.03,768.77,6.03
2022-09-27T20:19:01.867948,0.00,14.38,658.60,79.99,0.00,242.49,763.97,6.00
2022-09-27T20:20:01.450783,2.00,14.30,658.60,79.99,0.00,243.21,773.63,6.01
2022-09-27T20:21:02.032716,0.00,14.44,658.60,79.99,0.00,243.03,767.39,5.96
2022-09-27T20:22:01.614739,0.00,14.26,658.60,79.99,0.00,242.58,768.77,5.98
2022-09-27T20:23:02.194650,0.00,14.44,658.60,79.99,0.00,242.49,762.60,5.96
2022-09-27T20:24:01.778546,0.00,14.05,658.60,79.99,0.00,242.12,763.29,5.97
2022-09-27T20:25:01.362977,0.00,14.48,658.60,79.99,0.00,242.21,763.29,5.97
2022-09-27T20:26:01.943733,0.00,14.21,658.60,79.99,0.00,242.40,766.02,5.97
2022-09-27T20:27:01.523747,0.00,14.44,658.60,79.99,0.00,242.67,768.08,5.96
2022-09-27T20:28:02.108438,0.00,14.05,658.60,79.99,0.00,242.12,760.57,5.94
2022-09-27T20:29:01.690569,0.00,14.05,658.60,79.99,0.00,241.94,762.60,5.94
2022-09-27T20:30:01.269274,0.00,14.44,658.60,79.99,0.00,241.49,768.77,5.92
2022-09-27T20:31:01.851165,0.00,14.26,658.60,79.99,0.00,241.05,764.65,5.89
2022-09-27T20:32:01.428506,0.00,14.44,658.60,79.99,0.00,241.05,772.24,5.88
2022-09-27T20:33:02.011913,0.00,14.38,658.60,79.99,0.00,240.33,772.93,5.87
2022-09-27T20:34:01.602772,0.00,14.44,658.60,79.99,0.00,239.62,768.08,5.84
2022-09-27T20:35:02.185104,1.00,14.44,658.60,79.99,0.00,239.36,773.63,5.85
2022-09-27T20:36:01.769757,0.00,14.26,658.60,79.99,0.00,239.71,773.63,5.82
2022-09-27T20:37:01.356937,2.00,14.26,658.60,79.99,0.00,239.44,777.14,5.82
2022-09-27T20:38:01.940499,0.00,14.44,658.60,79.99,0.00,239.80,772.93,5.78
2022-09-27T20:39:01.522859,1.00,14.30,658.60,79.99,0.00,239.09,775.73,5.77
2022-09-27T20:40:02.111490,1.00,14.05,658.60,79.99,0.00,238.74,772.93,5.76
2022-09-27T20:41:01.693119,0.00,14.05,658.60,79.99,0.00,239.18,772.93,5.72
2022-09-27T20:42:01.271524,0.00,14.26,658.60,79.99,0.00,238.83,776.43,5.71
2022-09-27T20:43:01.858659,0.00,14.30,658.60,79.99,0.00,237.68,772.24,5.68
2022-09-27T20:44:01.441681,0.00,14.30,658.60,79.99,0.00,237.42,775.03,5.65
2022-09-27T20:45:02.022526,0.00,14.05,658.60,79.99,0.00,237.16,770.85,5.62
2022-09-27T20:46:01.608441,0.00,14.21,658.60,79.99,0.00,236.72,774.33,5.61
2022-09-27T20:47:02.190566,2.00,13.99,658.60,79.99,0.00,236.64,776.43,5.58
2022-09-27T20:48:01.780199,0.00,14.05,658.60,79.99,0.00,235.86,770.85,5.53
2022-09-27T20:49:01.364163,0.00,14.05,658.60,79.99,0.00,235.77,769.46,5.49
2022-09-27T20:50:01.945175,0.00,14.30,658.60,79.99,0.00,233.97,759.22,5.44
2022-09-27T20:51:01.526777,0.00,13.99,658.60,79.99,0.00,234.31,752.53,5.40
2022-09-27T20:52:02.111401,0.00,14.05,658.60,79.99,0.00,233.88,748.57,5.37
2022-09-27T20:53:01.701916,1.00,13.99,658.60,79.99,0.00,233.29,745.95,5.32
2022-09-27T20:54:01.283383,0.00,14.05,658.60,79.99,0.00,232.69,739.48,5.26
2022-09-27T20:55:01.865738,0.00,13.99,658.60,79.99,0.00,232.36,726.84,5.19
2022-09-27T20:56:01.450530,0.00,14.21,658.60,79.99,0.00,231.77,715.21,5.13
2022-09-27T20:57:02.034170,2.00,13.99,658.60,79.99,0.00,231.26,712.80,5.08
2022-09-27T20:58:01.615294,0.00,13.99,658.60,79.99,0.00,230.35,701.57,5.04
2022-09-27T20:59:01.190925,0.00,13.99,658.60,79.99,0.00,230.10,688.41,4.97
2022-09-27T21:00:01.773126,0.00,13.99,658.60,79.99,0.00,229.19,671.38,4.89
2022-09-27T21:01:01.350878,0.00,13.99,658.60,79.99,0.00,228.53,662.89,4.84
2022-09-27T21:02:01.933898,0.00,13.99,658.60,79.99,0.00,228.12,661.32,4.79
2022-09-27T21:03:01.520029,0.00,13.99,658.60,79.99,0.00,227.14,657.17,4.73
2022-09-27T21:04:02.111483,0.00,13.99,658.60,79.99,0.00,226.65,651.54,4.67
2022-09-27T21:05:01.693814,0.00,13.99,658.60,79.99,0.00,226.41,647.50,4.63
2022-09-27T21:06:01.271024,0.00,13.99,658.60,79.99,0.00,225.76,644.00,4.57
2022-09-27T21:07:01.858432,0.00,13.99,658.60,79.99,0.00,225.28,639.55,4.53
2022-09-27T21:08:01.432006,0.00,13.99,658.60,79.99,0.00,224.48,641.03,4.48
2022-09-27T21:09:02.028463,0.00,13.99,658.60,79.99,0.00,224.24,640.54,4.43
2022-09-27T21:10:01.611209,0.00,13.95,658.60,79.99,0.00,223.92,640.05,4.40
2022-09-27T21:11:02.193228,0.00,13.99,658.60,79.99,0.00,223.37,637.11,4.35
2022-09-27T21:12:01.773581,5.00,13.95,658.60,79.99,0.00,223.13,642.02,3.94
2022-09-27T21:13:01.363764,0.00,13.82,658.60,79.99,0.00,221.79,636.62,4.24
2022-09-27T21:14:01.946868,0.00,13.99,658.60,79.99,0.00,221.17,640.05,4.21
2022-09-27T21:15:01.531003,0.00,13.99,658.60,79.99,0.00,221.01,647.00,4.17
2022-09-27T21:16:02.113992,0.00,13.99,658.60,79.99,0.00,221.01,654.60,4.13
2022-09-27T21:17:01.705198,0.00,13.82,658.60,79.99,0.00,220.47,658.20,4.10
2022-09-27T21:18:01.284633,0.00,13.82,658.60,79.99,0.00,220.16,654.60,4.06
2022-09-27T21:19:01.864759,0.00,13.95,658.60,79.99,0.00,219.00,658.72,4.02
2022-09-27T21:20:01.456988,0.00,13.99,658.60,79.99,0.00,220.08,667.64,4.00
2022-09-27T21:21:02.036535,0.00,13.99,658.60,79.99,0.00,219.38,669.77,3.97
2022-09-27T21:22:01.617991,0.00,13.99,658.60,79.99,0.00,218.69,676.79,3.94
2022-09-27T21:23:01.200651,0.00,13.99,658.60,79.99,0.00,218.92,683.38,3.91
2022-09-27T21:24:01.781975,0.00,13.82,658.60,79.99,0.00,218.08,680.07,3.87
2022-09-27T21:25:01.365775,0.00,13.99,658.60,79.99,0.00,217.85,686.73,3.84
2022-09-27T21:26:01.964541,0.00,13.99,658.60,79.99,0.00,215.74,686.17,3.82
2022-09-27T21:27:01.539858,0.00,13.99,658.60,79.99,0.00,217.02,692.37,3.80
2022-09-27T21:28:02.117840,0.00,13.99,658.60,79.99,0.00,216.64,694.65,3.77
2022-09-27T21:29:01.701504,0.00,13.99,658.60,79.99,0.00,216.19,698.67,3.76
2022-09-27T21:30:01.284967,0.00,13.82,658.60,79.99,0.00,215.96,702.15,3.73
2022-09-27T21:31:01.867637,0.00,13.82,658.60,79.99,0.00,215.89,706.26,3.72
2022-09-27T21:32:01.452237,3.00,13.99,658.60,79.99,0.00,215.29,707.44,3.69
2022-09-27T21:33:02.034133,2.00,13.99,658.60,79.99,0.00,214.69,699.83,3.65
2022-09-27T21:34:01.614917,0.00,13.95,658.60,79.99,0.00,213.29,691.80,3.62
2022-09-27T21:35:02.200069,0.00,13.95,658.60,79.99,0.00,214.84,685.61,3.60
2022-09-27T21:36:01.792579,0.00,13.99,658.60,79.99,0.00,214.18,682.28,3.59
2022-09-27T21:37:01.373649,0.00,13.99,658.60,79.99,0.00,213.66,670.31,3.55
2022-09-27T21:38:01.955426,0.00,13.99,658.60,79.99,0.00,213.36,669.77,3.54
2022-09-27T21:39:01.535449,0.00,13.82,658.60,79.99,0.00,211.97,669.24,3.51
2022-09-27T21:40:02.127166,0.00,13.99,658.60,79.99,0.00,212.12,668.17,3.48
2022-09-27T21:41:01.717266,0.00,13.99,658.60,79.99,0.00,212.41,659.24,3.46
2022-09-27T21:42:01.292680,0.00,13.99,658.60,79.99,0.00,212.12,663.42,3.44
2022-09-27T21:43:01.869943,0.00,13.99,658.60,79.99,0.00,211.39,668.17,3.42
2022-09-27T21:44:01.460550,0.00,13.99,658.60,79.99,0.00,211.39,669.24,3.39
2022-09-27T21:45:02.038405,0.00,13.99,658.60,79.99,0.00,211.32,669.77,3.38
2022-09-27T21:46:01.618001,0.00,13.99,658.60,79.99,0.00,210.52,664.47,3.36
2022-09-27T21:47:01.201274,0.00,13.99,658.60,79.99,0.00,210.74,668.71,3.34
2022-09-27T21:48:01.783321,0.00,13.99,658.60,79.99,0.00,209.80,668.71,3.32
2022-09-27T21:49:01.365605,0.00,13.99,658.60,79.99,0.00,209.09,669.77,3.29
2022-09-27T21:50:01.949640,0.00,13.99,658.60,79.99,0.00,209.37,682.83,3.29
2022-09-27T21:51:01.532590,0.00,13.99,658.60,79.99,0.00,208.73,685.05,3.28
2022-09-27T21:52:02.118047,0.00,13.99,658.60,79.99,0.00,208.24,685.05,3.25
2022-09-27T21:53:01.702206,0.00,13.99,658.60,79.99,0.00,208.02,688.41,3.24
2022-09-27T21:54:01.283919,0.00,13.99,658.60,79.99,0.00,207.74,689.54,3.22
2022-09-27T21:55:01.866258,0.00,13.99,658.60,79.99,0.00,207.67,689.54,3.20
2022-09-27T21:56:01.450562,0.00,13.95,658.60,79.99,0.00,207.53,698.09,3.19
2022-09-27T21:57:02.041143,0.00,13.99,658.60,79.99,0.00,206.76,696.94,3.17
2022-09-27T21:58:01.618971,0.00,13.99,658.60,79.99,0.00,206.62,696.94,3.16
2022-09-27T21:59:02.213643,0.00,13.99,658.60,79.99,0.00,206.06,693.51,3.15
2022-09-27T22:00:01.791393,0.00,13.99,658.60,79.99,0.00,205.22,688.97,3.12
2022-09-27T22:01:01.374109,0.00,14.26,658.60,79.99,0.00,205.09,688.41,3.11
2022-09-27T22:02:01.964366,0.00,13.99,658.60,79.99,0.00,204.74,688.41,3.10
2022-09-27T22:03:01.540773,0.00,13.99,658.60,79.99,0.00,204.88,694.08,3.09
2022-09-27T22:04:02.122631,2.00,13.82,658.60,79.99,0.00,205.22,692.94,3.07
2022-09-27T22:05:01.715460,0.00,13.99,658.60,79.99,0.00,204.53,700.99,3.06
2022-09-27T22:06:01.292568,0.00,13.99,658.60,79.99,0.00,203.98,696.37,3.05
2022-09-27T22:07:01.874000,0.00,13.99,658.60,79.99,0.00,203.64,690.67,3.04
2022-09-27T22:08:01.449856,0.00,13.99,658.60,79.99,0.00,203.23,678.43,3.02
2022-09-27T22:09:02.032110,0.00,14.38,658.60,79.99,0.00,203.30,685.05,3.02
2022-09-27T22:10:01.614260,0.00,14.05,658.60,79.99,0.00,203.10,687.29,3.00
2022-09-27T22:11:02.194934,0.00,13.99,658.60,79.99,0.00,202.55,690.10,2.99
2022-09-27T22:12:01.790155,0.00,14.21,658.60,79.99,0.00,202.15,620.92,2.87
2022-09-27T22:13:01.377195,0.00,14.05,658.60,79.99,0.00,201.61,691.23,2.94
2022-09-27T22:14:01.961735,0.00,13.99,658.60,79.99,0.00,202.01,697.52,2.95
2022-09-27T22:15:01.554185,0.00,13.99,658.60,79.99,0.00,201.27,698.67,2.94
2022-09-27T22:16:02.134678,1.00,13.99,658.60,79.99,0.00,200.60,694.65,2.92
2022-09-27T22:17:01.718981,0.00,13.99,658.60,79.99,0.00,200.47,696.37,2.91
2022-09-27T22:18:01.307983,0.00,13.99,658.60,79.99,0.00,200.47,705.08,2.91
2022-09-27T22:19:01.891696,0.00,13.99,658.60,79.99,0.00,200.93,711.00,2.90
2022-09-27T22:20:01.473295,0.00,13.99,658.60,79.99,0.00,200.40,714.60,2.89
2022-09-27T22:21:02.045311,0.00,13.99,658.60,79.99,0.00,199.87,716.41,2.88
2022-09-27T22:22:01.629772,0.00,13.99,658.60,79.99,0.00,200.00,723.75,2.87
2022-09-27T22:23:01.213047,0.00,14.26,658.60,79.99,0.00,199.80,726.84,2.86
2022-09-27T22:24:01.808161,0.00,13.99,658.60,79.99,0.00,199.54,728.71,2.85
2022-09-27T22:25:01.395661,0.00,14.21,658.60,79.99,0.00,200.00,740.12,2.86
2022-09-27T22:26:01.981029,0.00,14.44,658.60,79.99,0.00,199.67,736.92,2.85
2022-09-27T22:27:01.570666,0.00,14.05,658.60,79.99,0.00,199.67,735.65,2.82
2022-09-27T22:28:02.152988,1.00,14.21,658.60,79.99,0.00,199.07,743.35,2.83
2022-09-27T22:29:01.735493,2.00,14.26,658.60,79.99,0.00,198.74,749.89,2.82
2022-09-27T22:30:01.330462,0.00,14.21,658.60,79.99,0.00,198.35,748.57,2.82
2022-09-27T22:31:01.908328,0.00,13.99,658.60,79.99,0.00,198.61,752.53,2.81
2022-09-27T22:32:01.497463,2.00,14.26,658.60,79.99,0.00,197.96,744.65,2.80
2022-09-27T22:33:02.087900,0.00,13.99,658.60,79.99,0.00,197.82,749.89,2.80
2022-09-27T22:34:01.671327,0.00,13.99,658.60,79.99,0.00,197.43,741.41,2.79
2022-09-27T22:35:01.253163,0.00,14.21,658.60,79.99,0.00,197.17,738.20,2.78
2022-09-27T22:36:01.849142,0.00,14.38,658.60,79.99,0.00,196.85,738.20,2.76
2022-09-27T22:37:01.432648,0.00,13.99,658.60,79.99,0.00,196.85,747.92,2.77
2022-09-27T22:38:02.014230,0.00,14.26,658.60,79.99,0.00,196.65,749.89,2.75
2022-09-27T22:39:01.589943,0.00,14.21,658.60,79.99,0.00,196.39,748.57,2.75
2022-09-27T22:40:02.168415,0.00,14.21,658.60,79.99,0.00,196.14,750.55,2.74
2022-09-27T22:41:01.752082,0.00,14.21,658.60,79.99,0.00,196.07,751.21,2.73
2022-09-27T22:42:01.339393,0.00,14.21,658.60,79.99,0.00,195.62,755.86,2.73
2022-09-27T22:43:01.922561,0.00,14.21,658.60,79.99,0.00,195.69,758.55,2.72
2022-09-27T22:44:01.504454,1.00,14.05,658.60,79.99,0.00,194.92,757.20,2.72
2022-09-27T22:45:02.103701,0.00,14.30,658.60,79.99,0.00,194.92,759.22,2.71
2022-09-27T22:46:01.690308,0.00,14.05,658.60,79.99,0.00,194.60,757.87,2.70
2022-09-27T22:47:01.273237,1.00,14.30,658.60,79.99,0.00,194.28,755.86,2.69
2022-09-27T22:48:01.860770,0.00,14.26,658.60,79.99,0.00,193.77,751.21,2.68
2022-09-27T22:49:01.433888,1.00,14.21,658.60,79.99,0.00,193.77,753.86,2.68
2022-09-27T22:50:02.016405,0.00,13.99,658.60,79.99,0.00,193.58,753.86,2.67
2022-09-27T22:51:01.609544,0.00,13.99,658.60,79.99,0.00,193.65,759.89,2.67
2022-09-27T22:52:02.192395,0.00,13.99,658.60,79.99,0.00,193.39,759.22,2.66
2022-09-27T22:53:01.773725,0.00,14.26,658.60,79.99,0.00,193.33,765.33,2.66
2022-09-27T22:54:01.360114,0.00,14.26,658.60,79.99,0.00,193.46,769.46,2.66
2022-09-27T22:55:01.942105,0.00,14.05,658.60,79.99,0.00,193.33,767.39,2.65
2022-09-27T22:56:01.533897,0.00,14.38,658.60,79.99,0.00,193.01,775.73,2.65
2022-09-27T22:57:02.122894,0.00,13.99,658.60,79.99,0.00,192.76,776.43,2.64
2022-09-27T22:58:01.704523,0.00,14.26,658.60,79.99,0.00,192.58,775.03,2.63
2022-09-27T22:59:01.284917,0.00,14.44,658.60,79.99,0.00,192.26,779.96,2.63
2022-09-27T23:00:01.904241,0.00,13.95,658.60,79.99,0.00,192.01,758.55,2.58
2022-09-27T23:01:01.532968,0.00,14.26,658.60,79.99,0.00,192.01,783.52,2.61
2022-09-27T23:02:02.114698,0.00,14.44,658.60,79.99,0.00,191.76,786.39,2.61
2022-09-27T23:03:01.698580,0.00,14.30,658.60,79.99,0.00,191.58,791.46,2.61
2022-09-27T23:04:01.282399,0.00,14.30,658.60,79.99,0.00,191.14,786.39,2.59
2022-09-27T23:05:01.864637,0.00,14.26,658.60,79.99,0.00,191.20,784.24,2.59
2022-09-27T23:06:01.459734,4.00,14.21,658.60,79.99,0.00,190.83,790.74,2.59
2022-09-27T23:07:02.039200,0.00,14.05,658.60,79.99,0.00,190.46,784.24,2.58
2022-09-27T23:08:01.619766,0.00,14.09,658.60,79.99,0.00,190.28,792.19,2.58
2022-09-27T23:09:02.212622,0.00,14.44,658.60,79.99,0.00,190.09,790.01,2.57
2022-09-27T23:10:01.789503,0.00,14.26,658.60,79.99,0.00,189.60,787.84,2.57
2022-09-27T23:11:01.368678,0.00,14.38,658.60,79.99,0.00,189.36,783.52,2.56
2022-09-27T23:12:01.951875,0.00,14.26,658.60,79.99,0.00,189.24,783.52,2.55
2022-09-27T23:13:01.530268,0.00,14.30,658.60,79.99,0.00,189.05,781.38,2.55
2022-09-27T23:14:02.112664,0.00,14.48,658.60,79.99,0.00,188.99,790.01,2.55
2022-09-27T23:15:01.692746,0.00,14.44,658.60,79.99,0.00,188.87,794.39,2.54
2022-09-27T23:16:01.268620,0.00,14.26,658.60,79.99,0.00,188.69,804.03,2.54
2022-09-27T23:17:01.855362,0.00,14.26,658.60,79.99,0.00,188.14,795.12,2.54
2022-09-27T23:18:01.446202,0.00,14.48,658.60,79.99,0.00,188.02,799.56,2.53
2022-09-27T23:19:02.044672,0.00,14.26,658.60,79.99,0.00,187.96,798.81,2.52
2022-09-27T23:20:01.623712,0.00,14.44,658.60,79.99,0.00,187.72,801.04,2.52
2022-09-27T23:21:01.203704,0.00,14.48,658.60,79.99,0.00,187.84,810.84,2.52
2022-09-27T23:22:01.783772,0.00,14.48,658.60,79.99,0.00,187.66,807.05,2.52
2022-09-27T23:23:01.363337,0.00,14.48,658.60,79.99,0.00,186.94,807.05,2.51
2022-09-27T23:24:01.944631,0.00,14.48,658.60,79.99,0.00,187.24,804.79,2.50
2022-09-27T23:25:01.529357,0.00,14.21,658.60,79.99,0.00,187.18,809.32,2.50
2022-09-27T23:26:02.116755,0.00,14.48,658.60,79.99,0.00,186.58,808.56,2.49
2022-09-27T23:27:01.710130,0.00,14.44,658.60,79.99,0.00,186.52,807.05,2.49
2022-09-27T23:28:01.288311,0.00,14.26,658.60,79.99,0.00,186.34,806.29,2.48
2022-09-27T23:29:01.870963,0.00,14.48,658.60,79.99,0.00,186.16,807.80,2.48
2022-09-27T23:30:01.453753,1.00,14.38,658.60,79.99,0.00,186.16,816.98,2.48
2022-09-27T23:31:02.034101,0.00,14.48,658.60,79.99,0.00,185.69,807.80,2.46
2022-09-27T23:32:01.615140,0.00,14.21,658.60,79.99,0.00,185.63,819.31,2.48
2022-09-27T23:33:02.198784,0.00,14.48,658.60,79.99,0.00,185.45,820.87,2.47
2022-09-27T23:34:01.792327,0.00,14.30,658.60,79.99,0.00,185.33,823.21,2.46
2022-09-27T23:35:01.370489,1.00,14.44,658.60,79.99,0.00,185.51,831.93,2.46
2022-09-27T23:36:01.965531,0.00,14.48,658.60,79.99,0.00,185.39,823.21,2.45
2022-09-27T23:37:01.540290,0.00,14.48,658.60,79.99,0.00,185.51,831.13,2.45
2022-09-27T23:38:02.131538,0.00,14.48,658.60,79.99,0.00,185.15,831.93,2.45
2022-09-27T23:39:01.712414,2.00,14.48,658.60,79.99,0.00,185.04,835.14,2.45
2022-09-27T23:40:01.288531,0.00,14.44,658.60,79.99,0.00,184.68,836.75,2.44
2022-09-27T23:41:01.869097,0.00,14.48,658.60,79.99,0.00,184.45,839.19,2.44
2022-09-27T23:42:01.451863,0.00,14.48,658.60,79.99,0.00,183.75,831.93,2.43
2022-09-27T23:43:02.032525,1.00,14.48,658.60,79.99,0.00,184.10,835.14,2.43
2022-09-27T23:44:01.614117,0.00,14.48,658.60,79.99,0.00,183.75,833.53,2.42
2022-09-27T23:45:01.206137,0.00,14.44,658.60,79.99,0.00,183.63,835.95,2.42
2022-09-27T23:46:01.786038,0.00,14.48,658.60,79.99,0.00,182.82,827.15,2.41
2022-09-27T23:47:01.369505,1.00,14.30,658.60,79.99,0.00,182.36,824.79,2.41
2022-09-27T23:48:01.952480,0.00,14.38,658.60,79.99,0.00,182.59,825.57,2.40
2022-09-27T23:49:01.534051,0.00,14.48,658.60,79.99,0.00,182.01,816.98,2.40
2022-09-27T23:50:02.115305,0.00,14.44,658.60,79.99,0.00,181.84,821.65,2.40
2022-09-27T23:51:01.694631,0.00,14.48,658.60,79.99,0.00,181.72,823.21,2.39
2022-09-27T23:52:01.270864,0.00,14.44,658.60,79.99,0.00,181.95,830.33,2.39
2022-09-27T23:53:01.859081,0.00,14.48,658.60,79.99,0.00,181.67,829.53,2.38
2022-09-27T23:54:01.433500,0.00,14.30,658.60,79.99,0.00,181.44,827.95,2.38
2022-09-27T23:55:02.025805,0.00,14.48,658.60,79.99,0.00,181.55,832.73,2.38
2022-09-27T23:56:01.609606,0.00,14.44,658.60,79.99,0.00,180.98,832.73,2.38
2022-09-27T23:57:02.192646,0.00,14.48,658.60,79.99,0.00,180.87,825.57,2.36
2022-09-27T23:58:01.772630,0.00,14.44,658.60,79.99,0.00,180.64,838.37,2.37
2022-09-27T23:59:01.359026,0.00,14.48,658.60,79.99,0.00,180.13,835.14,2.36