2022-09-28T05:42:01.753133,0.00,14.97,658.60,79.99,0.00,137.33,936.55,1.84
2022-09-28T05:43:01.342304,0.00,15.02,658.60,79.99,0.00,137.18,946.64,1.84
2022-09-28T05:44:01.923738,0.00,15.10,658.60,79.99,0.00,137.22,952.80,1.84
2022-09-28T05:45:01.504867,0.00,14.70,658.60,79.99,0.00,136.76,949.71,1.84
2022-09-28T05:46:02.099709,0.00,14.70,658.60,79.99,0.00,136.88,950.74,1.84
2022-09-28T05:47:01.682333,0.00,14.97,658.60,79.99,0.00,136.80,943.59,1.84
2022-09-28T05:48:01.260061,0.00,14.97,658.60,79.99,0.00,136.84,939.56,1.84
2022-09-28T05:49:01.842571,0.00,14.97,658.60,79.99,0.00,137.07,943.59,1.84
2022-09-28T05:50:01.424727,0.00,14.97,658.60,79.99,0.00,136.91,949.71,1.84
2022-09-28T05:51:02.005348,0.00,14.97,658.60,79.99,0.00,136.20,941.57,1.84
2022-09-28T05:52:01.600003,2.00,14.97,658.60,79.99,0.89,136.73,946.64,1.84
2022-09-28T05:53:02.182467,0.00,14.97,658.60,79.99,0.89,136.73,947.67,1.84
2022-09-28T05:54:01.755091,0.00,14.97,658.60,79.99,0.89,136.20,934.55,1.84
2022-09-28T05:55:01.349121,0.00,14.97,658.60,79.99,0.89,136.27,930.59,1.84
2022-09-28T05:56:01.939847,0.00,14.92,658.60,79.99,0.89,135.90,918.88,1.84
2022-09-28T05:57:01.522736,0.00,14.97,658.60,79.99,0.00,135.86,917.91,1.84
2022-09-28T05:58:02.103785,0.00,14.97,658.60,79.99,0.00,135.75,915.03,1.84
2022-09-28T05:59:01.684828,0.00,14.97,658.60,79.99,0.00,135.90,911.22,1.84
2022-09-28T06:00:01.270300,0.00,14.97,658.60,79.99,0.00,135.71,912.17,1.84
2022-09-28T06:01:01.858763,0.00,14.97,658.60,79.99,0.00,135.34,909.33,1.83
2022-09-28T06:02:01.441952,0.00,14.92,658.60,79.99,1.16,135.53,918.88,1.84
2022-09-28T06:03:02.023915,0.00,14.92,658.60,79.99,1.16,135.42,909.33,1.83
2022-09-28T06:04:01.609893,0.00,14.92,658.60,79.99,1.16,135.01,908.38,1.83
2022-09-28T06:05:02.206879,0.00,14.92,658.60,79.99,0.00,135.04,909.33,1.83
2022-09-28T06:06:01.786009,0.00,14.97,658.60,79.99,0.41,134.82,906.50,1.83
2022-09-28T06:07:01.377853,0.00,14.70,658.60,79.99,0.41,134.68,905.56,1.83
2022-09-28T06:08:01.962380,0.00,14.97,658.60,79.99,0.41,134.71,898.11,1.83
2022-09-28T06:09:01.555989,0.00,14.92,658.60,79.99,2.32,134.45,893.52,1.83
2022-09-28T06:10:02.140072,0.00,14.70,658.60,79.99,0.47,134.23,893.52,1.83
2022-09-28T06:11:01.722854,0.00,14.92,658.60,79.99,1.35,134.05,877.33,1.82
2022-09-28T06:12:01.313840,0.00,14.97,658.60,79.99,1.35,133.83,874.69,1.82
2022-09-28T06:13:01.894416,0.00,14.70,658.60,79.99,0.83,133.76,877.33,1.82
2022-09-28T06:14:01.471706,0.00,14.70,658.60,79.99,2.51,133.87,877.33,1.82
2022-09-28T06:15:02.044819,0.00,14.76,658.60,79.99,0.89,133.54,879.10,1.82
2022-09-28T06:16:01.629336,0.00,14.97,658.60,79.99,2.51,133.65,885.36,1.82
2022-09-28T06:17:01.216177,0.00,14.70,658.60,79.99,0.89,133.68,891.69,1.82
2022-09-28T06:18:01.810323,0.00,14.76,658.60,79.99,0.89,133.43,895.35,1.82
2022-09-28T06:19:01.393257,0.00,14.70,658.60,79.99,1.53,133.39,895.35,1.82
2022-09-28T06:20:01.974417,0.00,14.97,658.60,79.99,1.53,133.32,894.43,1.82
2022-09-28T06:21:01.565272,0.00,14.76,658.60,79.99,5.81,133.14,900.89,1.82
2022-09-28T06:22:02.149677,0.00,14.97,658.60,79.99,2.69,133.17,900.89,1.82
2022-09-28T06:23:01.738188,0.00,14.92,658.60,79.99,2.69,132.99,888.97,1.82
2022-09-28T06:24:01.332961,0.00,14.76,658.60,79.99,1.30,132.78,874.69,1.82
2022-09-28T06:25:01.909979,0.00,14.70,658.60,79.99,1.72,132.49,866.85,1.81
2022-09-28T06:26:01.492898,0.00,14.97,658.60,79.99,1.66,132.49,869.45,1.81
2022-09-28T06:27:02.085183,0.00,14.92,658.60,79.99,1.66,132.31,867.71,1.81
2022-09-28T06:28:01.669434,0.00,14.97,658.60,79.99,1.72,132.31,863.40,1.81
2022-09-28T06:29:01.252575,0.00,14.76,658.60,79.99,2.69,132.34,869.45,1.81
2022-09-28T06:30:01.848414,0.00,14.97,658.60,79.99,1.72,131.98,869.45,1.81
2022-09-28T06:31:01.432223,0.00,14.97,658.60,79.99,1.72,131.95,872.06,1.81
2022-09-28T06:32:02.014853,0.00,14.76,658.60,79.99,1.72,131.80,876.45,1.81
2022-09-28T06:33:01.608671,0.00,14.76,658.60,79.99,1.66,131.80,870.32,1.80
2022-09-28T06:34:02.191413,0.00,14.70,658.60,79.99,2.88,131.55,872.93,1.81
2022-09-28T06:35:01.773213,0.00,14.97,658.60,79.99,1.78,131.34,875.57,1.81
2022-09-28T06:36:01.349871,0.00,14.87,658.60,79.99,1.78,131.41,871.19,1.80
2022-09-28T06:37:01.932621,0.00,14.92,658.60,79.99,2.07,131.27,873.81,1.80
2022-09-28T06:38:01.513636,0.00,14.92,658.60,79.99,2.07,131.31,873.81,1.81
2022-09-28T06:39:02.109547,0.00,14.92,658.60,79.99,3.06,131.48,870.32,1.80
2022-09-28T06:40:01.694539,0.00,14.97,658.60,79.99,4.22,131.13,879.10,1.80
2022-09-28T06:41:01.278992,0.00,14.97,658.60,79.99,5.39,131.20,877.33,1.80
2022-09-28T06:42:01.862133,0.00,14.76,658.60,79.99,5.39,131.13,881.77,1.80
2022-09-28T06:43:01.434246,0.00,14.76,658.60,79.99,2.84,131.16,899.04,1.81
2022-09-28T06:44:02.015542,0.00,14.92,658.60,79.99,2.84,131.09,900.89,1.81
2022-09-28T06:45:01.608595,0.00,14.76,658.60,79.99,2.84,130.99,903.69,1.80
2022-09-28T06:46:02.190920,0.00,14.97,658.60,79.99,2.84,130.77,899.04,1.80
2022-09-28T06:47:01.773439,0.00,14.97,658.60,79.99,2.90,130.56,900.89,1.80
2022-09-28T06:48:01.359882,0.00,14.97,658.60,79.99,2.43,130.74,899.97,1.80
2022-09-28T06:49:01.942860,0.00,14.97,658.60,79.99,2.07,130.60,901.82,1.81
2022-09-28T06:50:01.529089,0.00,14.92,658.60,79.99,1.78,130.56,904.62,1.80
2022-09-28T06:51:02.116102,0.00,14.92,658.60,79.99,1.78,130.53,912.17,1.80
2022-09-28T06:52:01.699972,1.00,14.92,658.60,79.99,1.78,130.24,908.38,1.80
2022-09-28T06:53:01.283405,5.00,14.92,658.60,79.99,2.07,130.45,918.88,1.81
2022-09-28T06:54:01.865255,0.00,14.92,658.60,79.99,3.06,130.10,915.03,1.80
2022-09-28T06:55:01.450006,0.00,14.76,658.60,79.99,2.43,130.24,908.38,1.80
2022-09-28T06:56:02.032842,0.00,14.92,658.60,79.99,4.22,129.96,903.69,1.80
2022-09-28T06:57:01.614439,0.00,14.92,658.60,79.99,5.39,129.82,908.38,1.80
2022-09-28T06:58:02.194637,0.00,14.76,658.60,79.99,5.39,129.23,899.97,1.80
2022-09-28T06:59:01.789448,0.00,14.97,658.60,79.99,5.39,129.61,895.35,1.80
2022-09-28T07:00:01.368405,0.00,14.97,658.60,79.99,2.84,129.68,893.52,1.80
2022-09-28T07:01:01.952419,1.00,14.92,658.60,79.99,4.41,129.68,892.60,1.80
2022-09-28T07:02:01.535601,0.00,14.76,658.60,79.99,3.43,128.64,883.56,1.80
2022-09-28T07:03:02.120526,0.00,14.76,658.60,79.99,3.61,129.40,885.36,1.80
2022-09-28T07:04:01.713655,0.00,14.76,658.60,79.99,4.44,129.23,888.97,1.80
2022-09-28T07:05:01.290027,0.00,14.97,658.60,79.99,16.34,129.23,879.10,1.80
2022-09-28T07:06:01.869076,0.00,14.92,658.60,79.99,10.77,129.19,868.58,1.80
2022-09-28T07:07:01.452130,0.00,14.70,658.60,79.99,19.22,129.23,875.57,1.80
2022-09-28T07:08:02.033735,0.00,14.92,658.60,79.99,9.18,129.09,860.84,1.79
2022-09-28T07:09:01.615379,0.00,14.70,658.60,79.99,7.65,128.95,883.56,1.80
2022-09-28T07:10:01.199902,0.00,14.76,658.60,79.99,7.65,129.02,888.97,1.80
2022-09-28T07:11:01.782602,0.00,14.97,658.60,79.99,14.62,128.78,884.46,1.79
2022-09-28T07:12:01.371273,0.00,14.53,658.60,79.99,18.29,128.81,893.52,1.80
2022-09-28T07:13:01.953585,0.00,14.92,658.60,79.99,7.84,128.64,888.06,1.80
2022-09-28T07:14:01.534844,0.00,14.92,658.60,79.99,10.77,128.43,887.16,1.80
2022-09-28T07:15:02.116104,0.00,14.76,658.60,79.99,7.47,128.57,876.45,1.80
2022-09-28T07:16:01.700252,0.00,14.70,658.60,79.99,4.86,128.57,882.67,1.80
2022-09-28T07:17:01.277931,0.00,14.70,658.60,79.99,5.15,128.05,873.81,1.79
2022-09-28T07:18:01.866541,0.00,14.92,658.60,79.99,7.28,128.16,877.33,1.80
2022-09-28T07:19:01.450139,0.00,14.92,658.60,79.99,4.86,128.02,865.12,1.79
2022-09-28T07:20:02.040360,0.00,14.97,658.60,79.99,5.15,128.16,861.69,1.80
2022-09-28T07:21:01.622500,0.00,14.97,658.60,79.99,6.12,128.16,846.56,1.79
2022-09-28T07:22:02.203999,0.00,14.70,658.60,79.99,4.44,128.05,828.74,1.79
2022-09-28T07:23:01.795512,0.00,14.92,658.60,79.99,6.12,127.78,826.36,1.79
2022-09-28T07:24:01.383664,0.00,14.92,658.60,79.99,5.15,127.47,821.65,1.79
2022-09-28T07:25:01.965440,0.00,14.97,658.60,79.99,5.33,127.37,830.33,1.79
2022-09-28T07:26:01.540903,0.00,14.70,658.60,79.99,6.68,127.40,825.57,1.79
2022-09-28T07:27:02.123181,2.00,14.97,658.60,79.99,6.52,127.44,827.15,1.79
2022-09-28T07:28:01.715357,0.00,14.97,658.60,79.99,9.37,127.13,835.95,1.79
2022-09-28T07:29:01.291300,0.00,14.70,658.60,79.99,10.72,126.96,829.53,1.78
2022-09-28T07:30:01.873569,0.00,14.76,658.60,79.99,12.43,127.09,824.79,1.79
2022-09-28T07:31:01.467134,0.00,14.76,658.60,79.99,18.79,127.23,824.00,1.78
2022-09-28T07:32:02.062500,0.00,14.76,658.60,79.99,172.49,126.82,824.00,1.78
2022-09-28T07:33:01.643020,0.00,14.70,658.60,79.99,228.93,126.65,810.84,1.78
2022-09-28T07:34:01.235139,0.00,14.70,658.60,79.99,127.71,126.48,815.44,1.79
2022-09-28T07:35:01.830481,0.00,14.70,658.60,79.99,127.95,126.35,810.08,1.78
2022-09-28T07:36:01.412896,1.00,14.70,658.60,79.99,103.06,126.15,813.90,1.78
2022-09-28T07:37:01.989874,0.00,14.92,658.60,79.99,33.60,125.98,814.67,1.78
2022-09-28T07:38:01.582847,0.00,14.70,658.60,79.99,72.65,125.91,803.29,1.78
2022-09-28T07:39:02.163824,0.00,14.70,658.60,79.99,41.86,125.78,798.07,1.78
2022-09-28T07:40:01.744617,0.00,14.53,658.60,79.99,115.86,125.64,790.74,1.78
2022-09-28T07:41:01.325477,0.00,14.76,658.60,79.99,68.61,125.31,787.84,1.77
2022-09-28T07:42:01.906555,0.00,14.92,658.60,79.99,48.23,125.21,789.28,1.78
2022-09-28T07:43:01.490888,0.00,14.70,658.60,79.99,96.21,125.14,783.52,1.78
2022-09-28T07:44:02.089727,0.00,14.70,658.60,79.99,37.03,125.21,784.24,1.77
2022-09-28T07:45:01.674742,0.00,14.66,658.60,79.99,41.26,124.94,779.96,1.78
2022-09-28T07:46:01.260080,0.00,14.87,658.60,79.99,37.46,124.78,772.24,1.78
2022-09-28T07:47:01.851771,0.00,14.87,658.60,79.99,47.07,124.81,779.96,1.78
2022-09-28T07:48:01.433211,0.00,14.97,658.60,79.99,115.93,124.65,773.63,1.77
2022-09-28T07:49:02.014453,0.00,14.97,658.60,79.99,106.14,124.35,770.15,1.78
2022-09-28T07:50:01.595184,0.00,14.70,658.60,79.99,32.07,124.15,767.39,1.77
2022-09-28T07:51:02.179125,0.00,14.70,658.60,79.99,20.51,124.02,768.77,1.77
2022-09-28T07:52:01.758996,0.00,14.70,658.60,79.99,20.32,123.92,761.93,1.77
2022-09-28T07:53:01.351860,0.00,14.70,658.60,79.99,20.51,123.92,769.46,1.77
2022-09-28T07:54:01.932879,0.00,14.76,658.60,79.99,23.81,123.76,775.73,1.77
2022-09-28T07:55:01.510500,0.00,14.92,658.60,79.99,23.02,123.59,774.33,1.77
2022-09-28T07:56:02.103875,0.00,14.70,658.60,79.99,26.32,123.17,775.03,1.77
2022-09-28T07:57:01.685240,0.00,14.70,658.60,79.99,23.57,123.46,779.96,1.77
2022-09-28T07:58:01.281177,0.00,14.70,658.60,79.99,26.87,123.40,782.10,1.77
2022-09-28T07:59:01.862944,0.00,14.58,658.60,79.99,25.52,123.30,782.10,1.77
2022-09-28T08:00:01.443750,0.00,14.70,658.60,79.99,24.18,123.30,777.84,1.77
2022-09-28T08:01:02.024208,0.00,14.97,658.60,79.99,26.50,123.17,770.15,1.76
2022-09-28T08:02:01.616874,0.00,14.70,658.60,79.99,25.34,122.97,777.14,1.76
2022-09-28T08:03:01.200875,0.00,14.70,658.60,79.99,25.52,122.91,777.84,1.77
2022-09-28T08:04:01.793742,0.00,14.70,658.60,79.99,28.22,122.91,781.38,1.77
2022-09-28T08:05:01.370340,0.00,14.76,658.60,79.99,34.58,122.58,776.43,1.76
2022-09-28T08:06:01.952926,0.00,14.70,658.60,79.99,40.70,122.71,789.28,1.77
2022-09-28T08:07:01.535193,8.00,14.70,658.60,79.99,55.27,122.65,798.07,1.77
2022-09-28T08:08:02.119458,0.00,14.92,658.60,79.99,49.94,122.78,802.54,1.77
2022-09-28T08:09:01.697528,0.00,14.76,658.60,79.99,47.07,122.36,797.33,1.76
2022-09-28T08:10:01.272402,0.00,14.76,658.60,79.99,42.23,122.16,795.86,1.76
2022-09-28T08:11:01.859097,0.00,14.92,658.60,79.99,39.54,122.32,800.30,1.76
2022-09-28T08:12:01.442552,0.00,14.70,658.60,79.99,54.66,122.26,798.07,1.76
2022-09-28T08:13:02.023839,0.00,14.92,658.60,79.99,86.50,122.13,803.29,1.76
2022-09-28T08:14:01.604142,0.00,14.92,658.60,79.99,121.09,122.03,809.32,1.76
2022-09-28T08:15:02.203329,0.00,14.97,658.60,79.99,94.33,122.49,819.31,1.76
2022-09-28T08:16:01.802564,0.00,14.76,658.60,79.99,49.70,122.39,817.76,1.76
2022-09-28T08:17:01.390821,0.00,14.76,658.60,79.99,73.51,122.20,819.31,1.77
2022-09-28T08:18:01.972870,0.00,14.97,658.60,79.99,43.16,122.49,813.14,1.76
2022-09-28T08:19:01.559136,3.00,14.92,658.60,79.99,44.98,122.45,819.31,1.77
2022-09-28T08:20:02.143065,0.00,14.97,658.60,79.99,47.25,122.71,824.79,1.77
2022-09-28T08:21:01.734835,0.00,14.97,658.60,79.99,106.14,122.84,825.57,1.77
2022-09-28T08:22:01.328365,0.00,14.97,658.60,79.99,147.67,123.04,825.57,1.78
2022-09-28T08:23:01.912346,0.00,14.97,658.60,79.99,142.10,123.79,828.74,1.78
2022-09-28T08:24:01.494497,0.00,14.97,658.60,79.99,156.06,124.18,834.33,1.79
2022-09-28T08:25:02.085866,0.00,15.02,658.60,79.99,155.51,124.18,820.87,1.79
2022-09-28T08:26:01.669695,0.00,14.97,658.60,79.99,136.83,124.18,815.44,1.79
2022-09-28T08:27:01.257144,0.00,14.97,658.60,79.99,158.39,124.18,807.80,1.79
2022-09-28T08:28:01.845796,0.00,14.97,658.60,79.99,161.13,124.22,800.30,1.79
2022-09-28T08:29:01.428009,0.00,15.15,658.60,79.99,156.25,123.92,796.60,1.80
2022-09-28T08:30:02.011495,4.00,14.97,658.60,79.99,137.93,124.28,796.60,1.80
2022-09-28T08:31:01.594435,0.00,14.76,658.60,79.99,158.74,124.15,787.11,1.80
2022-09-28T08:32:02.176724,0.00,15.19,658.60,79.99,164.73,124.18,784.96,1.80
2022-09-28T08:33:01.762878,0.00,15.42,658.60,79.99,104.17,124.05,779.25,1.80
2022-09-28T08:34:01.350717,0.00,15.33,658.60,79.99,174.28,124.15,787.11,1.81
2022-09-28T08:35:01.936009,0.00,15.06,658.60,79.99,179.67,124.08,778.55,1.81
2022-09-28T08:36:01.521791,0.00,14.97,658.60,79.99,183.89,123.89,771.54,1.81
2022-09-28T08:37:02.102525,0.00,15.15,658.60,79.99,190.07,123.99,763.29,1.81
2022-09-28T08:38:01.687187,0.00,15.24,658.60,79.99,191.29,123.59,763.97,1.81
2022-09-28T08:39:01.272505,0.00,14.97,658.60,79.99,198.94,123.66,762.60,1.82
2022-09-28T08:40:01.855257,0.00,15.19,658.60,79.99,190.81,123.40,753.86,1.81
2022-09-28T08:41:01.439265,0.00,15.42,658.60,79.99,178.03,123.43,747.26,1.81
2022-09-28T08:42:02.021919,0.00,15.19,658.60,79.99,173.80,123.30,749.89,1.82
2022-09-28T08:43:01.608455,0.00,15.42,658.60,79.99,168.29,123.56,739.48,1.82
2022-09-28T08:44:02.191481,0.00,15.15,658.60,79.99,157.46,123.62,738.84,1.82
2022-09-28T08:45:01.773927,0.00,15.37,658.60,79.99,156.12,123.36,731.22,1.82
2022-09-28T08:46:01.349195,0.00,15.37,658.60,79.99,150.44,123.36,734.38,1.83
2022-09-28T08:47:01.922253,0.00,15.37,658.60,79.99,166.52,123.49,737.56,1.83
2022-09-28T08:48:01.503706,0.00,15.42,658.60,79.99,163.46,123.33,735.01,1.84
2022-09-28T08:49:02.075945,0.00,15.15,658.60,79.99,156.49,123.36,734.38,1.84
2022-09-28T08:50:01.660764,0.00,15.42,658.60,79.99,164.62,123.59,726.84,1.85
2022-09-28T08:51:01.252594,0.00,15.06,658.60,79.99,164.62,123.30,721.90,1.85
2022-09-28T08:52:01.846266,0.00,15.19,658.60,79.99,164.99,123.00,715.81,1.85
2022-09-28T08:53:01.431241,0.00,15.37,658.60,79.99,165.36,123.13,714.60,1.85
2022-09-28T08:54:02.013592,0.00,15.19,658.60,79.99,169.82,123.17,709.22,1.85
2022-09-28T08:55:01.605563,0.00,15.19,658.60,79.99,169.64,122.87,704.49,1.85
2022-09-28T08:56:02.190926,1.00,15.42,658.60,79.99,167.13,122.94,699.25,1.86
2022-09-28T08:57:01.780084,0.00,15.42,658.60,79.99,166.70,122.91,703.32,1.86
2022-09-28T08:58:01.362146,0.00,15.33,658.60,79.99,90.88,122.97,702.15,1.87
2022-09-28T08:59:01.942814,0.00,15.37,658.60,79.99,137.60,123.23,695.22,1.87
2022-09-28T09:00:01.523041,3.00,15.42,658.60,79.99,170.13,122.87,691.23,1.86
2022-09-28T09:01:02.110130,0.00,15.37,658.60,79.99,92.42,122.55,686.73,1.87
2022-09-28T09:02:01.693329,0.00,15.42,658.60,79.99,159.73,122.68,692.94,1.88
2022-09-28T09:03:01.287946,0.00,15.42,658.60,79.99,153.00,122.78,698.09,1.89
2022-09-28T09:04:01.867982,0.00,15.42,658.60,79.99,105.47,122.49,702.15,1.90
2022-09-28T09:05:01.451019,0.00,15.24,658.60,79.99,133.29,122.68,701.57,1.90
2022-09-28T09:06:02.046071,0.00,15.42,658.60,79.99,57.21,122.62,697.52,1.90
2022-09-28T09:07:01.630670,0.00,15.42,658.60,79.99,156.38,122.87,695.79,1.90
2022-09-28T09:08:01.223977,0.00,15.42,658.60,79.99,154.11,122.58,703.91,1.92
2022-09-28T09:09:01.815320,0.00,15.42,658.60,79.99,156.98,122.78,701.57,1.93
2022-09-28T09:10:01.399769,0.00,15.42,658.60,79.99,150.81,122.97,702.15,1.94
2022-09-28T09:11:01.982922,0.00,15.47,658.60,79.99,79.56,122.62,692.94,1.94
2022-09-28T09:12:01.579888,0.00,15.42,658.60,79.99,144.19,122.55,702.74,1.95
2022-09-28T09:13:02.162958,1.00,15.11,658.60,79.99,109.35,122.91,710.41,1.97
2022-09-28T09:14:01.757685,2.00,15.42,658.60,79.99,96.58,123.00,708.03,1.97
2022-09-28T09:15:01.350446,0.00,15.63,658.60,79.99,148.91,123.40,712.80,1.99
2022-09-28T09:16:01.940776,0.00,15.47,658.60,79.99,97.87,123.40,706.26,1.99
2022-09-28T09:17:01.526099,0.00,15.42,658.60,79.99,148.19,123.85,715.21,2.01
2022-09-28T09:18:02.110471,0.00,15.51,658.60,79.99,154.90,124.18,717.63,2.03
2022-09-28T09:19:01.692666,1.00,15.47,658.60,79.99,149.88,124.22,720.67,2.05
2022-09-28T09:20:01.280858,0.00,15.42,658.60,79.99,147.62,123.99,714.00,2.06
2022-09-28T09:21:01.864610,0.00,15.42,658.60,79.99,142.78,123.89,713.40,2.07
2022-09-28T09:22:01.450436,0.00,15.68,658.60,79.99,144.92,124.28,714.00,2.09
2022-09-28T09:23:02.033626,0.00,15.68,658.60,79.99,144.92,124.22,713.40,2.10
2022-09-28T09:24:01.615234,0.00,15.63,658.60,79.99,146.45,123.99,712.80,2.12
2022-09-28T09:25:01.200013,0.00,15.47,658.60,79.99,143.34,124.18,709.81,2.13
2022-09-28T09:26:01.793505,0.00,15.47,658.60,79.99,145.48,124.71,708.03,2.14
2022-09-28T09:27:01.380067,0.00,15.47,658.60,79.99,144.13,124.61,707.44,2.16
2022-09-28T09:28:01.963193,0.00,15.47,658.60,79.99,144.74,124.78,710.41,2.18
2022-09-28T09:29:01.538801,0.00,15.42,658.60,79.99,144.74,125.11,706.26,2.20
2022-09-28T09:30:02.121358,0.00,15.73,658.60,79.99,143.58,125.11,701.57,2.21
2022-09-28T09:31:01.699031,0.00,15.47,658.60,79.99,144.55,125.54,701.57,2.23
2022-09-28T09:32:01.272416,0.00,15.47,658.60,79.99,144.74,125.08,699.83,2.25
2022-09-28T09:33:01.860953,1.00,15.63,658.60,79.99,137.71,124.81,692.37,2.26
2022-09-28T09:34:01.457194,0.00,15.63,658.60,79.99,138.69,124.81,687.85,2.27
2022-09-28T09:35:02.036736,0.00,15.42,658.60,79.99,144.13,124.88,677.88,2.27
2022-09-28T09:36:01.617743,0.00,15.63,658.60,79.99,149.94,125.08,671.92,2.28
2022-09-28T09:37:02.201505,0.00,15.42,658.60,79.99,144.13,125.31,676.79,2.30
2022-09-28T09:38:01.783566,0.00,15.47,658.60,79.99,142.05,125.14,672.99,2.32
2022-09-28T09:39:01.367313,0.00,15.47,658.60,79.99,146.45,124.74,661.32,2.32
2022-09-28T09:40:01.949874,0.00,15.63,658.60,79.99,139.85,124.91,662.37,2.33
2022-09-28T09:41:01.532929,0.00,15.29,658.60,79.99,146.27,124.61,652.55,2.34
2022-09-28T09:42:02.114484,1.00,15.42,658.60,79.99,145.90,124.28,648.00,2.34
2022-09-28T09:43:01.693783,0.00,15.47,658.60,79.99,144.13,124.61,651.54,2.34
2022-09-28T09:44:01.273599,0.00,15.47,658.60,79.99,144.13,124.58,649.51,2.37
2022-09-28T09:45:01.860796,0.00,15.42,658.60,79.99,150.55,124.48,643.50,2.38
2022-09-28T09:46:01.433086,0.00,15.42,658.60,79.99,155.01,124.31,649.51,2.40
2022-09-28T09:47:02.013459,0.00,15.42,658.60,79.99,159.23,124.35,645.00,2.41
2022-09-28T09:48:01.603967,0.00,15.63,658.60,79.99,152.63,124.74,641.52,2.43
2022-09-28T09:49:02.185931,0.00,15.42,658.60,79.99,120.74,125.04,643.01,2.44
2022-09-28T09:50:01.780710,0.00,15.68,658.60,79.99,164.31,125.11,642.51,2.46
2022-09-28T09:51:01.363632,0.00,15.63,658.60,79.99,161.19,125.71,649.51,2.50
2022-09-28T09:52:01.945385,0.00,15.47,658.60,79.99,116.67,125.61,648.00,2.51
2022-09-28T09:53:01.530404,0.00,15.42,658.60,79.99,163.94,125.38,640.05,2.52
2022-09-28T09:54:02.120042,0.00,15.37,658.60,79.99,166.26,125.14,630.35,2.53
2022-09-28T09:55:01.702802,2.00,15.42,658.60,79.99,161.98,124.88,629.40,2.54
2022-09-28T09:56:01.284769,0.00,15.42,658.60,79.99,161.80,124.81,627.02,2.55
2022-09-28T09:57:01.875992,0.00,15.24,658.60,79.99,159.47,124.48,624.19,2.56
2022-09-28T09:58:01.460365,0.00,15.63,658.60,79.99,131.52,124.38,623.26,2.57
2022-09-28T09:59:02.038562,0.00,15.37,658.60,79.99,162.41,124.31,621.39,2.59
2022-09-28T10:00:01.617437,0.00,15.42,658.60,79.99,159.29,124.61,626.55,2.60
2022-09-28T10:01:01.199695,0.00,15.37,658.60,79.99,159.10,124.28,621.39,2.60
2022-09-28T10:02:01.783874,0.00,15.37,658.60,79.99,163.57,124.28,620.92,2.60
2022-09-28T10:03:01.368860,0.00,15.37,658.60,79.99,163.57,124.08,620.92,2.61
2022-09-28T10:04:01.965945,0.00,15.37,658.60,79.99,164.55,124.28,614.93,2.61
2022-09-28T10:05:01.541191,0.00,15.15,658.60,79.99,165.52,123.79,609.95,2.60
2022-09-28T10:06:02.132568,0.00,15.24,658.60,79.99,165.71,123.99,603.26,2.60
2022-09-28T10:07:01.713708,0.00,15.42,658.60,79.99,165.52,123.92,600.19,2.61
2022-09-28T10:08:01.308649,0.00,15.19,658.60,79.99,168.22,123.04,589.03,2.60
2022-09-28T10:09:01.892243,0.00,15.42,658.60,79.99,171.09,123.56,594.13,2.61
2022-09-28T10:10:01.487227,1.00,15.42,658.60,79.99,151.99,122.81,585.67,2.61
2022-09-28T10:11:02.051955,0.00,15.33,658.60,79.99,42.03,122.87,584.42,2.60
2022-09-28T10:12:01.647486,0.00,15.02,658.60,79.99,176.79,123.17,586.92,2.62
2022-09-28T10:13:01.231563,0.00,15.24,658.60,79.99,182.91,123.53,591.99,2.64
2022-09-28T10:14:01.831212,0.00,15.37,658.60,79.99,69.21,123.46,587.34,2.65
2022-09-28T10:15:01.413264,0.00,15.24,658.60,79.99,176.72,123.53,583.58,2.66
2022-09-28T10:16:01.994591,0.00,14.97,658.60,79.99,106.62,123.40,576.61,2.67
2022-09-28T10:17:01.583161,0.00,15.19,658.60,79.99,177.47,123.53,574.58,2.67
2022-09-28T10:18:02.165123,0.00,15.37,658.60,79.99,163.16,123.43,575.79,2.69
2022-09-28T10:19:01.745555,0.00,15.37,658.60,79.99,92.25,123.59,561.93,2.69
2022-09-28T10:20:01.329748,0.00,15.37,658.60,79.99,31.57,123.72,574.18,2.72
2022-09-28T10:21:01.908272,0.00,15.37,658.60,79.99,35.85,124.02,577.83,2.74
2022-09-28T10:22:01.488026,0.00,15.19,658.60,79.99,33.90,124.22,568.59,2.75
2022-09-28T10:23:02.072776,0.00,15.37,658.60,79.99,31.94,124.38,583.17,2.78
2022-09-28T10:24:01.646602,0.00,15.06,658.60,79.99,32.74,124.48,589.03,2.80
2022-09-28T10:25:01.230111,0.00,15.37,658.60,79.99,32.55,124.31,591.99,2.81
2022-09-28T10:26:01.819619,0.00,14.97,658.60,79.99,28.88,124.65,598.88,2.84
2022-09-28T10:27:01.402328,1.00,15.24,658.60,79.99,32.37,124.38,597.15,2.85
2022-09-28T10:28:01.985553,0.00,15.24,658.60,79.99,168.95,125.14,605.03,2.88
2022-09-28T10:29:01.579987,0.00,15.15,658.60,79.99,169.93,125.21,609.95,2.90
2022-09-28T10:30:02.162927,1.00,15.15,658.60,79.99,167.24,125.28,610.40,2.92
2022-09-28T10:31:01.744217,0.00,14.97,658.60,79.99,165.47,125.34,591.57,2.89
2022-09-28T10:32:01.335577,0.00,15.19,658.60,79.99,93.39,125.18,598.01,2.92
2022-09-28T10:33:01.920372,0.00,15.15,658.60,79.99,50.42,125.34,599.76,2.93
2022-09-28T10:34:01.502903,0.00,15.33,658.60,79.99,65.05,125.54,603.26,2.95
2022-09-28T10:35:02.098801,0.00,15.19,658.60,79.99,167.61,126.15,611.75,2.99
2022-09-28T10:36:01.682169,0.00,15.42,658.60,79.99,31.20,126.59,617.22,3.01
2022-09-28T10:37:01.264010,0.00,15.37,658.60,79.99,65.89,127.27,631.31,3.06
2022-09-28T10:38:01.844246,0.00,15.24,658.60,79.99,164.84,127.23,635.16,3.08
2022-09-28T10:39:01.428498,0.00,15.06,658.60,79.99,163.44,127.06,634.20,3.10
2022-09-28T10:40:02.022963,0.00,15.37,658.60,79.99,171.02,127.54,636.62,3.11
2022-09-28T10:41:01.609529,0.00,15.33,658.60,79.99,166.74,127.37,634.20,3.13
2022-09-28T10:42:02.192421,0.00,15.02,658.60,79.99,96.82,127.78,627.02,3.13
2022-09-28T10:43:01.774824,0.00,14.97,658.60,79.99,45.28,127.30,617.22,3.13
2022-09-28T10:44:01.360597,0.00,15.33,658.60,79.99,161.59,127.61,621.39,3.15
2022-09-28T10:45:01.939321,0.00,15.37,658.60,79.99,158.90,127.67,624.66,3.18
2022-09-28T10:46:01.534799,0.00,15.15,658.60,79.99,160.06,128.19,629.87,3.21
2022-09-28T10:47:02.120782,0.00,15.02,658.60,79.99,161.59,128.33,629.40,3.22
2022-09-28T10:48:01.703164,0.00,15.37,658.60,79.99,160.80,128.36,620.92,3.21
2022-09-28T10:49:01.284180,0.00,14.97,658.60,79.99,157.68,128.53,617.22,3.23
2022-09-28T10:50:01.873123,2.00,15.02,658.60,79.99,157.26,128.64,619.53,3.26
2022-09-28T10:51:01.468565,0.00,15.37,658.60,79.99,55.07,129.26,619.07,3.27
2022-09-28T10:52:02.043242,0.00,15.02,658.60,79.99,43.45,129.37,611.30,3.26
2022-09-28T10:53:01.625699,0.00,15.02,658.60,79.99,133.27,129.37,611.30,3.28
2022-09-28T10:54:01.210043,0.00,14.97,658.60,79.99,160.58,129.12,611.30,3.30
2022-09-28T10:55:01.788352,0.00,14.97,658.60,79.99,157.46,128.78,604.15,3.30
2022-09-28T10:56:01.368397,0.00,14.97,658.60,79.99,58.39,128.92,607.70,3.32
2022-09-28T10:57:01.952664,0.00,15.19,658.60,79.99,60.84,129.61,613.57,3.34
2022-09-28T10:58:01.534875,0.00,15.19,658.60,79.99,100.72,130.31,628.44,3.39
2022-09-28T10:59:02.119829,1.00,15.19,658.60,79.99,41.44,131.09,643.50,3.43
2022-09-28T11:00:01.702610,0.00,15.24,658.60,79.99,31.46,131.77,660.28,3.47
2022-09-28T11:01:01.284699,0.00,15.42,658.60,79.99,24.12,132.81,678.43,3.51
2022-09-28T11:02:01.866287,0.00,15.37,658.60,79.99,21.06,130.03,670.31,3.51
2022-09-28T11:03:01.442332,0.00,15.42,658.60,79.99,14.09,133.32,687.85,3.56
2022-09-28T11:04:02.025517,0.00,15.24,658.60,79.99,14.51,133.65,693.51,3.59
2022-09-28T11:05:01.606770,0.00,15.15,658.60,79.99,15.12,134.23,703.32,3.62
2022-09-28T11:06:02.189766,0.00,15.24,658.60,79.99,13.78,134.38,703.91,3.64
2022-09-28T11:07:01.767556,0.00,15.33,658.60,79.99,15.73,134.64,706.26,3.67
2022-09-28T11:08:01.355933,0.00,15.19,658.60,79.99,12.43,134.68,702.74,3.67
2022-09-28T11:09:01.936495,0.00,15.33,658.60,79.99,12.61,135.19,706.26,3.69
2022-09-28T11:10:01.520330,0.00,15.33,658.60,79.99,14.94,134.79,692.37,3.68
2022-09-28T11:11:02.108303,0.00,14.97,658.60,79.99,16.10,134.82,682.28,3.66
2022-09-28T11:12:01.703918,0.00,14.97,658.60,79.99,17.26,134.45,667.11,3.64
2022-09-28T11:13:01.285253,0.00,15.02,658.60,79.99,17.45,133.94,659.24,3.60
2022-09-28T11:14:01.866993,0.00,15.15,658.60,79.99,17.63,133.98,647.50,3.60
2022-09-28T11:15:01.452539,0.00,14.97,658.60,79.99,19.95,133.87,642.02,3.58
2022-09-28T11:16:02.034758,0.00,14.97,658.60,79.99,20.14,133.57,637.60,3.57
2022-09-28T11:17:01.620882,0.00,15.33,658.60,79.99,20.32,133.54,630.35,3.55
2022-09-28T11:18:01.203056,0.00,14.92,658.60,79.99,23.81,133.43,625.13,3.53
2022-09-28T11:19:01.795066,0.00,14.97,658.60,79.99,24.18,133.25,627.50,3.54
2022-09-28T11:20:01.371485,0.00,14.92,658.60,79.99,29.62,133.50,636.62,3.56
2022-09-28T11:21:01.967478,0.00,14.76,658.60,79.99,31.52,133.83,633.23,3.56
2022-09-28T11:22:01.542472,0.00,14.92,658.60,79.99,29.01,133.87,631.79,3.56
2022-09-28T11:23:02.127726,1.00,14.70,658.60,79.99,59.63,133.94,630.35,3.57
2022-09-28T11:24:01.711128,0.00,14.92,658.60,79.99,76.59,133.79,629.87,3.57
2022-09-28T11:25:01.288817,0.00,14.97,658.60,79.99,96.51,133.90,633.71,3.59
2022-09-28T11:26:01.868212,0.00,14.97,658.60,79.99,97.25,134.09,640.05,3.61
2022-09-28T11:27:01.451716,0.00,14.92,658.60,79.99,100.13,134.01,636.62,3.62
2022-09-28T11:28:02.023612,0.00,14.53,658.60,79.99,103.61,133.47,621.85,3.58
2022-09-28T11:29:01.609395,0.00,14.92,658.60,79.99,101.47,132.99,607.70,3.54
2022-09-28T11:30:02.206738,0.00,14.70,658.60,79.99,95.40,132.92,599.76,3.52
2022-09-28T11:31:01.786082,0.00,14.66,658.60,79.99,65.80,132.99,596.72,3.51
2022-09-28T11:32:01.370142,0.00,14.70,658.60,79.99,48.47,132.92,594.99,3.50
2022-09-28T11:33:01.966799,0.00,14.53,658.60,79.99,48.65,132.81,591.57,3.50
2022-09-28T11:34:01.550820,0.00,14.66,658.60,79.99,42.23,132.49,590.72,3.49
2022-09-28T11:35:02.133070,0.00,14.66,658.60,79.99,45.77,132.78,586.08,3.48
2022-09-28T11:36:01.715115,0.00,14.66,658.60,79.99,43.87,132.49,589.03,3.48
2022-09-28T11:37:01.291271,0.00,14.48,658.60,79.99,40.81,132.49,592.42,3.50
2022-09-28T11:38:01.869345,0.00,14.53,658.60,79.99,36.77,132.78,596.28,3.51
2022-09-28T11:39:01.453151,0.00,14.76,658.60,79.99,38.54,133.50,601.94,3.53
2022-09-28T11:40:02.035375,0.00,14.70,658.60,79.99,77.35,133.61,607.70,3.54
2022-09-28T11:41:01.617089,0.00,14.70,658.60,79.99,40.63,134.23,619.07,3.59
2022-09-28T11:42:02.200849,0.00,14.92,658.60,79.99,33.53,134.93,634.20,3.64
2022-09-28T11:43:01.783496,1.00,14.76,658.60,79.99,72.94,134.86,645.00,3.67
2022-09-28T11:44:01.367676,0.00,14.70,658.60,79.99,66.16,135.08,648.50,3.69
2022-09-28T11:45:01.951442,0.00,14.92,658.60,79.99,69.70,135.34,652.05,3.71
2022-09-28T11:46:01.533131,0.00,14.66,658.60,79.99,67.00,135.30,655.11,3.70
2022-09-28T11:47:02.117282,0.00,14.53,658.60,79.99,67.61,135.30,650.52,3.73
2022-09-28T11:48:01.683623,0.00,14.48,658.60,79.99,66.27,134.97,644.00,3.72
2022-09-28T11:49:01.276818,0.00,14.70,658.60,79.99,62.60,135.04,644.00,3.70
2022-09-28T11:50:01.857777,2.00,14.70,658.60,79.99,64.55,134.60,629.40,3.67
2022-09-28T11:51:01.441229,0.00,14.44,658.60,79.99,66.50,134.49,616.31,3.62
2022-09-28T11:52:02.023409,0.00,14.66,658.60,79.99,62.04,134.34,602.38,3.59
2022-09-28T11:53:01.606416,0.00,14.48,658.60,79.99,62.23,133.65,591.99,3.53
2022-09-28T11:54:02.191573,0.00,14.44,658.60,79.99,61.80,133.87,592.85,3.53
2022-09-28T11:55:01.772806,0.00,14.48,658.60,79.99,62.96,133.76,590.30,3.53
2022-09-28T11:56:01.356581,0.00,14.48,658.60,79.99,63.52,133.83,599.76,3.56
2022-09-28T11:57:01.922699,0.00,14.66,658.60,79.99,49.54,134.01,606.81,3.59
2022-09-28T11:58:01.506522,0.00,14.70,658.60,79.99,49.72,134.68,615.39,3.61
2022-09-28T11:59:02.096961,0.00,14.66,658.60,79.99,42.55,135.08,628.92,3.66
2022-09-28T12:00:01.681960,0.00,14.76,658.60,79.99,57.49,135.68,642.02,3.70
2022-09-28T12:01:01.266902,0.00,14.53,658.60,79.99,59.16,136.16,648.00,3.73
2022-09-28T12:02:01.850487,0.00,14.92,658.60,79.99,66.65,136.39,643.50,3.74
2022-09-28T12:03:01.433058,0.00,14.66,658.60,79.99,66.04,137.03,656.14,3.79
2022-09-28T12:04:02.016648,0.00,14.70,658.60,79.99,64.77,137.14,658.72,3.82
2022-09-28T12:05:01.603013,1.00,14.70,658.60,79.99,45.30,137.41,663.42,3.84
2022-09-28T12:06:02.187612,0.00,14.76,658.60,79.99,43.05,138.09,670.84,3.88
2022-09-28T12:07:01.772287,0.00,14.92,658.60,79.99,43.82,138.71,684.50,3.93
2022-09-28T12:08:01.350616,1.00,14.97,658.60,79.99,44.19,139.17,689.54,3.95
2022-09-28T12:09:01.931905,0.00,14.92,658.60,79.99,45.53,139.32,667.64,3.91
2022-09-28T12:10:01.514655,0.00,14.53,658.60,79.99,44.56,138.82,660.28,3.92
2022-09-28T12:11:02.101051,0.00,14.87,658.60,79.99,43.40,139.25,653.58,3.93
2022-09-28T12:12:01.682809,0.00,14.97,658.60,79.99,42.23,139.59,655.11,3.94
2022-09-28T12:13:01.267202,2.00,14.76,658.60,79.99,38.64,139.98,664.99,3.99
2022-09-28T12:14:01.851676,0.00,14.70,658.60,79.99,27.50,140.77,674.07,4.03
2022-09-28T12:15:01.428229,0.00,14.53,658.60,79.99,29.08,141.12,675.70,4.04
2022-09-28T12:16:02.012486,0.00,14.53,658.60,79.99,28.29,141.04,672.99,4.06
2022-09-28T12:17:01.598073,0.00,14.92,658.60,79.99,29.40,141.16,673.53,4.07
2022-09-28T12:18:02.180818,0.00,14.70,658.60,79.99,26.58,142.03,690.10,4.12
2022-09-28T12:19:01.762998,0.00,14.92,658.60,79.99,26.58,142.15,688.97,4.13
2022-09-28T12:20:01.343555,0.00,14.76,658.60,79.99,26.76,142.67,691.80,4.16
2022-09-28T12:21:01.923648,0.00,14.70,658.60,79.99,26.02,142.87,686.73,4.16
2022-09-28T12:22:01.503144,0.00,14.66,658.60,79.99,25.65,142.67,670.84,4.15
2022-09-28T12:23:02.099079,0.00,14.70,658.60,79.99,28.77,142.67,661.32,4.13
2022-09-28T12:24:01.682138,0.00,14.53,658.60,79.99,28.77,143.07,671.38,4.17
2022-09-28T12:25:01.263286,0.00,14.76,658.60,79.99,31.09,143.11,670.84,4.17
2022-09-28T12:26:01.858052,0.00,14.70,658.60,79.99,34.58,143.55,675.70,4.19
2022-09-28T12:27:01.441208,0.00,14.53,658.60,79.99,32.62,144.00,677.88,4.21
2022-09-28T12:28:02.034280,0.00,14.70,658.60,79.99,31.83,144.41,678.97,4.23
2022-09-28T12:29:01.616711,0.00,14.70,658.60,79.99,36.29,144.49,673.53,4.24
2022-09-28T12:30:02.201577,0.00,14.70,658.60,79.99,38.07,144.53,669.24,4.23
2022-09-28T12:31:01.799109,0.00,14.48,658.60,79.99,38.07,144.45,669.24,4.23
2022-09-28T12:32:01.381965,0.00,14.76,658.60,79.99,39.41,144.69,673.53,4.24
2022-09-28T12:33:01.964144,0.00,14.53,658.60,79.99,38.43,144.77,670.84,4.25
2022-09-28T12:34:01.541409,0.00,14.66,658.60,79.99,32.99,144.77,666.58,4.24
2022-09-28T12:35:02.123495,0.00,14.53,658.60,79.99,35.93,144.73,658.72,4.22
2022-09-28T12:36:01.704969,0.00,14.48,658.60,79.99,37.70,145.06,661.84,4.24
2022-09-28T12:37:01.285838,0.00,14.53,658.60,79.99,29.14,144.86,654.60,4.23
2022-09-28T12:38:01.867335,0.00,14.48,658.60,79.99,38.12,144.98,656.65,4.24
2022-09-28T12:39:01.452494,0.00,14.48,658.60,79.99,31.52,145.06,655.11,4.24
2022-09-28T12:40:02.034118,0.00,14.30,658.60,79.99,30.54,145.22,655.11,4.24
2022-09-28T12:41:01.615947,0.00,14.48,658.60,79.99,30.12,145.55,663.94,4.26
2022-09-28T12:42:01.210470,0.00,14.66,658.60,79.99,32.75,146.17,670.84,4.29
2022-09-28T12:43:01.788082,0.00,14.48,658.60,79.99,33.79,146.63,674.62,4.30
2022-09-28T12:44:01.375307,0.00,14.66,658.60,79.99,32.68,146.51,675.70,4.31
2022-09-28T12:45:01.960579,0.00,14.66,658.60,79.99,30.54,146.76,670.84,4.31
2022-09-28T12:46:01.538512,0.00,14.48,658.60,79.99,25.71,147.13,676.79,4.33
2022-09-28T12:47:02.118273,0.00,14.48,658.60,79.99,31.52,147.26,662.37,4.30
2022-09-28T12:48:01.701895,0.00,14.66,658.60,79.99,34.10,147.13,655.62,4.28
2022-09-28T12:49:01.283251,0.00,14.48,658.60,79.99,40.11,147.17,651.03,4.27
2022-09-28T12:50:01.864053,0.00,14.53,658.60,79.99,36.81,147.59,655.11,4.29
2022-09-28T12:51:01.440023,3.00,14.48,658.60,79.99,41.84,147.51,655.62,4.29
2022-09-28T12:52:02.022129,0.00,14.48,658.60,79.99,41.48,147.72,656.65,4.30
2022-09-28T12:53:01.609098,0.00,14.62,658.60,79.99,41.11,147.89,657.17,4.31
2022-09-28T12:54:02.192467,0.00,14.53,658.60,79.99,40.93,148.48,662.37,4.33
2022-09-28T12:55:01.790524,0.00,14.48,658.60,79.99,38.81,148.95,672.46,4.37
2022-09-28T12:56:01.381726,0.00,14.48,658.60,79.99,39.21,149.25,676.24,4.39
2022-09-28T12:57:01.974475,0.00,14.53,658.60,79.99,38.16,148.74,668.17,4.37
2022-09-28T12:58:01.569686,0.00,14.48,658.60,79.99,37.86,148.95,656.14,4.33
2022-09-28T12:59:02.152215,0.00,14.48,658.60,79.99,39.03,148.69,637.11,4.29
2022-09-28T13:00:01.734394,0.00,14.44,658.60,79.99,37.81,148.61,630.35,4.26
2022-09-28T13:01:01.316432,0.00,14.48,658.60,79.99,37.81,148.44,631.79,4.26
2022-09-28T13:02:01.900958,0.00,14.48,658.60,79.99,37.81,148.44,632.27,4.24
2022-09-28T13:03:01.484906,0.00,14.30,658.60,79.99,35.21,148.48,636.13,4.26
2022-09-28T13:04:02.080384,0.00,14.48,658.60,79.99,37.87,148.61,632.27,4.23
2022-09-28T13:05:01.662780,0.00,14.44,658.60,79.99,37.92,148.06,620.92,4.19
2022-09-28T13:06:01.253735,0.00,14.26,658.60,79.99,38.28,147.89,611.30,4.15
2022-09-28T13:07:01.849405,0.00,14.48,658.60,79.99,38.34,147.55,601.94,4.10
2022-09-28T13:08:01.432024,0.00,14.48,658.60,79.99,36.27,147.59,601.94,4.09
2022-09-28T13:09:02.005666,0.00,14.44,658.60,79.99,26.55,147.13,596.28,4.06
2022-09-28T13:10:01.600191,0.00,14.44,658.60,79.99,31.20,147.17,592.42,4.04
2022-09-28T13:11:02.183577,0.00,14.21,658.60,79.99,31.57,147.22,584.00,4.01
2022-09-28T13:12:01.765152,2.00,14.30,658.60,79.99,34.08,146.76,580.28,3.99
2022-09-28T13:13:01.355649,0.00,14.05,658.60,79.99,37.11,146.97,581.10,3.98
2022-09-28T13:14:01.949739,0.00,14.44,658.60,79.99,39.69,147.09,583.17,3.99
2022-09-28T13:15:01.533099,1.00,13.99,658.60,79.99,33.05,146.67,586.92,4.01
2022-09-28T13:16:02.117044,0.00,14.21,658.60,79.99,34.76,146.92,587.76,4.02
2022-09-28T13:17:01.704743,0.00,13.99,658.60,79.99,38.62,146.76,581.10,4.00
2022-09-28T13:18:01.285586,0.00,14.05,658.60,79.99,34.76,146.71,571.37,3.97
2022-09-28T13:19:01.870817,0.00,14.05,658.60,79.99,30.73,146.38,560.77,3.93
2022-09-28T13:20:01.468796,0.00,13.95,658.60,79.99,26.87,146.42,559.62,3.93
2022-09-28T13:21:02.042781,0.00,13.99,658.60,79.99,27.29,146.63,564.65,3.94
2022-09-28T13:22:01.621778,0.00,13.99,658.60,79.99,22.46,146.38,564.26,3.94
2022-09-28T13:23:02.203789,0.00,14.26,658.60,79.99,24.23,146.47,565.83,3.94
2022-09-28T13:24:01.795313,2.00,14.05,658.60,79.99,23.07,146.80,568.98,3.95
2022-09-28T13:25:01.379223,0.00,13.99,658.60,79.99,21.91,146.71,570.18,3.96
2022-09-28T13:26:01.961524,0.00,13.99,658.60,79.99,21.73,146.76,560.00,3.93
2022-09-28T13:27:01.540121,2.00,13.99,658.60,79.99,21.36,146.22,551.27,3.90
2022-09-28T13:28:02.120763,0.00,13.99,658.60,79.99,21.17,146.26,547.55,3.88
2022-09-28T13:29:01.703418,0.00,13.99,658.60,79.99,20.99,146.13,546.81,3.88
2022-09-28T13:30:01.280610,0.00,13.99,658.60,79.99,16.52,146.09,547.55,3.87
2022-09-28T13:31:01.863454,0.00,13.99,658.60,79.99,22.39,146.17,543.15,3.86
2022-09-28T13:32:01.444141,0.00,13.99,658.60,79.99,20.07,146.47,552.77,3.89
2022-09-28T13:33:02.028802,0.00,13.99,658.60,79.99,16.95,147.22,559.23,3.91
2022-09-28T13:34:01.615946,0.00,14.26,658.60,79.99,19.09,147.55,572.17,3.95
2022-09-28T13:35:02.209267,0.00,14.44,658.60,79.99,18.11,148.40,585.25,4.00
2022-09-28T13:36:01.805988,0.00,13.99,658.60,79.99,16.95,148.91,596.72,4.04
2022-09-28T13:37:01.390839,0.00,14.44,658.60,79.99,18.90,149.50,601.94,4.06
2022-09-28T13:38:01.973746,0.00,14.26,658.60,79.99,15.60,149.89,601.07,4.08
2022-09-28T13:39:01.567564,0.00,14.26,658.60,79.99,19.70,150.11,610.40,4.12
2022-09-28T13:40:02.146262,0.00,14.21,658.60,79.99,22.81,150.19,614.93,4.13
2022-09-28T13:41:01.735956,0.00,14.05,658.60,79.99,17.74,150.54,614.02,4.14
2022-09-28T13:42:01.330682,0.00,14.05,658.60,79.99,20.21,150.88,613.11,4.16
2022-09-28T13:43:01.912775,0.00,14.05,658.60,79.99,25.23,151.28,614.02,4.17
2022-09-28T13:44:01.490803,0.00,13.99,658.60,79.99,28.44,151.23,604.59,4.15
2022-09-28T13:45:02.084572,0.00,13.99,658.60,79.99,28.27,150.75,596.28,4.14
2022-09-28T13:46:01.668771,0.00,14.21,658.60,79.99,28.21,150.75,590.30,4.12
2022-09-28T13:47:01.247696,0.00,13.99,658.60,79.99,27.97,150.58,580.69,4.10
2022-09-28T13:48:01.831194,2.00,13.99,658.60,79.99,27.61,150.80,585.67,4.10
2022-09-28T13:49:01.413718,0.00,14.38,658.60,79.99,27.55,150.06,579.87,4.06
2022-09-28T13:50:01.999635,0.00,13.99,658.60,79.99,27.55,150.15,574.58,4.06
2022-09-28T13:51:01.596388,0.00,13.99,658.60,79.99,24.65,150.15,576.61,4.06
2022-09-28T13:52:02.195034,0.00,14.21,658.60,79.99,27.67,150.58,579.87,4.08
2022-09-28T13:53:01.780416,0.00,14.05,658.60,79.99,28.68,150.75,578.64,4.08
2022-09-28T13:54:01.363408,0.00,13.99,658.60,79.99,23.70,150.71,584.42,4.11
2022-09-28T13:55:01.943702,1.00,14.05,658.60,79.99,25.08,151.06,584.00,4.11
2022-09-28T13:56:01.525117,0.00,13.95,658.60,79.99,28.03,150.84,568.59,4.06
2022-09-28T13:57:02.110575,0.00,13.99,658.60,79.99,30.22,150.54,551.64,4.02
2022-09-28T13:58:01.707964,0.00,13.99,658.60,79.99,31.29,150.11,542.78,3.98
2022-09-28T13:59:01.301769,0.00,13.99,658.60,79.99,31.29,149.80,534.18,3.95
2022-09-28T14:00:01.886068,0.00,13.82,658.60,79.99,30.22,149.98,529.62,3.93
2022-09-28T14:01:01.470477,0.00,13.99,658.60,79.99,20.33,149.50,521.73,3.89
2022-09-28T14:02:02.065593,0.00,14.05,658.60,79.99,23.50,149.50,528.23,3.91
2022-09-28T14:03:01.650719,1.00,13.99,658.60,79.99,21.54,150.06,535.95,3.93
2022-09-28T14:04:01.233236,0.00,13.99,658.60,79.99,20.56,149.93,538.45,3.94
2022-09-28T14:05:01.829016,0.00,13.95,658.60,79.99,22.89,149.98,542.78,3.95
2022-09-28T14:06:01.411739,0.00,13.99,658.60,79.99,23.44,150.71,548.66,3.97
2022-09-28T14:07:01.989100,0.00,13.99,658.60,79.99,27.29,151.15,534.89,3.93
2022-09-28T14:08:01.572460,0.00,14.26,658.60,79.99,31.41,151.28,557.32,4.00
2022-09-28T14:09:02.144856,0.00,14.05,658.60,79.99,32.26,152.06,570.57,4.04
2022-09-28T14:10:01.728843,0.00,14.21,658.60,79.99,33.36,152.33,573.78,4.06
2022-09-28T14:11:01.319335,0.00,13.99,658.60,79.99,35.44,152.37,567.40,4.05
2022-09-28T14:12:01.902941,0.00,13.95,658.60,79.99,36.21,152.46,563.10,4.05
2022-09-28T14:13:01.490716,3.00,13.99,658.60,79.99,37.27,152.28,553.15,4.01
2022-09-28T14:14:02.083141,0.00,13.99,658.60,79.99,36.98,152.06,547.18,3.99
2022-09-28T14:15:01.664677,0.00,13.82,658.60,79.99,34.72,152.11,541.33,3.97
2022-09-28T14:16:01.255576,0.00,13.99,658.60,79.99,33.72,151.84,533.83,3.93
2022-09-28T14:17:01.844442,0.00,13.82,658.60,79.99,29.57,151.80,532.77,3.94
2022-09-28T14:18:01.424693,0.00,13.77,658.60,79.99,23.88,151.28,526.16,3.91
2022-09-28T14:19:02.004474,0.00,13.95,658.60,79.99,17.90,151.58,519.36,3.88
2022-09-28T14:20:01.597959,2.00,13.99,658.60,79.99,16.89,151.41,515.36,3.85
2022-09-28T14:21:02.180955,0.00,13.95,658.60,79.99,14.22,151.41,510.76,3.83
2022-09-28T14:22:01.763632,0.00,13.72,658.60,79.99,9.72,150.84,502.73,3.80
2022-09-28T14:23:01.346131,0.00,13.60,658.60,79.99,8.89,150.41,498.33,3.78
2022-09-28T14:24:01.931159,0.00,13.95,658.60,79.99,9.92,150.71,499.27,3.77
2022-09-28T14:25:01.509820,0.00,13.82,658.60,79.99,8.12,151.06,504.64,3.78
2022-09-28T14:26:02.102162,0.00,13.99,658.60,79.99,8.58,150.80,504.00,3.78
2022-09-28T14:27:01.682890,0.00,13.99,658.60,79.99,7.70,151.15,510.11,3.79
2022-09-28T14:28:01.262920,0.00,13.95,658.60,79.99,9.55,151.41,518.69,3.81
2022-09-28T14:29:01.853428,0.00,13.99,658.60,79.99,8.58,151.76,518.36,3.82
2022-09-28T14:30:01.431353,0.00,14.05,658.60,79.99,10.72,152.02,522.74,3.83
2022-09-28T14:31:02.013519,0.00,13.99,658.60,79.99,11.88,152.77,534.89,3.89
2022-09-28T14:32:01.605027,0.00,13.99,658.60,79.99,13.04,151.98,529.62,3.86
2022-09-28T14:33:02.188734,0.00,13.99,658.60,79.99,8.89,152.86,527.54,3.86
2022-09-28T14:34:01.772534,0.00,13.99,658.60,79.99,12.25,152.68,526.16,3.86
2022-09-28T14:35:01.353218,0.00,13.77,658.60,79.99,12.25,152.33,524.45,3.83
2022-09-28T14:36:01.948616,0.00,13.99,658.60,79.99,12.25,152.33,520.37,3.82
2022-09-28T14:37:01.532498,0.00,13.99,658.60,79.99,15.55,152.42,521.73,3.82
2022-09-28T14:38:02.117583,0.00,13.99,658.60,79.99,15.73,152.64,521.05,3.82
2022-09-28T14:39:01.701805,0.00,13.95,658.60,79.99,17.08,153.03,527.20,3.83
2022-09-28T14:40:01.284278,0.00,13.99,658.60,79.99,15.31,152.81,528.58,3.83
2022-09-28T14:41:01.866200,0.00,13.77,658.60,79.99,17.63,153.17,529.97,3.83
2022-09-28T14:42:01.451185,0.00,13.99,658.60,79.99,21.12,153.08,533.12,3.85
2022-09-28T14:43:02.029005,0.00,13.82,658.60,79.99,19.61,153.30,521.05,3.82
2022-09-28T14:44:01.613479,0.00,13.95,658.60,79.99,18.00,153.66,538.45,3.87
2022-09-28T14:45:02.209391,0.00,13.99,658.60,79.99,16.47,153.79,534.53,3.87
2022-09-28T14:46:01.787782,0.00,13.99,658.60,79.99,16.10,153.48,532.77,3.87
2022-09-28T14:47:01.370260,0.00,13.99,658.60,79.99,16.89,153.93,535.95,3.87
2022-09-28T14:48:01.953580,0.00,13.99,658.60,79.99,15.55,154.28,538.81,3.89
2022-09-28T14:49:01.533754,0.00,13.99,658.60,79.99,14.39,154.24,550.15,3.93
2022-09-28T14:50:02.116151,0.00,13.77,658.60,79.99,19.46,154.37,552.77,3.94
2022-09-28T14:51:01.698731,0.00,13.99,658.60,79.99,18.29,154.46,547.55,3.94
2022-09-28T14:52:01.288317,0.00,13.99,658.60,79.99,19.09,154.42,543.15,3.93
2022-09-28T14:53:01.867008,0.00,13.82,658.60,79.99,17.74,154.10,531.37,3.89
2022-09-28T14:54:01.457501,0.00,13.77,658.60,79.99,16.40,153.97,521.73,3.85
2022-09-28T14:55:02.036478,0.00,13.77,658.60,79.99,14.07,153.66,515.36,3.83
2022-09-28T14:56:01.620511,0.00,13.77,658.60,79.99,17.00,153.48,508.81,3.80
2022-09-28T14:57:02.213659,0.00,13.77,658.60,79.99,14.68,153.61,516.03,3.82
2022-09-28T14:58:01.789582,0.00,13.82,658.60,79.99,10.40,153.84,520.37,3.83
2022-09-28T14:59:01.368173,0.00,13.90,658.60,79.99,10.40,154.10,528.58,3.86
2022-09-28T15:00:01.950995,0.00,13.72,658.60,79.99,10.40,154.55,532.77,3.87
2022-09-28T15:01:01.532923,0.00,13.82,658.60,79.99,14.50,154.60,533.12,3.86
2022-09-28T15:02:02.115823,0.00,13.99,658.60,79.99,10.40,154.55,533.12,3.86
2022-09-28T15:03:01.711042,0.00,13.95,658.60,79.99,16.63,154.55,534.18,3.84
2022-09-28T15:04:01.288909,0.00,13.82,658.60,79.99,14.50,154.60,533.12,3.83
2022-09-28T15:05:01.872716,1.00,13.82,658.60,79.99,14.50,154.78,538.09,3.82
2022-09-28T15:06:01.455161,1.00,13.95,658.60,79.99,16.63,155.00,540.25,3.81
2022-09-28T15:07:02.036440,0.00,13.99,658.60,79.99,14.68,155.05,550.52,3.85
2022-09-28T15:08:01.617956,0.00,13.99,658.60,79.99,20.12,155.09,552.77,3.85
2022-09-28T15:09:01.201112,0.00,13.95,658.60,79.99,17.26,155.59,561.54,3.88
2022-09-28T15:10:01.783762,0.00,13.99,658.60,79.99,12.80,156.09,570.57,3.91
2022-09-28T15:11:01.368055,0.00,13.99,658.60,79.99,16.95,156.73,577.83,3.95
2022-09-28T15:12:01.957363,0.00,13.82,658.60,79.99,11.26,157.15,581.93,3.96
2022-09-28T15:13:01.546296,2.00,13.99,658.60,79.99,18.84,157.70,585.67,4.00
2022-09-28T15:14:02.129377,0.00,13.95,658.60,79.99,18.96,157.56,579.46,4.01
2022-09-28T15:15:01.711201,0.00,13.99,658.60,79.99,19.77,157.84,576.20,4.00
2022-09-28T15:16:01.293952,0.00,13.99,658.60,79.99,19.91,158.12,578.64,4.01
2022-09-28T15:17:01.878864,0.00,13.99,658.60,79.99,19.67,158.21,582.76,4.04
2022-09-28T15:18:01.457458,0.00,13.99,658.60,79.99,19.73,158.12,579.87,4.04
2022-09-28T15:19:02.036895,0.00,13.99,658.60,79.99,20.03,158.73,578.64,4.04
2022-09-28T15:20:01.618417,0.00,13.99,658.60,79.99,20.09,158.87,582.34,4.06
2022-09-28T15:21:02.201995,0.00,13.99,658.60,79.99,19.26,159.38,590.30,4.09
2022-09-28T15:22:01.783435,0.00,13.99,658.60,79.99,20.74,159.57,591.14,4.10
2022-09-28T15:23:01.370833,0.00,14.21,658.60,79.99,21.21,159.90,592.42,4.13
2022-09-28T15:24:01.948994,0.00,14.21,658.60,79.99,21.75,160.66,605.48,4.18
2022-09-28T15:25:01.531695,0.00,13.99,658.60,79.99,22.81,161.72,618.61,4.24
2022-09-28T15:26:02.112759,0.00,14.26,658.60,79.99,23.41,162.73,628.44,4.27
2022-09-28T15:27:01.694812,0.00,14.26,658.60,79.99,24.35,163.36,635.65,4.32
2022-09-28T15:28:01.279604,0.00,14.30,658.60,79.99,24.35,164.30,645.99,4.37
2022-09-28T15:29:01.866317,0.00,14.44,658.60,79.99,24.30,165.38,656.14,4.43
2022-09-28T15:30:01.458883,0.00,14.48,658.60,79.99,23.23,166.03,658.72,4.45
2022-09-28T15:31:02.037264,0.00,14.21,658.60,79.99,21.45,166.38,656.65,4.46
2022-09-28T15:32:01.618184,0.00,14.44,658.60,79.99,21.17,166.53,645.49,4.44
2022-09-28T15:33:01.201434,0.00,13.99,658.60,79.99,21.54,166.43,637.11,4.44
2022-09-28T15:34:01.785460,0.00,13.99,658.60,79.99,16.52,166.08,619.99,4.40
2022-09-28T15:35:01.367774,0.00,14.05,658.60,79.99,18.48,166.48,619.07,4.40
2022-09-28T15:36:01.951615,0.00,13.99,658.60,79.99,18.29,166.58,618.61,4.41
2022-09-28T15:37:01.533744,0.00,13.99,658.60,79.99,18.29,166.84,618.61,4.42
2022-09-28T15:38:02.114929,0.00,13.99,658.60,79.99,15.31,167.69,629.40,4.46
2022-09-28T15:39:01.698929,0.00,14.26,658.60,79.99,21.10,168.31,639.06,4.48
2022-09-28T15:40:01.288984,0.00,13.99,658.60,79.99,17.78,168.72,642.02,4.51
2022-09-28T15:41:01.867473,0.00,14.26,658.60,79.99,16.89,169.33,636.13,4.51
2022-09-28T15:42:01.450802,0.00,14.21,658.60,79.99,21.75,169.74,656.65,4.57
2022-09-28T15:43:02.047905,0.00,13.99,658.60,79.99,21.51,170.37,657.69,4.59
2022-09-28T15:44:01.633701,0.00,14.38,658.60,79.99,17.76,170.47,650.52,4.58
2022-09-28T15:45:01.215087,0.00,13.99,658.60,79.99,19.66,169.95,645.00,4.59
2022-09-28T15:46:01.790355,0.00,14.05,658.60,79.99,14.39,170.78,645.99,4.60
2022-09-28T15:47:01.368507,0.00,13.99,658.60,79.99,17.45,170.99,645.00,4.61
2022-09-28T15:48:01.950827,0.00,13.99,658.60,79.99,17.32,171.62,653.58,4.64
2022-09-28T15:49:01.547040,0.00,14.05,658.60,79.99,19.24,172.04,653.06,4.64
2022-09-28T15:50:02.140114,0.00,13.99,658.60,79.99,20.58,171.67,647.00,4.63
2022-09-28T15:51:01.712990,0.00,13.99,658.60,79.99,21.01,171.99,643.50,4.63
2022-09-28T15:52:01.289479,0.00,13.99,658.60,79.99,21.93,172.36,643.50,4.64
2022-09-28T15:53:01.868159,0.00,14.05,658.60,79.99,20.95,172.20,643.01,4.64
2022-09-28T15:54:01.451013,0.00,13.99,658.60,79.99,23.88,172.47,642.51,4.64
2022-09-28T15:55:02.033794,0.00,13.99,658.60,79.99,22.30,171.57,632.75,4.63
2022-09-28T15:56:01.615167,0.00,13.99,658.60,79.99,20.50,173.37,652.05,4.68
2022-09-28T15:57:01.199191,0.00,13.95,658.60,79.99,21.36,173.53,656.14,4.70
2022-09-28T15:58:01.781254,0.00,13.99,658.60,79.99,18.87,173.85,654.09,4.71
2022-09-28T15:59:01.364085,0.00,13.99,658.60,79.99,17.30,174.23,648.50,4.70
2022-09-28T16:00:01.944615,0.00,14.05,658.60,79.99,16.89,174.60,647.00,4.71
2022-09-28T16:01:01.525007,0.00,14.21,658.60,79.99,16.52,174.60,641.03,4.70
2022-09-28T16:02:02.110949,0.00,14.21,658.60,79.99,15.18,175.20,648.50,4.73
2022-09-28T16:03:01.708344,0.00,13.99,658.60,79.99,14.99,175.42,649.01,4.74
2022-09-28T16:04:01.287078,0.00,13.99,658.60,79.99,13.83,175.85,653.58,4.75
2022-09-28T16:05:01.870208,0.00,14.21,658.60,79.99,13.83,176.18,654.09,4.76
2022-09-28T16:06:01.453308,0.00,13.99,658.60,79.99,13.83,176.40,652.55,4.75
2022-09-28T16:07:02.035093,0.00,14.21,658.60,79.99,13.83,175.69,647.50,4.75
2022-09-28T16:08:01.616757,0.00,13.82,658.60,79.99,13.65,176.45,644.50,4.73
2022-09-28T16:09:02.196796,0.00,13.99,658.60,79.99,15.60,176.73,640.54,4.73
2022-09-28T16:10:01.792264,0.00,13.82,658.60,79.99,13.28,176.67,634.20,4.70
2022-09-28T16:11:01.373634,0.00,13.99,658.60,79.99,14.07,176.78,637.11,4.73
2022-09-28T16:12:01.969357,0.00,13.99,658.60,79.99,13.89,176.95,631.31,4.70
2022-09-28T16:13:01.542620,0.00,13.99,658.60,79.99,13.70,177.06,638.08,4.72
2022-09-28T16:14:02.120451,0.00,13.99,658.60,79.99,12.54,177.17,637.60,4.71
2022-09-28T16:15:01.703082,0.00,13.99,658.60,79.99,8.26,177.50,641.52,4.72
2022-09-28T16:16:01.285211,0.00,13.99,658.60,79.99,13.33,177.89,650.02,4.74
2022-09-28T16:17:01.871476,0.00,13.82,658.60,79.99,17.43,178.39,655.62,4.76
2022-09-28T16:18:01.453969,0.00,13.99,658.60,79.99,14.13,178.78,653.06,4.76
2022-09-28T16:19:02.035400,0.00,13.99,658.60,79.99,12.96,178.83,652.05,4.77
2022-09-28T16:20:01.616786,0.00,13.99,658.60,79.99,13.94,179.23,651.54,4.78
2022-09-28T16:21:01.200652,0.00,13.99,658.60,79.99,13.94,179.40,651.03,4.78
2022-09-28T16:22:01.780255,0.00,13.99,658.60,79.99,11.80,180.02,657.17,4.80
2022-09-28T16:23:01.362896,0.00,13.99,658.60,79.99,10.83,180.07,652.05,4.78
2022-09-28T16:24:01.944148,0.00,13.99,658.60,79.99,12.96,180.13,648.00,4.78
2022-09-28T16:25:01.525202,0.00,13.77,658.60,79.99,11.99,179.17,649.51,4.78
2022-09-28T16:26:02.111162,0.00,13.99,658.60,79.99,13.15,180.87,655.62,4.81
2022-09-28T16:27:01.692247,0.00,13.99,658.60,79.99,14.31,181.27,661.32,4.82
2022-09-28T16:28:01.289195,0.00,14.21,658.60,79.99,14.31,181.55,663.42,4.83
2022-09-28T16:29:01.867939,0.00,13.99,658.60,79.99,14.31,182.01,666.58,4.84
2022-09-28T16:30:01.458810,0.00,13.99,658.60,79.99,11.19,182.76,669.24,4.85
2022-09-28T16:31:02.037122,0.00,14.38,658.60,79.99,12.36,182.82,668.71,4.86
2022-09-28T16:32:01.630357,0.00,13.99,658.60,79.99,10.40,183.11,671.38,4.87
2022-09-28T16:33:01.212051,0.00,13.95,658.60,79.99,10.59,183.81,674.07,4.88
2022-09-28T16:34:01.789002,0.00,13.99,658.60,79.99,9.79,183.92,668.71,4.87
2022-09-28T16:35:01.368720,2.00,13.99,658.60,79.99,12.25,184.10,670.31,4.88
2022-09-28T16:36:01.951468,0.00,13.99,658.60,79.99,7.05,185.15,673.53,4.89
2022-09-28T16:37:01.532794,1.00,13.99,658.60,79.99,10.95,185.04,669.24,4.88
2022-09-28T16:38:02.115184,0.00,13.99,658.60,79.99,9.79,185.33,668.17,4.90
2022-09-28T16:39:01.700086,0.00,13.99,658.60,79.99,8.82,185.15,668.17,4.86
2022-09-28T16:40:01.282712,0.00,13.99,658.60,79.99,9.74,185.87,671.38,4.91
2022-09-28T16:41:01.865542,0.00,13.99,658.60,79.99,10.59,186.28,674.07,4.93
2022-09-28T16:42:01.440463,0.00,13.82,658.60,79.99,13.89,186.94,680.07,4.95
2022-09-28T16:43:02.023328,0.00,13.99,658.60,79.99,10.77,186.88,677.33,4.94
2022-09-28T16:44:01.613139,0.00,13.99,658.60,79.99,10.77,187.18,678.97,4.95
2022-09-28T16:45:02.194037,0.00,14.44,658.60,79.99,8.45,187.54,675.70,4.95
2022-09-28T16:46:01.775550,0.00,14.09,658.60,79.99,9.42,187.84,680.62,4.97
2022-09-28T16:47:01.360740,0.00,13.99,658.60,79.99,6.31,188.02,679.52,4.97
2022-09-28T16:48:01.943844,0.00,13.99,658.60,79.99,8.26,188.69,680.62,4.97
2022-09-28T16:49:01.530555,0.00,13.99,658.60,79.99,10.40,188.75,677.33,4.97
2022-09-28T16:50:02.112976,0.00,13.99,658.60,79.99,7.28,189.30,671.92,4.97
2022-09-28T16:51:01.694810,3.00,13.99,658.60,79.99,7.47,188.93,667.11,4.96
2022-09-28T16:52:01.280239,0.00,13.99,658.60,79.99,8.45,189.24,664.99,4.96
2022-09-28T16:53:01.863365,0.00,13.99,658.60,79.99,7.65,189.24,662.89,4.95
2022-09-28T16:54:01.456908,0.00,13.82,658.60,79.99,6.52,189.11,661.84,4.94
2022-09-28T16:55:02.032949,2.00,13.99,658.60,79.99,7.05,189.60,657.69,4.93
2022-09-28T16:56:01.614904,0.00,13.99,658.60,79.99,10.77,189.48,655.62,4.92
2022-09-28T16:57:02.199161,0.00,13.99,658.60,79.99,6.12,190.03,653.06,4.92
2022-09-28T16:58:01.782478,0.00,13.99,658.60,79.99,4.15,190.03,657.69,4.93
2022-09-28T16:59:01.354266,0.00,14.21,658.60,79.99,4.03,190.28,658.72,4.93
2022-09-28T17:00:01.930763,0.00,13.99,658.60,79.99,4.78,190.28,664.47,4.95
2022-09-28T17:01:01.509082,0.00,13.99,658.60,79.99,3.67,190.83,661.84,4.94
2022-09-28T17:02:02.101727,0.00,14.05,658.60,79.99,5.75,191.14,669.24,4.97
2022-09-28T17:03:01.683061,0.00,13.99,658.60,79.99,4.78,191.33,669.77,4.96
2022-09-28T17:04:01.265092,0.00,13.99,658.60,79.99,4.78,191.76,674.07,4.97
2022-09-28T17:05:01.856278,0.00,13.99,658.60,79.99,5.75,192.01,676.24,4.96
2022-09-28T17:06:01.440724,0.00,13.99,658.60,79.99,3.61,192.39,683.38,4.98
2022-09-28T17:07:02.022803,0.00,13.99,658.60,79.99,4.59,192.51,686.17,4.99
2022-09-28T17:08:01.594509,0.00,13.99,658.60,79.99,3.43,192.58,688.41,4.99
2022-09-28T17:09:02.179981,0.00,13.99,658.60,79.99,4.41,193.01,694.08,4.99
2022-09-28T17:10:01.768270,0.00,13.99,658.60,79.99,5.39,193.08,695.22,4.99
2022-09-28T17:11:01.356071,1.00,14.21,658.60,79.99,8.50,193.84,703.91,4.99
2022-09-28T17:12:01.940208,0.00,13.99,658.60,79.99,4.22,194.34,717.02,5.02
2022-09-28T17:13:01.523615,0.00,13.99,658.60,79.99,5.20,194.03,721.29,5.02
2022-09-28T17:14:02.111525,1.00,13.99,658.60,79.99,4.22,194.34,720.06,5.02
2022-09-28T17:15:01.695225,0.00,13.99,658.60,79.99,4.22,194.09,723.75,5.01
2022-09-28T17:16:01.279451,0.00,13.82,658.60,79.99,4.22,194.34,719.45,4.99
2022-09-28T17:17:01.869605,5.00,13.99,658.60,79.99,8.50,194.53,723.75,5.00
2022-09-28T17:18:01.452728,0.00,13.99,658.60,79.99,2.90,194.85,731.22,5.01
2022-09-28T17:19:02.034421,0.00,13.99,658.60,79.99,4.41,195.11,729.34,4.99
2022-09-28T17:20:01.629617,0.00,13.82,658.60,79.99,2.84,194.73,729.34,4.99
2022-09-28T17:21:01.212415,0.00,13.99,658.60,79.99,2.43,194.47,726.22,4.96
2022-09-28T17:22:01.802963,0.00,13.99,658.60,79.99,3.06,193.96,715.21,4.91
2022-09-28T17:23:01.376868,0.00,13.82,658.60,79.99,3.06,193.77,718.84,4.91
2022-09-28T17:24:01.970464,0.00,13.99,658.60,79.99,2.43,194.28,723.75,4.91
2022-09-28T17:25:01.543137,0.00,13.95,658.60,79.99,2.49,194.66,732.48,4.91
2022-09-28T17:26:02.124219,0.00,13.99,658.60,79.99,2.43,194.53,733.11,4.91
2022-09-28T17:27:01.704631,0.00,13.82,658.60,79.99,3.06,193.96,736.28,4.90
2022-09-28T17:28:01.286919,1.00,13.99,658.60,79.99,2.07,194.53,743.35,4.92
2022-09-28T17:29:01.867972,0.00,13.99,658.60,79.99,1.78,194.66,744.65,4.93
2022-09-28T17:30:01.458834,0.00,13.99,658.60,79.99,2.88,194.28,740.12,4.91
2022-09-28T17:31:02.038953,0.00,13.99,658.60,79.99,1.72,194.79,741.41,4.92
2022-09-28T17:32:01.617512,0.00,13.99,658.60,79.99,2.69,195.56,749.23,4.92
2022-09-28T17:33:01.201016,0.00,13.82,658.60,79.99,1.72,195.11,749.23,4.93
2022-09-28T17:34:01.782271,0.00,13.99,658.60,79.99,2.69,194.79,749.89,4.92
2022-09-28T17:35:01.369080,0.00,13.99,658.60,79.99,5.81,194.47,749.89,4.92
2022-09-28T17:36:01.952294,0.00,13.82,658.60,79.99,5.81,194.92,753.20,4.94
2022-09-28T17:37:01.543337,0.00,13.99,658.60,79.99,5.81,194.73,753.86,4.93
2022-09-28T17:38:02.121369,0.00,13.99,658.60,79.99,5.81,194.85,751.87,4.93
2022-09-28T17:39:01.685481,0.00,13.95,658.60,79.99,1.53,194.15,747.26,4.93
2022-09-28T17:40:01.270998,0.00,13.95,658.60,79.99,2.51,194.60,749.23,4.93
2022-09-28T17:41:01.852820,0.00,13.82,658.60,79.99,2.51,194.34,740.12,4.90
2022-09-28T17:42:01.433771,0.00,13.99,658.60,79.99,0.83,194.47,741.41,4.91
2022-09-28T17:43:02.016417,2.00,13.99,658.60,79.99,3.49,194.53,741.41,4.90
2022-09-28T17:44:01.599906,0.00,13.99,658.60,79.99,1.35,194.28,737.56,4.88
2022-09-28T17:45:02.182130,0.00,13.95,658.60,79.99,1.35,195.04,741.41,4.88
2022-09-28T17:46:01.778378,0.00,13.82,658.60,79.99,2.32,195.11,740.12,4.88
2022-09-28T17:47:01.361858,0.00,13.82,658.60,79.99,2.32,194.41,742.70,4.88
2022-09-28T17:48:01.953447,0.00,13.82,658.60,79.99,0.41,194.09,716.41,4.81
2022-09-28T17:49:01.534068,0.00,13.99,658.60,79.99,0.41,193.46,728.09,4.82
2022-09-28T17:50:02.115392,0.00,13.82,658.60,79.99,0.41,193.46,724.98,4.82
2022-09-28T17:51:01.700649,0.00,13.99,658.60,79.99,2.33,194.15,730.59,4.82
2022-09-28T17:52:01.283178,0.00,13.82,658.60,79.99,1.16,194.03,734.38,4.81
2022-09-28T17:53:01.865119,0.00,13.99,658.60,79.99,1.16,194.41,741.41,4.84
2022-09-28T17:54:01.449756,0.00,13.77,658.60,79.99,1.16,194.09,730.59,4.80
2022-09-28T17:55:02.033124,0.00,13.77,658.60,79.99,1.16,192.95,715.21,4.76
2022-09-28T17:56:01.615105,0.00,13.77,658.60,79.99,1.16,192.76,716.41,4.75
2022-09-28T17:57:01.190979,0.00,13.95,658.60,79.99,1.16,192.01,708.03,4.71
2022-09-28T17:58:01.787280,0.00,13.95,658.60,79.99,0.00,191.20,703.91,4.70
2022-09-28T17:59:01.370197,0.00,13.56,658.60,79.99,0.00,191.02,700.99,4.70
2022-09-28T18:00:01.952609,0.00,13.77,658.60,79.99,0.00,190.96,699.25,4.67
2022-09-28T18:01:01.533169,0.00,13.77,658.60,79.99,0.00,190.77,692.94,4.64
2022-09-28T18:02:02.115502,0.00,13.72,658.60,79.99,0.00,190.03,683.38,4.60
2022-09-28T18:03:01.700565,0.00,13.95,658.60,79.99,0.00,190.34,683.38,4.60
2022-09-28T18:04:01.278988,0.00,13.72,658.60,79.99,0.89,189.42,682.28,4.57
2022-09-28T18:05:01.869620,0.00,13.50,658.60,79.99,0.89,189.60,681.72,4.56
2022-09-28T18:06:01.460663,0.00,13.50,658.60,79.99,0.89,189.48,678.43,4.53
2022-09-28T18:07:02.038604,0.00,13.72,658.60,79.99,0.89,189.48,674.07,4.49
2022-09-28T18:08:01.631657,0.00,13.50,658.60,79.99,0.89,189.42,678.43,4.47
2022-09-28T18:09:01.222975,2.00,13.77,658.60,79.99,0.89,189.42,680.62,4.45
2022-09-28T18:10:01.794918,0.00,13.50,658.60,79.99,0.00,189.42,681.72,4.44
2022-09-28T18:11:01.371491,0.00,13.72,658.60,79.99,0.00,189.30,687.85,4.43
2022-09-28T18:12:01.952033,0.00,13.50,658.60,79.99,0.00,189.48,691.23,4.44
2022-09-28T18:13:01.533736,0.00,13.95,658.60,79.99,0.00,189.36,689.54,4.42
2022-09-28T18:14:02.116690,0.00,13.72,658.60,79.99,0.00,189.66,694.65,4.44
2022-09-28T18:15:01.701443,0.00,13.95,658.60,79.99,0.00,189.91,700.41,4.46
2022-09-28T18:16:01.284030,0.00,13.77,658.60,79.99,0.00,190.15,702.15,4.47
2022-09-28T18:17:01.870318,0.00,13.50,658.60,79.99,0.00,190.96,702.15,4.48
2022-09-28T18:18:01.460027,0.00,13.90,658.60,79.99,0.00,190.65,708.62,4.49
2022-09-28T18:19:02.038417,0.00,13.72,658.60,79.99,0.00,190.83,712.20,4.51
2022-09-28T18:20:01.617148,0.00,13.95,658.60,79.99,0.00,191.33,720.67,4.53
2022-09-28T18:21:01.200736,0.00,13.77,658.60,79.99,0.00,191.08,711.00,4.51
2022-09-28T18:22:01.784246,0.00,13.56,658.60,79.99,0.00,190.83,714.00,4.53
2022-09-28T18:23:01.366159,0.00,13.56,658.60,79.99,0.00,190.77,712.80,4.53
2022-09-28T18:24:01.951440,0.00,13.90,658.60,79.99,0.00,190.58,708.03,4.54
2022-09-28T18:25:01.547642,0.00,13.72,658.60,79.99,0.00,190.46,707.44,4.53
2022-09-28T18:26:02.131388,0.00,13.50,658.60,79.99,0.00,190.83,709.22,4.54
2022-09-28T18:27:01.713479,0.00,13.72,658.60,79.99,0.00,190.46,699.83,4.52
2022-09-28T18:28:01.290683,0.00,13.72,658.60,79.99,0.00,190.58,701.57,4.53
2022-09-28T18:29:01.873343,0.00,13.50,658.60,79.99,0.00,190.96,699.83,4.52
2022-09-28T18:30:01.454467,0.00,13.77,658.60,79.99,0.00,190.77,703.91,4.54
2022-09-28T18:31:02.034858,0.00,13.95,658.60,79.99,0.00,189.54,695.22,4.51
2022-09-28T18:32:01.616333,0.00,13.95,658.60,79.99,0.00,190.65,696.94,4.51
2022-09-28T18:33:02.200568,3.00,13.50,658.60,79.99,0.00,190.40,686.73,4.48
2022-09-28T18:34:01.783308,0.00,13.77,658.60,79.99,0.00,190.28,693.51,4.50
2022-09-28T18:35:01.364704,0.00,13.50,658.60,79.99,0.00,189.79,688.41,4.48
2022-09-28T18:36:01.945646,0.00,13.56,658.60,79.99,0.00,190.40,688.97,4.46
2022-09-28T18:37:01.538101,0.00,13.56,658.60,79.99,0.00,190.22,690.67,4.46
2022-09-28T18:38:02.120207,0.00,13.77,658.60,79.99,0.00,189.48,686.17,4.46
2022-09-28T18:39:01.701779,0.00,13.50,658.60,79.99,0.00,189.97,688.41,4.45
2022-09-28T18:40:01.284196,0.00,13.72,658.60,79.99,0.00,189.42,683.38,4.44
2022-09-28T18:41:01.869805,0.00,13.50,658.60,79.99,0.00,189.36,681.72,4.41
2022-09-28T18:42:01.452841,0.00,13.72,658.60,79.99,0.00,189.48,678.97,4.40
2022-09-28T18:43:02.033430,0.00,13.50,658.60,79.99,0.00,189.42,677.33,4.39
2022-09-28T18:44:01.615383,0.00,13.95,658.60,79.99,0.00,189.36,677.88,4.40
2022-09-28T18:45:01.201110,0.00,13.50,658.60,79.99,0.00,189.66,683.94,4.39
2022-09-28T18:46:01.782335,0.00,13.77,658.60,79.99,0.00,188.99,682.28,4.36
2022-09-28T18:47:01.366940,3.00,13.50,658.60,79.99,0.00,188.32,674.62,4.35
2022-09-28T18:48:01.949971,0.00,13.46,658.60,79.99,0.00,188.57,676.79,4.36
2022-09-28T18:49:01.532904,3.00,13.50,658.60,79.99,0.00,188.08,674.62,4.33
2022-09-28T18:50:02.122417,0.00,13.50,658.60,79.99,0.00,188.51,674.07,4.33
2022-09-28T18:51:01.707138,0.00,13.50,658.60,79.99,0.00,188.38,675.70,4.31
2022-09-28T18:52:01.305740,0.00,13.46,658.60,79.99,0.00,188.08,668.71,4.28
2022-09-28T18:53:01.890550,0.00,13.50,658.60,79.99,0.00,188.20,667.11,4.27
2022-09-28T18:54:01.472889,0.00,13.50,658.60,79.99,0.00,188.26,669.24,4.27
2022-09-28T18:55:02.045682,0.00,13.50,658.60,79.99,0.00,187.36,662.89,4.23
2022-09-28T18:56:01.629831,0.00,13.33,658.60,79.99,0.00,186.88,663.94,4.23
2022-09-28T18:57:01.225220,0.00,13.50,658.60,79.99,0.00,186.70,663.94,4.19
2022-09-28T18:58:01.817226,0.00,13.50,658.60,79.99,0.00,186.64,656.65,4.16
2022-09-28T18:59:01.400148,0.00,13.46,658.60,79.99,0.00,186.88,657.69,4.13
2022-09-28T19:00:01.983278,0.00,13.46,658.60,79.99,0.00,186.04,645.99,4.08
2022-09-28T19:01:01.579057,0.00,13.46,658.60,79.99,0.00,185.45,648.50,4.07
2022-09-28T19:02:02.162322,0.00,13.50,658.60,79.99,0.00,185.27,645.49,4.03
2022-09-28T19:03:01.739861,1.00,13.50,658.60,79.99,0.00,185.04,621.39,3.96
2022-09-28T19:04:01.332027,0.00,13.33,658.60,79.99,0.00,184.92,646.49,4.01
2022-09-28T19:05:01.912516,0.00,13.46,658.60,79.99,0.00,185.04,644.50,3.98
2022-09-28T19:06:01.500375,0.00,13.28,658.60,79.99,0.00,184.21,644.00,3.95
2022-09-28T19:07:02.083206,0.00,13.46,658.60,79.99,0.00,184.10,647.50,3.93
2022-09-28T19:08:01.663310,0.00,13.46,658.60,79.99,0.00,183.81,645.99,3.89
2022-09-28T19:09:01.245090,0.00,13.50,658.60,79.99,0.00,183.81,647.00,3.87
2022-09-28T19:10:01.846287,0.00,13.33,658.60,79.99,0.00,183.46,650.02,3.87
2022-09-28T19:11:01.424678,0.00,13.15,658.60,79.99,0.00,183.11,649.51,3.84
2022-09-28T19:12:02.009581,0.00,13.50,658.60,79.99,0.00,183.28,652.05,3.82
2022-09-28T19:13:01.592929,0.00,13.33,658.60,79.99,0.00,183.11,651.54,3.80
2022-09-28T19:14:02.174762,0.00,13.50,658.60,79.99,0.00,182.76,646.49,3.77
2022-09-28T19:15:01.758750,0.00,13.46,658.60,79.99,0.00,182.76,652.05,3.78
2022-09-28T19:16:01.351444,0.00,13.50,658.60,79.99,0.00,182.76,652.05,3.75
2022-09-28T19:17:01.937634,0.00,13.50,658.60,79.99,0.00,182.47,647.00,3.73
2022-09-28T19:18:01.520238,0.00,13.50,658.60,79.99,0.00,182.53,654.09,3.73
2022-09-28T19:19:02.108060,0.00,13.46,658.60,79.99,0.00,182.07,648.00,3.70
2022-09-28T19:20:01.692725,0.00,13.24,658.60,79.99,0.00,181.72,648.00,3.68
2022-09-28T19:21:01.274599,0.00,13.24,658.60,79.99,0.00,181.38,647.00,3.66
2022-09-28T19:22:01.862611,0.00,13.46,658.60,79.99,0.00,181.61,652.05,3.66
2022-09-28T19:23:01.444463,0.00,13.33,658.60,79.99,0.00,181.67,655.62,3.66
2022-09-28T19:24:02.029583,0.00,13.28,658.60,79.99,0.00,181.04,649.01,3.64
2022-09-28T19:25:01.612714,0.00,13.50,658.60,79.99,0.00,180.53,645.49,3.61
2022-09-28T19:26:02.195264,0.00,13.15,658.60,79.99,0.00,180.13,641.52,3.59
2022-09-28T19:27:01.780424,0.00,13.46,658.60,79.99,0.00,180.58,643.50,3.57
2022-09-28T19:28:01.362978,0.00,13.50,658.60,79.99,0.00,179.90,639.06,3.54
2022-09-28T19:29:01.944248,0.00,13.50,658.60,79.99,0.00,179.73,634.20,3.52
2022-09-28T19:30:01.519210,0.00,13.28,658.60,79.99,0.00,179.62,640.54,3.53
2022-09-28T19:31:02.106921,0.00,13.06,658.60,79.99,0.00,179.34,636.13,3.51
2022-09-28T19:32:01.690601,0.00,13.42,658.60,79.99,0.00,178.89,633.71,3.48
2022-09-28T19:33:01.272710,0.00,13.42,658.60,79.99,0.00,178.78,632.75,3.46
2022-09-28T19:34:01.858261,0.00,13.46,658.60,79.99,0.00,178.95,634.20,3.46
2022-09-28T19:35:01.447393,0.00,13.06,658.60,79.99,0.00,178.55,631.31,3.45
2022-09-28T19:36:02.032247,0.00,13.50,658.60,79.99,0.00,177.94,625.60,3.41
2022-09-28T19:37:01.615168,0.00,13.33,658.60,79.99,0.00,176.34,617.22,3.38
2022-09-28T19:38:02.200889,2.00,13.10,658.60,79.99,0.00,176.89,617.22,3.36
2022-09-28T19:39:01.782198,0.00,13.42,658.60,79.99,0.00,176.56,612.66,3.34
2022-09-28T19:40:01.358463,0.00,13.06,658.60,79.99,0.00,176.51,612.20,3.32
2022-09-28T19:41:01.941786,0.00,13.10,658.60,79.99,0.00,176.02,603.71,3.29
2022-09-28T19:42:01.515368,0.00,13.24,658.60,79.99,0.00,175.58,603.71,3.27
2022-09-28T19:43:02.106446,0.00,13.10,658.60,79.99,0.00,175.58,607.70,3.27
2022-09-28T19:44:01.691781,2.00,13.06,658.60,79.99,0.00,175.25,608.60,3.25
2022-09-28T19:45:01.273397,0.00,13.06,658.60,79.99,0.00,174.66,603.26,3.22
2022-09-28T19:46:01.854584,0.00,13.24,658.60,79.99,0.00,174.17,599.76,3.19
2022-09-28T19:47:01.439314,0.00,13.15,658.60,79.99,0.00,173.64,600.63,3.17
2022-09-28T19:48:02.022734,0.00,13.24,658.60,79.99,0.00,173.21,594.13,3.13
2022-09-28T19:49:01.610580,0.00,13.06,658.60,79.99,0.00,173.00,597.58,3.12
2022-09-28T19:50:02.192791,0.00,13.06,658.60,79.99,0.00,172.52,595.85,3.10
2022-09-28T19:51:01.785593,0.00,13.06,658.60,79.99,0.00,172.15,592.85,3.07
2022-09-28T19:52:01.366468,0.00,13.06,658.60,79.99,0.00,171.88,595.42,3.05
2022-09-28T19:53:01.964167,0.00,13.06,658.60,79.99,0.00,171.46,594.13,3.03
2022-09-28T19:54:01.539718,0.00,13.06,658.60,79.99,0.00,171.20,592.85,3.01
2022-09-28T19:55:02.123776,0.00,13.06,658.60,79.99,0.00,170.42,583.58,2.98
2022-09-28T19:56:01.704905,0.00,13.01,658.60,79.99,0.00,170.26,588.60,2.97
2022-09-28T19:57:01.283903,0.00,12.85,658.60,79.99,0.00,170.11,586.50,2.94
2022-09-28T19:58:01.864278,0.00,13.06,658.60,79.99,0.00,169.64,577.42,2.92
2022-09-28T19:59:01.462207,0.00,13.06,658.60,79.99,0.00,169.28,571.37,2.89
2022-09-28T20:00:02.039090,0.00,13.06,658.60,79.99,0.00,168.92,564.26,2.87
2022-09-28T20:01:01.618548,0.00,12.85,658.60,79.99,0.00,168.51,565.44,2.85
2022-09-28T20:02:01.212281,0.00,13.06,658.60,79.99,0.00,168.15,565.44,2.81
2022-09-28T20:03:01.789122,0.00,12.85,658.60,79.99,0.00,167.90,569.38,2.82
2022-09-28T20:04:01.373077,0.00,12.85,658.60,79.99,0.00,167.44,569.78,2.80
2022-09-28T20:05:01.959883,0.00,13.06,658.60,79.99,0.00,167.39,568.98,2.78
2022-09-28T20:06:01.537754,0.00,12.85,658.60,79.99,0.00,166.84,570.57,2.75
2022-09-28T20:07:02.118505,0.00,13.06,658.60,79.99,0.00,166.53,575.39,2.75
2022-09-28T20:08:01.702228,0.00,13.06,658.60,79.99,0.00,166.23,576.20,2.73
2022-09-28T20:09:01.275353,0.00,13.06,658.60,79.99,0.00,166.13,579.05,2.72
2022-09-28T20:10:01.860511,0.00,13.06,658.60,79.99,0.00,166.33,586.08,2.72
2022-09-28T20:11:01.432618,0.00,13.06,658.60,79.99,0.00,165.93,586.08,2.69
2022-09-28T20:12:02.018814,0.00,13.06,658.60,79.99,0.00,165.88,586.92,2.68
2022-09-28T20:13:01.607343,0.00,13.06,658.60,79.99,0.00,165.04,584.00,2.66
2022-09-28T20:14:02.191275,0.00,13.06,658.60,79.99,0.00,165.23,581.93,2.64
2022-09-28T20:15:01.772760,0.00,13.06,658.60,79.99,0.00,164.79,587.34,2.64
2022-09-28T20:16:01.361554,0.00,13.01,658.60,79.99,0.00,164.69,584.42,2.62
2022-09-28T20:17:01.945774,0.00,13.06,658.60,79.99,0.00,164.64,591.14,2.61
2022-09-28T20:18:01.525729,0.00,12.85,658.60,79.99,0.00,164.59,593.70,2.61
2022-09-28T20:19:02.109572,0.00,13.06,658.60,79.99,0.00,164.49,593.28,2.59
2022-09-28T20:20:01.692987,0.00,13.06,658.60,79.99,0.00,164.49,595.85,2.58
2022-09-28T20:21:01.270698,0.00,12.85,658.60,79.99,0.00,163.85,594.13,2.57
2022-09-28T20:22:01.859001,0.00,12.85,658.60,79.99,0.00,163.56,594.56,2.56
2022-09-28T20:23:01.450486,0.00,13.06,658.60,79.99,0.00,163.41,591.99,2.54
2022-09-28T20:24:02.032113,0.00,13.01,658.60,79.99,0.00,163.22,595.42,2.54
2022-09-28T20:25:01.614737,0.00,13.06,658.60,79.99,0.00,162.49,593.28,2.53
2022-09-28T20:26:01.191483,0.00,13.24,658.60,79.99,0.00,163.31,599.76,2.52
2022-09-28T20:27:01.774589,0.00,13.06,658.60,79.99,0.00,163.22,603.26,2.53
2022-09-28T20:28:01.371662,0.00,13.24,658.60,79.99,0.00,163.12,604.15,2.52
2022-09-28T20:29:01.952823,0.00,12.85,658.60,79.99,0.00,163.02,603.26,2.51
2022-09-28T20:30:01.534560,0.00,13.06,658.60,79.99,0.00,162.59,606.37,2.51
2022-09-28T20:31:02.116719,0.00,13.06,658.60,79.99,0.00,162.68,604.15,2.49
2022-09-28T20:32:01.707893,0.00,12.85,658.60,79.99,0.00,162.54,606.37,2.49
2022-09-28T20:33:01.288182,0.00,13.06,658.60,79.99,0.00,162.29,605.92,2.49
2022-09-28T20:34:01.868740,0.00,13.06,658.60,79.99,0.00,162.44,609.50,2.49
2022-09-28T20:35:01.452586,0.00,12.79,658.60,79.99,0.00,162.39,610.85,2.48
2022-09-28T20:36:02.033471,0.00,11.50,658.60,79.99,0.00,162.10,601.94,2.46
2022-09-28T20:37:01.676307,2.00,11.59,658.60,79.99,0.00,161.24,587.34,2.44
2022-09-28T20:38:01.317881,0.00,11.24,658.60,79.99,0.00,159.20,555.41,2.37
2022-09-28T20:39:01.907096,0.00,9.24,658.60,79.99,0.00,159.20,568.59,2.40
2022-09-28T20:40:01.502915,0.00,10.17,658.60,79.99,0.00,158.31,583.17,2.41
2022-09-28T20:41:02.098457,0.00,8.75,658.60,79.99,0.00,153.97,489.74,2.17
2022-09-28T20:42:01.696689,0.00,8.26,658.60,79.99,0.00,151.67,467.42,2.12
2022-09-28T20:43:01.269659,0.00,10.66,658.60,79.99,0.00,150.80,466.86,2.07
2022-09-28T20:44:01.842645,0.00,10.13,658.60,79.99,0.00,152.28,572.17,2.29
2022-09-28T20:45:01.508504,0.00,5.58,658.60,79.99,0.00,150.84,467.98,2.03
2022-09-28T20:46:01.177881,0.00,10.27,658.60,79.99,0.00,150.32,575.39,2.27
2022-09-28T20:47:01.771986,0.00,11.15,658.60,79.99,0.00,150.32,594.56,2.30
2022-09-28T20:48:01.646565,0.00,11.59,658.60,79.99,0.00,150.54,606.81,2.30
2022-09-28T20:49:01.226732,0.00,11.90,658.60,79.99,0.00,150.71,615.85,2.29
2022-09-28T20:50:01.826054,0.00,11.90,658.60,79.99,0.00,151.28,619.07,2.29
2022-09-28T20:51:01.413093,0.00,12.08,658.60,79.99,0.00,151.49,599.76,2.26
2022-09-28T20:52:01.998399,0.00,12.47,658.60,79.99,0.00,152.15,617.22,2.27
2022-09-28T20:53:01.583091,0.00,12.30,658.60,79.99,0.00,152.50,623.72,2.27
2022-09-28T20:54:02.117923,0.00,11.59,658.60,79.99,0.00,152.02,578.23,2.12
2022-09-28T20:55:01.709348,0.00,10.39,658.60,79.99,0.00,149.72,546.08,2.08
2022-09-28T20:56:01.300720,0.00,7.73,658.60,79.99,0.00,150.28,585.67,2.16
2022-09-28T20:57:01.893963,0.00,10.88,658.60,79.99,0.00,149.68,608.60,2.19
2022-09-28T20:58:01.470795,0.00,7.33,658.60,79.99,0.00,148.06,600.19,2.12
2022-09-28T20:59:02.082975,0.00,9.90,658.60,79.99,0.00,148.95,636.13,2.22
2022-09-28T21:00:01.672023,0.00,11.50,658.60,79.99,0.00,148.57,643.01,2.21
2022-09-28T21:01:01.254823,0.00,11.33,658.60,79.99,0.00,148.65,649.01,2.21
2022-09-28T21:02:01.842240,0.00,11.86,658.60,79.99,0.00,148.95,650.52,2.20
2022-09-28T21:03:01.422203,0.00,11.86,658.60,79.99,0.00,149.42,653.58,2.21
2022-09-28T21:04:02.005968,0.00,12.08,658.60,79.99,0.00,149.72,654.09,2.21
2022-09-28T21:05:01.588883,0.00,12.08,658.60,79.99,0.00,150.15,656.14,2.20
2022-09-28T21:06:02.173287,0.00,12.08,658.60,79.99,0.00,150.54,658.20,2.20
2022-09-28T21:07:01.756002,0.00,12.36,658.60,79.99,0.00,150.97,666.05,2.20
2022-09-28T21:08:01.347551,0.00,12.13,658.60,79.99,0.00,151.19,663.94,2.19
2022-09-28T21:09:01.950742,0.00,12.26,658.60,79.99,0.00,151.54,667.64,2.20
2022-09-28T21:10:01.532545,0.00,12.08,658.60,79.99,0.00,151.58,668.71,2.19
2022-09-28T21:11:02.115112,0.00,12.57,658.60,79.99,0.00,151.80,671.38,2.19
2022-09-28T21:12:01.712470,0.00,12.57,658.60,79.99,0.00,151.98,669.24,2.18
2022-09-28T21:13:01.293669,0.00,12.57,658.60,79.99,0.00,152.11,671.38,2.18
2022-09-28T21:14:01.873975,0.00,11.86,658.60,79.99,0.00,152.20,672.46,2.17
2022-09-28T21:15:01.454678,0.00,12.08,658.60,79.99,0.00,151.98,672.99,2.17
2022-09-28T21:16:02.049150,0.00,12.57,658.60,79.99,0.00,152.06,676.79,2.17
2022-09-28T21:17:01.637888,0.00,12.57,658.60,79.99,0.00,152.06,650.02,2.14
2022-09-28T21:18:01.232050,0.00,12.57,658.60,79.99,0.00,151.93,670.84,2.16
2022-09-28T21:19:01.824811,0.00,12.57,658.60,79.99,0.00,152.02,674.07,2.16
2022-09-28T21:20:01.408256,0.00,12.75,658.60,79.99,0.00,152.46,675.16,2.16
2022-09-28T21:21:01.984529,0.00,12.79,658.60,79.99,0.00,152.50,669.77,2.15
2022-09-28T21:22:01.565760,0.00,12.75,658.60,79.99,0.00,152.64,674.62,2.16
2022-09-28T21:23:02.152227,0.00,12.79,658.60,79.99,0.00,152.46,670.31,2.14
2022-09-28T21:24:01.737851,0.00,12.79,658.60,79.99,0.00,152.68,677.33,2.15
2022-09-28T21:25:01.324244,0.00,13.06,658.60,79.99,0.00,152.77,680.07,2.15
2022-09-28T21:26:01.917889,0.00,12.52,658.60,79.99,0.00,152.99,677.88,2.14
2022-09-28T21:27:01.502540,0.00,12.57,658.60,79.99,0.00,152.90,680.62,2.14
2022-09-28T21:28:02.091756,1.00,12.13,658.60,79.99,0.00,152.55,656.65,2.11
2022-09-28T21:29:01.690878,0.00,12.75,658.60,79.99,0.00,152.06,675.16,2.13
2022-09-28T21:30:01.272103,1.00,12.85,658.60,79.99,0.00,152.20,681.72,2.13
2022-09-28T21:31:01.831953,0.00,12.08,658.60,79.99,0.00,149.98,597.15,1.97
2022-09-28T21:32:01.445222,0.00,12.79,658.60,79.99,0.00,151.67,680.62,2.12
2022-09-28T21:33:02.027507,0.00,13.01,658.60,79.99,0.00,151.93,676.24,2.11
2022-09-28T21:34:01.611603,0.00,13.06,658.60,79.99,0.00,151.93,676.24,2.11
2022-09-28T21:35:02.193747,0.00,13.01,658.60,79.99,0.00,152.20,683.38,2.11
2022-09-28T21:36:01.770388,0.00,13.06,658.60,79.99,0.00,151.98,683.94,2.11
2022-09-28T21:37:01.351118,0.00,13.06,658.60,79.99,0.00,151.93,687.85,2.11
2022-09-28T21:38:01.933490,0.00,13.06,658.60,79.99,0.00,152.11,688.41,2.11
2022-09-28T21:39:01.510753,0.00,13.42,658.60,79.99,0.00,152.11,692.94,2.11
2022-09-28T21:40:02.091270,0.00,12.85,658.60,79.99,0.00,152.28,690.10,2.10
2022-09-28T21:41:01.673385,0.00,13.06,658.60,79.99,0.00,152.28,693.51,2.10
2022-09-28T21:42:01.256721,0.00,13.06,658.60,79.99,0.00,152.46,690.10,2.10
2022-09-28T21:43:01.842634,0.00,13.24,658.60,79.99,0.00,152.28,692.37,2.10
2022-09-28T21:44:01.426054,0.00,13.06,658.60,79.99,0.00,152.37,695.22,2.10
2022-09-28T21:45:02.018744,0.00,13.24,658.60,79.99,0.00,152.02,691.80,2.09
2022-09-28T21:46:01.604827,0.00,13.15,658.60,79.99,0.00,152.06,693.51,2.09
2022-09-28T21:47:02.192002,0.00,13.42,658.60,79.99,0.00,151.93,687.85,2.08
2022-09-28T21:48:01.791187,0.00,13.42,658.60,79.99,0.00,151.71,684.50,2.08
2022-09-28T21:49:01.373660,0.00,13.06,658.60,79.99,0.00,151.45,678.43,2.07
2022-09-28T21:50:01.963747,0.00,13.15,658.60,79.99,0.00,151.41,681.17,2.07
2022-09-28T21:51:01.566318,0.00,12.57,658.60,79.99,0.00,151.41,682.28,2.07
2022-09-28T21:52:02.150080,0.00,13.01,658.60,79.99,0.00,151.02,676.24,2.07
2022-09-28T21:53:01.734655,0.00,13.06,658.60,79.99,0.00,150.32,672.46,2.04
2022-09-28T21:54:01.320967,0.00,13.06,658.60,79.99,0.00,150.58,682.28,2.06
2022-09-28T21:55:01.905752,0.00,12.52,658.60,79.99,0.00,150.62,683.94,2.06
2022-09-28T21:56:01.485291,0.00,12.67,658.60,79.99,0.00,150.62,690.67,2.06
2022-09-28T21:57:02.055256,0.00,13.10,658.60,79.99,0.00,150.24,688.41,2.06
2022-09-28T21:58:01.642431,0.00,12.52,658.60,79.99,0.00,150.11,685.05,2.04
2022-09-28T21:59:01.226806,7.00,12.85,658.60,79.99,0.00,149.89,691.80,2.05
2022-09-28T22:00:01.802430,0.00,13.06,658.60,79.99,0.00,149.72,690.67,2.04
2022-09-28T22:01:01.384061,0.00,13.06,658.60,79.99,0.00,149.72,690.67,2.04
2022-09-28T22:02:01.971108,0.00,13.10,658.60,79.99,0.00,149.85,690.10,2.04
2022-09-28T22:03:01.567929,0.00,13.15,658.60,79.99,0.00,149.72,688.97,2.04
2022-09-28T22:04:02.152461,0.00,13.33,658.60,79.99,0.00,149.85,687.85,2.03
2022-09-28T22:05:01.736794,0.00,13.06,658.60,79.99,0.00,149.59,691.80,2.03
2022-09-28T22:06:01.322249,0.00,13.06,658.60,79.99,0.00,149.50,694.08,2.03
2022-09-28T22:07:01.897469,0.00,13.42,658.60,79.99,0.00,149.55,695.79,2.03
2022-09-28T22:08:01.485842,0.00,13.10,658.60,79.99,0.00,149.55,694.08,2.03
2022-09-28T22:09:02.081781,0.00,13.50,658.60,79.99,0.00,149.33,693.51,2.02
2022-09-28T22:10:01.639806,0.00,12.36,658.60,79.99,0.00,147.26,646.49,1.91
2022-09-28T22:11:01.253810,0.00,13.06,658.60,79.99,0.00,148.86,701.57,2.02
2022-09-28T22:12:01.846096,0.00,13.33,658.60,79.99,0.00,148.99,704.49,2.02
2022-09-28T22:13:01.432419,0.00,13.24,658.60,79.99,0.00,148.91,708.03,2.02
2022-09-28T22:14:02.016464,0.00,13.06,658.60,79.99,0.00,148.86,705.67,2.02
2022-09-28T22:15:01.600152,0.00,13.15,658.60,79.99,0.00,148.65,706.85,2.01
2022-09-28T22:16:02.183759,0.00,13.46,658.60,79.99,0.00,148.82,706.85,2.01
2022-09-28T22:17:01.769549,0.00,13.33,658.60,79.99,0.00,148.78,705.67,2.01
2022-09-28T22:18:01.351100,1.00,13.46,658.60,79.99,0.00,148.65,707.44,2.01
2022-09-28T22:19:01.934534,0.00,13.46,658.60,79.99,0.00,147.80,703.32,2.00
2022-09-28T22:20:01.521766,0.00,13.06,658.60,79.99,0.00,148.35,705.08,2.00
2022-09-28T22:21:02.104100,0.00,13.15,658.60,79.99,0.00,148.61,702.74,2.00
2022-09-28T22:22:01.686477,0.00,13.24,658.60,79.99,0.00,148.48,702.74,2.00
2022-09-28T22:23:01.269449,0.00,13.50,658.60,79.99,0.00,148.27,708.03,2.00
2022-09-28T22:24:01.856540,0.00,13.50,658.60,79.99,0.00,148.52,709.22,1.98
2022-09-28T22:25:01.443593,0.00,13.50,658.60,79.99,0.00,148.35,712.20,1.99
2022-09-28T22:26:02.037480,0.00,13.50,658.60,79.99,0.00,148.18,708.03,1.99
2022-09-28T22:27:01.623611,0.00,13.50,658.60,79.99,0.00,148.23,715.21,1.99
2022-09-28T22:28:01.226763,0.00,13.50,658.60,79.99,0.00,147.89,713.40,1.98
2022-09-28T22:29:01.796467,0.00,13.33,658.60,79.99,0.00,147.97,718.84,1.99
2022-09-28T22:30:01.383441,0.00,13.50,658.60,79.99,0.00,148.02,717.02,1.98
2022-09-28T22:31:01.972555,0.00,13.42,658.60,79.99,0.00,147.51,708.03,1.97
2022-09-28T22:32:01.575835,0.00,13.50,658.60,79.99,0.00,147.59,715.81,1.98
2022-09-28T22:33:02.151781,0.00,13.50,658.60,79.99,0.00,147.85,726.84,1.97
2022-09-28T22:34:01.735328,0.00,13.50,658.60,79.99,0.00,147.76,729.34,1.98
2022-09-28T22:35:01.318791,0.00,13.50,658.60,79.99,0.00,147.55,726.84,1.97